2024-09-21 13:11:21.105 [info] Extension host with pid 1162 started
2024-09-21 13:11:21.117 [info] Lock '/home/eduardoabc_edurdo9/.codeoss/data/User/workspaceStorage/-30864ad/vscode.lock': Lock acquired.
2024-09-21 13:11:21.341 [info] ExtensionService#_doActivateExtension vscode.emmet, startup: false, activationEvent: 'onLanguage'
2024-09-21 13:11:22.343 [info] ExtensionService#_doActivateExtension vscode.git-base, startup: true, activationEvent: '*', root cause: vscode.git
2024-09-21 13:11:22.968 [info] ExtensionService#_doActivateExtension redhat.fabric8-analytics, startup: true, activationEvent: 'workspaceContains:**/package.json,**/pom.xml,**/go.mod,**/requirements.txt'
2024-09-21 13:11:23.859 [error] No bundle location found for extension redhat.fabric8-analytics
2024-09-21 13:11:24.153 [info] ExtensionService#_doActivateExtension vscode.git, startup: true, activationEvent: '*'
2024-09-21 13:11:24.154 [info] ExtensionService#_doActivateExtension vscode.github, startup: true, activationEvent: '*'
2024-09-21 13:11:26.360 [warning] Using default string since no string found in i18n bundle that has the key: Log level: {0}
2024-09-21 13:11:26.363 [warning] Using default string since no string found in i18n bundle that has the key: Validating found git in: "{0}"
2024-09-21 13:11:26.398 [warning] Using default string since no string found in i18n bundle that has the key: Using git "{0}" from "{1}"
2024-09-21 13:11:26.425 [info] Eager extensions activated
2024-09-21 13:11:26.425 [info] ExtensionService#_doActivateExtension EditorConfig.EditorConfig, startup: false, activationEvent: 'onStartupFinished'
2024-09-21 13:11:26.425 [info] ExtensionService#_doActivateExtension google.cloud-shell, startup: false, activationEvent: 'onStartupFinished'
2024-09-21 13:11:26.426 [info] ExtensionService#_doActivateExtension googlecloudtools.cloudcode, startup: false, activationEvent: 'onStartupFinished'
2024-09-21 13:11:26.426 [info] ExtensionService#_doActivateExtension vscode.debug-auto-launch, startup: false, activationEvent: 'onStartupFinished'
2024-09-21 13:11:26.427 [info] ExtensionService#_doActivateExtension vscode.merge-conflict, startup: false, activationEvent: 'onStartupFinished'
2024-09-21 13:11:27.851 [error] No bundle location found for extension google.cloud-shell
2024-09-21 13:11:28.190 [info] ExtensionService#_doActivateExtension vscode.json-language-features, startup: false, activationEvent: 'onLanguage:jsonc'
2024-09-21 13:11:28.191 [info] ExtensionService#_doActivateExtension vscode.typescript-language-features, startup: false, activationEvent: 'onLanguage:jsonc'
2024-09-21 13:11:28.194 [error] No bundle location found for extension googlecloudtools.cloudcode
2024-09-21 13:11:28.195 [error] No bundle location found for extension EditorConfig.EditorConfig
2024-09-21 13:16:00.804 [info] ExtensionService#_doActivateExtension golang.go, startup: false, activationEvent: 'onLanguage:go'
2024-09-21 13:16:02.528 [error] No bundle location found for extension golang.go
2024-09-21 13:36:41.188 [error] [golang.go] provider FAILED
2024-09-21 13:36:41.199 [error] Error: column is beyond end of line
    at handleResponse (/google/devshell/editor/code-oss-for-cloud-shell/extensions/golang.Go/dist/goMain.js:8606:40)
    at handleMessage (/google/devshell/editor/code-oss-for-cloud-shell/extensions/golang.Go/dist/goMain.js:8416:11)
    at processMessageQueue (/google/devshell/editor/code-oss-for-cloud-shell/extensions/golang.Go/dist/goMain.js:8431:13)
    at Immediate.<anonymous> (/google/devshell/editor/code-oss-for-cloud-shell/extensions/golang.Go/dist/goMain.js:8407:11)
    at processImmediate (node:internal/timers:476:21)
2024-09-21 13:44:06.493 [error] [golang.go] provider FAILED
2024-09-21 13:44:06.493 [error] Error: 5:2: illegal character U+0023 '#'
    at handleResponse (/google/devshell/editor/code-oss-for-cloud-shell/extensions/golang.Go/dist/goMain.js:8606:40)
    at handleMessage (/google/devshell/editor/code-oss-for-cloud-shell/extensions/golang.Go/dist/goMain.js:8416:11)
    at processMessageQueue (/google/devshell/editor/code-oss-for-cloud-shell/extensions/golang.Go/dist/goMain.js:8431:13)
    at Immediate.<anonymous> (/google/devshell/editor/code-oss-for-cloud-shell/extensions/golang.Go/dist/goMain.js:8407:11)
    at processImmediate (node:internal/timers:476:21)
2024-09-21 13:49:34.773 [error] [golang.go] provider FAILED
2024-09-21 13:49:34.774 [error] Error: context canceled
    at handleResponse (/google/devshell/editor/code-oss-for-cloud-shell/extensions/golang.Go/dist/goMain.js:8606:40)
    at handleMessage (/google/devshell/editor/code-oss-for-cloud-shell/extensions/golang.Go/dist/goMain.js:8416:11)
    at processMessageQueue (/google/devshell/editor/code-oss-for-cloud-shell/extensions/golang.Go/dist/goMain.js:8431:13)
    at Immediate.<anonymous> (/google/devshell/editor/code-oss-for-cloud-shell/extensions/golang.Go/dist/goMain.js:8407:11)
    at processImmediate (node:internal/timers:476:21)
2024-09-21 14:27:46.092 [info] ExtensionService#_doActivateExtension vscode.extension-editing, startup: false, activationEvent: 'onLanguage:markdown'
2024-09-21 14:27:46.092 [info] ExtensionService#_doActivateExtension vscode.markdown-language-features, startup: false, activationEvent: 'onLanguage:markdown'
2024-09-21 14:27:48.669 [warning] Using default string since no string found in i18n bundle that has the key: This activation event can be removed as Code OSS generates these automatically from your package.json contribution declarations.
2024-09-21 14:27:48.672 [warning] Using default string since no string found in i18n bundle that has the key: This proposal cannot be used because for this extension the product defines a fixed set of API proposals. You can test your extension but before publishing you MUST reach out to the Code OSS team.
2024-09-21 14:27:48.672 [warning] Using default string since no string found in i18n bundle that has the key: This activation event can be removed for extensions targeting engine version ^1.75 as Code OSS will generate these automatically from your package.json contribution declarations.
2024-09-21 14:27:50.429 [info] ExtensionService#_doActivateExtension vscode.markdown-math, startup: false, activationEvent: 'api', root cause: vscode.markdown-language-features
