2024-09-19 20:27:13.285 [info] Extension host with pid 1185 started
2024-09-19 20:27:13.308 [info] Lock '/home/eduardoabc_edurdo9/.codeoss/data/User/workspaceStorage/75fe83f9/vscode.lock': Lock acquired.
2024-09-19 20:27:13.544 [info] ExtensionService#_doActivateExtension vscode.emmet, startup: false, activationEvent: 'onLanguage'
2024-09-19 20:27:14.548 [info] ExtensionService#_doActivateExtension vscode.git-base, startup: true, activationEvent: '*', root cause: vscode.git
2024-09-19 20:27:15.276 [info] ExtensionService#_doActivateExtension redhat.fabric8-analytics, startup: true, activationEvent: 'workspaceContains:**/package.json,**/pom.xml,**/go.mod,**/requirements.txt'
2024-09-19 20:27:18.478 [error] No bundle location found for extension redhat.fabric8-analytics
2024-09-19 20:27:19.368 [info] ExtensionService#_doActivateExtension vscode.git, startup: true, activationEvent: '*'
2024-09-19 20:27:19.369 [info] ExtensionService#_doActivateExtension vscode.github, startup: true, activationEvent: '*'
2024-09-19 20:27:21.052 [warning] Using default string since no string found in i18n bundle that has the key: Log level: {0}
2024-09-19 20:27:21.055 [warning] Using default string since no string found in i18n bundle that has the key: Validating found git in: "{0}"
2024-09-19 20:27:21.091 [warning] Using default string since no string found in i18n bundle that has the key: Using git "{0}" from "{1}"
2024-09-19 20:27:21.110 [info] Eager extensions activated
2024-09-19 20:27:21.111 [info] ExtensionService#_doActivateExtension EditorConfig.EditorConfig, startup: false, activationEvent: 'onStartupFinished'
2024-09-19 20:27:21.111 [info] ExtensionService#_doActivateExtension google.cloud-shell, startup: false, activationEvent: 'onStartupFinished'
2024-09-19 20:27:21.112 [info] ExtensionService#_doActivateExtension googlecloudtools.cloudcode, startup: false, activationEvent: 'onStartupFinished'
2024-09-19 20:27:21.113 [info] ExtensionService#_doActivateExtension vscode.debug-auto-launch, startup: false, activationEvent: 'onStartupFinished'
2024-09-19 20:27:21.113 [info] ExtensionService#_doActivateExtension vscode.merge-conflict, startup: false, activationEvent: 'onStartupFinished'
2024-09-19 20:27:21.893 [error] No bundle location found for extension google.cloud-shell
2024-09-19 20:27:21.954 [error] No bundle location found for extension googlecloudtools.cloudcode
2024-09-19 20:27:24.508 [info] ExtensionService#_doActivateExtension vscode.json-language-features, startup: false, activationEvent: 'onLanguage:jsonc'
2024-09-19 20:27:24.509 [info] ExtensionService#_doActivateExtension vscode.typescript-language-features, startup: false, activationEvent: 'onLanguage:jsonc'
2024-09-19 20:27:24.510 [error] No bundle location found for extension EditorConfig.EditorConfig
2024-09-19 20:27:29.398 [info] ExtensionService#_doActivateExtension golang.go, startup: false, activationEvent: 'onLanguage:go'
2024-09-19 20:27:29.972 [error] No bundle location found for extension golang.go
2024-09-19 20:27:51.355 [info] Extension host terminating: received terminate message from renderer
2024-09-19 20:27:51.357 [info] Lock '/home/eduardoabc_edurdo9/.codeoss/data/User/workspaceStorage/75fe83f9/vscode.lock': Marking the lockfile as scheduled to be released in 6000 ms.
2024-09-19 20:27:51.445 [info] Extension host with pid 1185 exiting with code 0
