2024-09-19 16:29:12.458 [info] Log level: Info
2024-09-19 16:29:12.458 [info] Validating found git in: "git"
2024-09-19 16:29:12.458 [info] Using git "2.34.1" from "git"
2024-09-19 16:29:12.458 [info] > git rev-parse --show-toplevel [47ms]
2024-09-19 16:29:12.458 [info] fatal: not a git repository (or any parent up to mount point /)
Stopping at filesystem boundary (GIT_DISCOVERY_ACROSS_FILESYSTEM not set).
2024-09-19 16:29:12.458 [info] > git rev-parse --show-toplevel [2ms]
2024-09-19 16:29:12.458 [info] fatal: not a git repository (or any parent up to mount point /)
Stopping at filesystem boundary (GIT_DISCOVERY_ACROSS_FILESYSTEM not set).
2024-09-19 16:29:12.458 [info] > git rev-parse --show-toplevel [3ms]
2024-09-19 16:29:12.458 [info] fatal: not a git repository (or any parent up to mount point /)
Stopping at filesystem boundary (GIT_DISCOVERY_ACROSS_FILESYSTEM not set).
2024-09-19 16:29:12.458 [info] > git rev-parse --show-toplevel [3ms]
2024-09-19 16:29:12.458 [info] fatal: not a git repository (or any parent up to mount point /)
Stopping at filesystem boundary (GIT_DISCOVERY_ACROSS_FILESYSTEM not set).
2024-09-19 16:29:12.458 [info] > git rev-parse --show-toplevel [4ms]
2024-09-19 16:29:12.458 [info] fatal: not a git repository (or any parent up to mount point /)
Stopping at filesystem boundary (GIT_DISCOVERY_ACROSS_FILESYSTEM not set).
2024-09-19 16:29:12.460 [info] > git rev-parse --show-toplevel [2ms]
2024-09-19 16:29:12.460 [info] fatal: not a git repository (or any parent up to mount point /)
Stopping at filesystem boundary (GIT_DISCOVERY_ACROSS_FILESYSTEM not set).
2024-09-19 16:29:12.469 [info] > git rev-parse --show-toplevel [2ms]
2024-09-19 16:29:12.469 [info] fatal: not a git repository (or any parent up to mount point /)
Stopping at filesystem boundary (GIT_DISCOVERY_ACROSS_FILESYSTEM not set).
2024-09-19 16:29:12.479 [info] > git rev-parse --show-toplevel [2ms]
2024-09-19 16:29:12.479 [info] fatal: not a git repository (or any parent up to mount point /)
Stopping at filesystem boundary (GIT_DISCOVERY_ACROSS_FILESYSTEM not set).
2024-09-19 16:29:12.489 [info] > git rev-parse --show-toplevel [2ms]
2024-09-19 16:29:12.489 [info] fatal: not a git repository (or any parent up to mount point /)
Stopping at filesystem boundary (GIT_DISCOVERY_ACROSS_FILESYSTEM not set).
2024-09-19 16:31:33.583 [info] > git rev-parse --show-toplevel [43ms]
2024-09-19 16:31:33.583 [info] fatal: not a git repository (or any parent up to mount point /)
Stopping at filesystem boundary (GIT_DISCOVERY_ACROSS_FILESYSTEM not set).
2024-09-19 16:31:33.627 [info] > git rev-parse --show-toplevel [16ms]
2024-09-19 16:31:33.627 [info] fatal: not a git repository (or any parent up to mount point /)
Stopping at filesystem boundary (GIT_DISCOVERY_ACROSS_FILESYSTEM not set).
2024-09-19 16:40:13.126 [info] > git rev-parse --show-toplevel [16ms]
2024-09-19 16:40:13.126 [info] fatal: not a git repository (or any parent up to mount point /)
Stopping at filesystem boundary (GIT_DISCOVERY_ACROSS_FILESYSTEM not set).
2024-09-19 16:41:38.663 [info] > git rev-parse --show-toplevel [10ms]
2024-09-19 16:41:38.663 [info] fatal: not a git repository (or any parent up to mount point /)
Stopping at filesystem boundary (GIT_DISCOVERY_ACROSS_FILESYSTEM not set).
2024-09-19 16:44:04.433 [info] > git rev-parse --show-toplevel [6ms]
2024-09-19 16:44:04.434 [info] fatal: not a git repository (or any parent up to mount point /)
Stopping at filesystem boundary (GIT_DISCOVERY_ACROSS_FILESYSTEM not set).
2024-09-19 16:44:07.099 [info] > git rev-parse --show-toplevel [3ms]
2024-09-19 16:44:07.099 [info] fatal: not a git repository (or any parent up to mount point /)
Stopping at filesystem boundary (GIT_DISCOVERY_ACROSS_FILESYSTEM not set).
2024-09-19 16:46:21.644 [info] > git rev-parse --show-toplevel [4ms]
2024-09-19 16:46:21.644 [info] fatal: not a git repository (or any parent up to mount point /)
Stopping at filesystem boundary (GIT_DISCOVERY_ACROSS_FILESYSTEM not set).
2024-09-19 16:46:22.603 [info] > git rev-parse --show-toplevel [5ms]
2024-09-19 16:46:22.603 [info] fatal: not a git repository (or any parent up to mount point /)
Stopping at filesystem boundary (GIT_DISCOVERY_ACROSS_FILESYSTEM not set).
2024-09-19 16:46:23.195 [info] > git rev-parse --show-toplevel [3ms]
2024-09-19 16:46:23.195 [info] fatal: not a git repository (or any parent up to mount point /)
Stopping at filesystem boundary (GIT_DISCOVERY_ACROSS_FILESYSTEM not set).
2024-09-19 16:46:23.720 [info] > git rev-parse --show-toplevel [3ms]
2024-09-19 16:46:23.720 [info] fatal: not a git repository (or any parent up to mount point /)
Stopping at filesystem boundary (GIT_DISCOVERY_ACROSS_FILESYSTEM not set).
2024-09-19 16:46:26.798 [info] > git rev-parse --show-toplevel [4ms]
2024-09-19 16:46:26.798 [info] fatal: not a git repository (or any parent up to mount point /)
Stopping at filesystem boundary (GIT_DISCOVERY_ACROSS_FILESYSTEM not set).
2024-09-19 16:46:31.250 [info] > git rev-parse --show-toplevel [9ms]
2024-09-19 16:46:31.250 [info] fatal: not a git repository (or any parent up to mount point /)
Stopping at filesystem boundary (GIT_DISCOVERY_ACROSS_FILESYSTEM not set).
2024-09-19 16:55:14.353 [info] > git rev-parse --show-toplevel [4ms]
2024-09-19 16:55:14.353 [info] fatal: not a git repository (or any parent up to mount point /)
Stopping at filesystem boundary (GIT_DISCOVERY_ACROSS_FILESYSTEM not set).
2024-09-19 16:55:21.119 [info] > git rev-parse --show-toplevel [11ms]
2024-09-19 16:55:21.119 [info] fatal: not a git repository (or any parent up to mount point /)
Stopping at filesystem boundary (GIT_DISCOVERY_ACROSS_FILESYSTEM not set).
2024-09-19 16:55:27.747 [info] > git rev-parse --show-toplevel [4ms]
2024-09-19 16:55:27.747 [info] fatal: not a git repository (or any parent up to mount point /)
Stopping at filesystem boundary (GIT_DISCOVERY_ACROSS_FILESYSTEM not set).
2024-09-19 16:55:57.690 [info] > git rev-parse --show-toplevel [4ms]
2024-09-19 16:55:57.690 [info] fatal: not a git repository (or any parent up to mount point /)
Stopping at filesystem boundary (GIT_DISCOVERY_ACROSS_FILESYSTEM not set).
2024-09-19 16:58:02.231 [info] > git rev-parse --show-toplevel [5ms]
2024-09-19 16:58:02.231 [info] fatal: not a git repository (or any parent up to mount point /)
Stopping at filesystem boundary (GIT_DISCOVERY_ACROSS_FILESYSTEM not set).
2024-09-19 16:58:07.328 [info] > git rev-parse --show-toplevel [4ms]
2024-09-19 16:58:07.328 [info] fatal: not a git repository (or any parent up to mount point /)
Stopping at filesystem boundary (GIT_DISCOVERY_ACROSS_FILESYSTEM not set).
2024-09-19 16:59:03.338 [info] > git rev-parse --show-toplevel [4ms]
2024-09-19 16:59:03.338 [info] fatal: not a git repository (or any parent up to mount point /)
Stopping at filesystem boundary (GIT_DISCOVERY_ACROSS_FILESYSTEM not set).
2024-09-19 16:59:04.902 [info] > git rev-parse --show-toplevel [8ms]
2024-09-19 16:59:04.903 [info] fatal: not a git repository (or any parent up to mount point /)
Stopping at filesystem boundary (GIT_DISCOVERY_ACROSS_FILESYSTEM not set).
2024-09-19 16:59:09.064 [info] > git rev-parse --show-toplevel [6ms]
2024-09-19 16:59:09.065 [info] fatal: not a git repository (or any parent up to mount point /)
Stopping at filesystem boundary (GIT_DISCOVERY_ACROSS_FILESYSTEM not set).
2024-09-19 16:59:21.469 [info] > git rev-parse --show-toplevel [10ms]
2024-09-19 16:59:21.469 [info] fatal: not a git repository (or any parent up to mount point /)
Stopping at filesystem boundary (GIT_DISCOVERY_ACROSS_FILESYSTEM not set).
2024-09-19 16:59:22.947 [info] > git rev-parse --show-toplevel [4ms]
2024-09-19 16:59:22.948 [info] fatal: not a git repository (or any parent up to mount point /)
Stopping at filesystem boundary (GIT_DISCOVERY_ACROSS_FILESYSTEM not set).
2024-09-19 16:59:23.911 [info] > git rev-parse --show-toplevel [4ms]
2024-09-19 16:59:23.911 [info] fatal: not a git repository (or any parent up to mount point /)
Stopping at filesystem boundary (GIT_DISCOVERY_ACROSS_FILESYSTEM not set).
2024-09-19 17:00:07.392 [info] > git rev-parse --show-toplevel [4ms]
2024-09-19 17:00:07.392 [info] fatal: not a git repository (or any parent up to mount point /)
Stopping at filesystem boundary (GIT_DISCOVERY_ACROSS_FILESYSTEM not set).
2024-09-19 17:00:18.877 [info] > git rev-parse --show-toplevel [6ms]
2024-09-19 17:00:18.878 [info] fatal: not a git repository (or any parent up to mount point /)
Stopping at filesystem boundary (GIT_DISCOVERY_ACROSS_FILESYSTEM not set).
2024-09-19 17:00:24.791 [info] > git rev-parse --show-toplevel [3ms]
2024-09-19 17:00:24.791 [info] fatal: not a git repository (or any parent up to mount point /)
Stopping at filesystem boundary (GIT_DISCOVERY_ACROSS_FILESYSTEM not set).
2024-09-19 17:00:29.219 [info] > git rev-parse --show-toplevel [6ms]
2024-09-19 17:00:29.219 [info] fatal: not a git repository (or any parent up to mount point /)
Stopping at filesystem boundary (GIT_DISCOVERY_ACROSS_FILESYSTEM not set).
2024-09-19 17:00:32.559 [info] > git rev-parse --show-toplevel [8ms]
2024-09-19 17:00:32.559 [info] fatal: not a git repository (or any parent up to mount point /)
Stopping at filesystem boundary (GIT_DISCOVERY_ACROSS_FILESYSTEM not set).
2024-09-19 17:00:34.001 [info] > git rev-parse --show-toplevel [4ms]
2024-09-19 17:00:34.001 [info] fatal: not a git repository (or any parent up to mount point /)
Stopping at filesystem boundary (GIT_DISCOVERY_ACROSS_FILESYSTEM not set).
2024-09-19 17:00:38.776 [info] > git rev-parse --show-toplevel [6ms]
2024-09-19 17:00:38.776 [info] fatal: not a git repository (or any parent up to mount point /)
Stopping at filesystem boundary (GIT_DISCOVERY_ACROSS_FILESYSTEM not set).
