2024-09-19 16:32:37.487 [info] Running checks...
2024-09-19 16:32:37.487 [info] Starting linting the current package at /home/eduardoabc_edurdo9
2024-09-19 16:32:37.650 [info] /home/eduardoabc_edurdo9>Finished running tool: /google/gopath/bin/staticcheck
2024-09-19 16:32:37.650 [info] 
2024-09-19 16:32:38.485 [info] Running checks...
2024-09-19 16:32:38.485 [info] Starting linting the current package at /home/eduardoabc_edurdo9
2024-09-19 16:32:38.654 [info] /home/eduardoabc_edurdo9>Finished running tool: /google/gopath/bin/staticcheck
2024-09-19 16:32:38.654 [info] 
2024-09-19 16:32:48.366 [info] Running checks...
2024-09-19 16:32:48.366 [info] Starting linting the current package at /home/eduardoabc_edurdo9
2024-09-19 16:32:48.556 [info] /home/eduardoabc_edurdo9>Finished running tool: /google/gopath/bin/staticcheck
2024-09-19 16:32:48.557 [info] 
2024-09-19 16:33:00.814 [info] Running checks...
2024-09-19 16:33:00.814 [info] Starting linting the current package at /home/eduardoabc_edurdo9
2024-09-19 16:33:00.990 [info] /home/eduardoabc_edurdo9>Finished running tool: /google/gopath/bin/staticcheck
2024-09-19 16:33:00.990 [info] 
2024-09-19 16:33:02.352 [info] Running checks...
2024-09-19 16:33:02.352 [info] Starting linting the current package at /home/eduardoabc_edurdo9
2024-09-19 16:33:02.529 [info] /home/eduardoabc_edurdo9>Finished running tool: /google/gopath/bin/staticcheck
2024-09-19 16:33:02.529 [info] 
2024-09-19 16:33:05.426 [info] Running checks...
2024-09-19 16:33:05.427 [info] Starting linting the current package at /home/eduardoabc_edurdo9
2024-09-19 16:33:05.592 [info] /home/eduardoabc_edurdo9>Finished running tool: /google/gopath/bin/staticcheck
2024-09-19 16:33:05.592 [info] 
2024-09-19 16:33:52.213 [info] Running checks...
2024-09-19 16:33:52.214 [info] Starting linting the current package at /home/eduardoabc_edurdo9
2024-09-19 16:33:52.391 [info] /home/eduardoabc_edurdo9>Finished running tool: /google/gopath/bin/staticcheck
2024-09-19 16:33:52.392 [info] 
2024-09-19 16:33:52.926 [info] Running checks...
2024-09-19 16:33:52.926 [info] Starting linting the current package at /home/eduardoabc_edurdo9
2024-09-19 16:33:53.089 [info] /home/eduardoabc_edurdo9>Finished running tool: /google/gopath/bin/staticcheck
2024-09-19 16:33:53.090 [info] 
2024-09-19 16:33:57.539 [info] Running checks...
2024-09-19 16:33:57.540 [info] Starting linting the current package at /home/eduardoabc_edurdo9
2024-09-19 16:33:57.717 [info] /home/eduardoabc_edurdo9>Finished running tool: /google/gopath/bin/staticcheck
2024-09-19 16:33:57.717 [info] 
2024-09-19 16:34:15.803 [info] Running checks...
2024-09-19 16:34:15.804 [info] Starting linting the current package at /home/eduardoabc_edurdo9
2024-09-19 16:34:15.964 [info] /home/eduardoabc_edurdo9>Finished running tool: /google/gopath/bin/staticcheck
2024-09-19 16:34:15.964 [info] 
2024-09-19 16:34:17.546 [info] Running checks...
2024-09-19 16:34:17.546 [info] Starting linting the current package at /home/eduardoabc_edurdo9
2024-09-19 16:34:17.821 [info] /home/eduardoabc_edurdo9>Finished running tool: /google/gopath/bin/staticcheck
2024-09-19 16:34:17.821 [info] 
2024-09-19 16:34:36.629 [info] Running checks...
2024-09-19 16:34:36.629 [info] Starting linting the current package at /home/eduardoabc_edurdo9
2024-09-19 16:34:36.797 [info] /home/eduardoabc_edurdo9>Finished running tool: /google/gopath/bin/staticcheck
2024-09-19 16:34:36.797 [info] 
2024-09-19 16:34:45.069 [info] Running checks...
2024-09-19 16:34:45.070 [info] Starting linting the current package at /home/eduardoabc_edurdo9
2024-09-19 16:34:45.259 [info] /home/eduardoabc_edurdo9>Finished running tool: /google/gopath/bin/staticcheck
2024-09-19 16:34:45.259 [info] 
2024-09-19 16:35:32.288 [info] Running checks...
2024-09-19 16:35:32.288 [info] Starting linting the current package at /home/eduardoabc_edurdo9
2024-09-19 16:35:32.454 [info] /home/eduardoabc_edurdo9>Finished running tool: /google/gopath/bin/staticcheck
2024-09-19 16:35:32.454 [info] 
2024-09-19 16:35:33.060 [info] Running checks...
2024-09-19 16:35:33.060 [info] Starting linting the current package at /home/eduardoabc_edurdo9
2024-09-19 16:35:33.240 [info] /home/eduardoabc_edurdo9>Finished running tool: /google/gopath/bin/staticcheck
2024-09-19 16:35:33.240 [info] 
2024-09-19 16:35:46.353 [info] Running checks...
2024-09-19 16:35:46.353 [info] Starting linting the current package at /home/eduardoabc_edurdo9
2024-09-19 16:35:46.514 [info] /home/eduardoabc_edurdo9>Finished running tool: /google/gopath/bin/staticcheck
2024-09-19 16:35:46.515 [info] 
2024-09-19 16:35:48.114 [info] Running checks...
2024-09-19 16:35:48.114 [info] Starting linting the current package at /home/eduardoabc_edurdo9
2024-09-19 16:35:48.292 [info] /home/eduardoabc_edurdo9>Finished running tool: /google/gopath/bin/staticcheck
2024-09-19 16:35:48.292 [info] 
2024-09-19 16:35:50.047 [info] Running checks...
2024-09-19 16:35:50.047 [info] Starting linting the current package at /home/eduardoabc_edurdo9
2024-09-19 16:35:50.300 [info] /home/eduardoabc_edurdo9>Finished running tool: /google/gopath/bin/staticcheck
2024-09-19 16:35:50.300 [info] 
2024-09-19 16:36:40.091 [info] Running checks...
2024-09-19 16:36:40.091 [info] Starting linting the current package at /home/eduardoabc_edurdo9
2024-09-19 16:36:40.262 [info] /home/eduardoabc_edurdo9>Finished running tool: /google/gopath/bin/staticcheck
2024-09-19 16:36:40.262 [info] 
2024-09-19 16:36:40.807 [info] Running checks...
2024-09-19 16:36:40.807 [info] Starting linting the current package at /home/eduardoabc_edurdo9
2024-09-19 16:36:41.061 [info] /home/eduardoabc_edurdo9>Finished running tool: /google/gopath/bin/staticcheck
2024-09-19 16:36:41.061 [info] 
2024-09-19 16:36:44.718 [info] Running checks...
2024-09-19 16:36:44.718 [info] Starting linting the current package at /home/eduardoabc_edurdo9
2024-09-19 16:36:44.888 [info] /home/eduardoabc_edurdo9>Finished running tool: /google/gopath/bin/staticcheck
2024-09-19 16:36:44.888 [info] 
2024-09-19 16:37:27.418 [info] Running checks...
2024-09-19 16:37:27.419 [info] Starting linting the current package at /home/eduardoabc_edurdo9
2024-09-19 16:37:27.602 [info] /home/eduardoabc_edurdo9>Finished running tool: /google/gopath/bin/staticcheck
2024-09-19 16:37:27.602 [info] 
2024-09-19 16:38:49.884 [info] Running checks...
2024-09-19 16:38:49.885 [info] Starting linting the current package at /home/eduardoabc_edurdo9
2024-09-19 16:38:50.123 [info] /home/eduardoabc_edurdo9>Finished running tool: /google/gopath/bin/staticcheck
2024-09-19 16:38:50.123 [info] 
2024-09-19 16:39:02.039 [info] Running checks...
2024-09-19 16:39:02.040 [info] Starting linting the current package at /home/eduardoabc_edurdo9
2024-09-19 16:39:02.214 [info] /home/eduardoabc_edurdo9>Finished running tool: /google/gopath/bin/staticcheck
2024-09-19 16:39:02.215 [info] 
2024-09-19 16:39:09.645 [info] Running checks...
2024-09-19 16:39:09.645 [info] Starting linting the current package at /home/eduardoabc_edurdo9
2024-09-19 16:39:09.832 [info] /home/eduardoabc_edurdo9>Finished running tool: /google/gopath/bin/staticcheck
2024-09-19 16:39:09.832 [info] 
2024-09-19 16:39:16.052 [info] Running checks...
2024-09-19 16:39:16.052 [info] Starting linting the current package at /home/eduardoabc_edurdo9
2024-09-19 16:39:16.212 [info] /home/eduardoabc_edurdo9>Finished running tool: /google/gopath/bin/staticcheck
2024-09-19 16:39:16.212 [info] 
2024-09-19 16:39:23.718 [info] Running checks...
2024-09-19 16:39:23.719 [info] Starting linting the current package at /home/eduardoabc_edurdo9
2024-09-19 16:39:23.900 [info] /home/eduardoabc_edurdo9>Finished running tool: /google/gopath/bin/staticcheck
2024-09-19 16:39:23.900 [info] 
2024-09-19 16:39:39.002 [info] Running checks...
2024-09-19 16:39:39.003 [info] Starting linting the current package at /home/eduardoabc_edurdo9
2024-09-19 16:39:39.194 [info] /home/eduardoabc_edurdo9>Finished running tool: /google/gopath/bin/staticcheck
2024-09-19 16:39:39.194 [info] 
2024-09-19 16:39:41.350 [info] Running checks...
2024-09-19 16:39:41.350 [info] Starting linting the current package at /home/eduardoabc_edurdo9
2024-09-19 16:39:41.514 [info] /home/eduardoabc_edurdo9>Finished running tool: /google/gopath/bin/staticcheck
2024-09-19 16:39:41.514 [info] 
2024-09-19 16:39:45.255 [info] Running checks...
2024-09-19 16:39:45.255 [info] Starting linting the current package at /home/eduardoabc_edurdo9
2024-09-19 16:39:45.416 [info] /home/eduardoabc_edurdo9>Finished running tool: /google/gopath/bin/staticcheck
2024-09-19 16:39:45.416 [info] 
2024-09-19 16:39:48.801 [info] Running checks...
2024-09-19 16:39:48.801 [info] Starting linting the current package at /home/eduardoabc_edurdo9
2024-09-19 16:39:48.976 [info] /home/eduardoabc_edurdo9>Finished running tool: /google/gopath/bin/staticcheck
2024-09-19 16:39:48.976 [info] 
2024-09-19 16:39:54.243 [info] Running checks...
2024-09-19 16:39:54.243 [info] Starting linting the current package at /home/eduardoabc_edurdo9
2024-09-19 16:39:54.410 [info] /home/eduardoabc_edurdo9>Finished running tool: /google/gopath/bin/staticcheck
2024-09-19 16:39:54.411 [info] 
2024-09-19 16:40:00.711 [info] Running checks...
2024-09-19 16:40:00.711 [info] Starting linting the current package at /home/eduardoabc_edurdo9
2024-09-19 16:40:00.865 [info] /home/eduardoabc_edurdo9>Finished running tool: /google/gopath/bin/staticcheck
2024-09-19 16:40:00.865 [info] 
2024-09-19 16:42:02.273 [info] Running checks...
2024-09-19 16:42:02.273 [info] Starting linting the current package at /home/eduardoabc_edurdo9
2024-09-19 16:42:02.438 [info] /home/eduardoabc_edurdo9>Finished running tool: /google/gopath/bin/staticcheck
2024-09-19 16:42:02.439 [info] 
2024-09-19 16:42:04.730 [info] Running checks...
2024-09-19 16:42:04.730 [info] Starting linting the current package at /home/eduardoabc_edurdo9
2024-09-19 16:42:04.890 [info] /home/eduardoabc_edurdo9>Finished running tool: /google/gopath/bin/staticcheck
2024-09-19 16:42:04.890 [info] 
2024-09-19 16:42:12.246 [info] Running checks...
2024-09-19 16:42:12.247 [info] Starting linting the current package at /home/eduardoabc_edurdo9
2024-09-19 16:42:12.413 [info] /home/eduardoabc_edurdo9>Finished running tool: /google/gopath/bin/staticcheck
2024-09-19 16:42:12.413 [info] 
2024-09-19 16:42:15.373 [info] Running checks...
2024-09-19 16:42:15.374 [info] Starting linting the current package at /home/eduardoabc_edurdo9
2024-09-19 16:42:15.553 [info] /home/eduardoabc_edurdo9>Finished running tool: /google/gopath/bin/staticcheck
2024-09-19 16:42:15.553 [info] 
2024-09-19 16:42:17.284 [info] Running checks...
2024-09-19 16:42:17.284 [info] Starting linting the current package at /home/eduardoabc_edurdo9
2024-09-19 16:42:17.435 [info] /home/eduardoabc_edurdo9>Finished running tool: /google/gopath/bin/staticcheck
2024-09-19 16:42:17.436 [info] 
2024-09-19 16:42:24.895 [info] Running checks...
2024-09-19 16:42:24.895 [info] Starting linting the current package at /home/eduardoabc_edurdo9
2024-09-19 16:42:25.069 [info] /home/eduardoabc_edurdo9>Finished running tool: /google/gopath/bin/staticcheck
2024-09-19 16:42:25.069 [info] 
2024-09-19 16:42:39.756 [info] Running checks...
2024-09-19 16:42:39.756 [info] Starting linting the current package at /home/eduardoabc_edurdo9
2024-09-19 16:42:39.936 [info] /home/eduardoabc_edurdo9>Finished running tool: /google/gopath/bin/staticcheck
2024-09-19 16:42:39.937 [info] 
2024-09-19 16:42:47.712 [info] Running checks...
2024-09-19 16:42:47.712 [info] Starting linting the current package at /home/eduardoabc_edurdo9
2024-09-19 16:42:47.875 [info] /home/eduardoabc_edurdo9>Finished running tool: /google/gopath/bin/staticcheck
2024-09-19 16:42:47.876 [info] 
2024-09-19 16:42:50.579 [info] Running checks...
2024-09-19 16:42:50.580 [info] Starting linting the current package at /home/eduardoabc_edurdo9
2024-09-19 16:42:50.753 [info] /home/eduardoabc_edurdo9>Finished running tool: /google/gopath/bin/staticcheck
2024-09-19 16:42:50.754 [info] 
2024-09-19 16:44:24.520 [info] Running checks...
2024-09-19 16:44:24.520 [info] Starting linting the current package at /home/eduardoabc_edurdo9
2024-09-19 16:44:24.702 [info] /home/eduardoabc_edurdo9>Finished running tool: /google/gopath/bin/staticcheck
2024-09-19 16:44:24.702 [info] 
2024-09-19 16:44:26.393 [info] Running checks...
2024-09-19 16:44:26.393 [info] Starting linting the current package at /home/eduardoabc_edurdo9
2024-09-19 16:44:26.548 [info] /home/eduardoabc_edurdo9>Finished running tool: /google/gopath/bin/staticcheck
2024-09-19 16:44:26.548 [info] 
2024-09-19 16:44:33.432 [info] Running checks...
2024-09-19 16:44:33.433 [info] Starting linting the current package at /home/eduardoabc_edurdo9
2024-09-19 16:44:33.596 [info] /home/eduardoabc_edurdo9>Finished running tool: /google/gopath/bin/staticcheck
2024-09-19 16:44:33.597 [info] 
2024-09-19 16:44:35.675 [info] Running checks...
2024-09-19 16:44:35.676 [info] Starting linting the current package at /home/eduardoabc_edurdo9
2024-09-19 16:44:35.830 [info] /home/eduardoabc_edurdo9>Finished running tool: /google/gopath/bin/staticcheck
2024-09-19 16:44:35.830 [info] 
2024-09-19 16:45:16.422 [info] Running checks...
2024-09-19 16:45:16.423 [info] Starting linting the current package at /home/eduardoabc_edurdo9
2024-09-19 16:45:16.603 [info] /home/eduardoabc_edurdo9>Finished running tool: /google/gopath/bin/staticcheck
2024-09-19 16:45:16.603 [info] 
2024-09-19 16:46:45.231 [info] Running checks...
2024-09-19 16:46:45.231 [info] Starting linting the current package at /home/eduardoabc_edurdo9
2024-09-19 16:46:45.399 [info] /home/eduardoabc_edurdo9>Finished running tool: /google/gopath/bin/staticcheck
2024-09-19 16:46:45.399 [info] 
2024-09-19 16:46:47.133 [info] Running checks...
2024-09-19 16:46:47.134 [info] Starting linting the current package at /home/eduardoabc_edurdo9
2024-09-19 16:46:47.306 [info] /home/eduardoabc_edurdo9>Finished running tool: /google/gopath/bin/staticcheck
2024-09-19 16:46:47.306 [info] 
2024-09-19 16:48:23.770 [info] Running checks...
2024-09-19 16:48:23.770 [info] Starting linting the current package at /home/eduardoabc_edurdo9
2024-09-19 16:48:23.942 [info] /home/eduardoabc_edurdo9>Finished running tool: /google/gopath/bin/staticcheck
2024-09-19 16:48:23.942 [info] 
2024-09-19 16:48:37.944 [info] Running checks...
2024-09-19 16:48:37.944 [info] Starting linting the current package at /home/eduardoabc_edurdo9
2024-09-19 16:48:38.122 [info] /home/eduardoabc_edurdo9>Finished running tool: /google/gopath/bin/staticcheck
2024-09-19 16:48:38.122 [info] 
2024-09-19 16:48:44.440 [info] Running checks...
2024-09-19 16:48:44.440 [info] Starting linting the current package at /home/eduardoabc_edurdo9
2024-09-19 16:48:44.617 [info] /home/eduardoabc_edurdo9>Finished running tool: /google/gopath/bin/staticcheck
2024-09-19 16:48:44.617 [info] 
2024-09-19 16:48:47.312 [info] Running checks...
2024-09-19 16:48:47.312 [info] Starting linting the current package at /home/eduardoabc_edurdo9
2024-09-19 16:48:47.484 [info] /home/eduardoabc_edurdo9>Finished running tool: /google/gopath/bin/staticcheck
2024-09-19 16:48:47.484 [info] 
2024-09-19 16:55:31.245 [info] Running checks...
2024-09-19 16:55:31.245 [info] Starting linting the current package at /home/eduardoabc_edurdo9
2024-09-19 16:55:31.410 [info] /home/eduardoabc_edurdo9>Finished running tool: /google/gopath/bin/staticcheck
2024-09-19 16:55:31.410 [info] 
2024-09-19 16:55:35.293 [info] Running checks...
2024-09-19 16:55:35.293 [info] Starting linting the current package at /home/eduardoabc_edurdo9
2024-09-19 16:55:35.467 [info] /home/eduardoabc_edurdo9>Finished running tool: /google/gopath/bin/staticcheck
2024-09-19 16:55:35.467 [info] 
2024-09-19 16:55:40.413 [info] Running checks...
2024-09-19 16:55:40.413 [info] Starting linting the current package at /home/eduardoabc_edurdo9
2024-09-19 16:55:40.620 [info] /home/eduardoabc_edurdo9>Finished running tool: /google/gopath/bin/staticcheck
2024-09-19 16:55:40.620 [info] 
2024-09-19 16:55:41.831 [info] Running checks...
2024-09-19 16:55:41.831 [info] Starting linting the current package at /home/eduardoabc_edurdo9
2024-09-19 16:55:41.988 [info] /home/eduardoabc_edurdo9>Finished running tool: /google/gopath/bin/staticcheck
2024-09-19 16:55:41.988 [info] 
2024-09-19 16:55:43.338 [info] Running checks...
2024-09-19 16:55:43.338 [info] Starting linting the current package at /home/eduardoabc_edurdo9
2024-09-19 16:55:43.506 [info] /home/eduardoabc_edurdo9>Finished running tool: /google/gopath/bin/staticcheck
2024-09-19 16:55:43.506 [info] 
2024-09-19 16:55:49.966 [info] Running checks...
2024-09-19 16:55:49.966 [info] Starting linting the current package at /home/eduardoabc_edurdo9
2024-09-19 16:55:50.179 [info] /home/eduardoabc_edurdo9>Finished running tool: /google/gopath/bin/staticcheck
2024-09-19 16:55:50.179 [info] 
2024-09-19 16:55:52.578 [info] Running checks...
2024-09-19 16:55:52.579 [info] Starting linting the current package at /home/eduardoabc_edurdo9
2024-09-19 16:55:52.741 [info] /home/eduardoabc_edurdo9>Finished running tool: /google/gopath/bin/staticcheck
2024-09-19 16:55:52.741 [info] 
2024-09-19 16:56:04.751 [info] Running checks...
2024-09-19 16:56:04.751 [info] Starting linting the current package at /home/eduardoabc_edurdo9/gopath
2024-09-19 16:56:04.898 [info] /home/eduardoabc_edurdo9/gopath>Finished running tool: /google/gopath/bin/staticcheck
2024-09-19 16:56:04.898 [info] 
2024-09-19 16:56:10.912 [info] Running checks...
2024-09-19 16:56:10.912 [info] Starting linting the current package at /home/eduardoabc_edurdo9/gopath
2024-09-19 16:56:11.064 [info] /home/eduardoabc_edurdo9/gopath>Finished running tool: /google/gopath/bin/staticcheck
2024-09-19 16:56:11.064 [info] 
2024-09-19 16:56:17.413 [info] Running checks...
2024-09-19 16:56:17.413 [info] Starting linting the current package at /home/eduardoabc_edurdo9/gopath
2024-09-19 16:56:17.596 [info] /home/eduardoabc_edurdo9/gopath>Finished running tool: /google/gopath/bin/staticcheck
2024-09-19 16:56:17.596 [info] 
2024-09-19 16:56:23.549 [info] Running checks...
2024-09-19 16:56:23.550 [info] Starting linting the current package at /home/eduardoabc_edurdo9/gopath
2024-09-19 16:56:23.718 [info] /home/eduardoabc_edurdo9/gopath>Finished running tool: /google/gopath/bin/staticcheck
2024-09-19 16:56:23.718 [info] 
2024-09-19 16:56:25.182 [info] Running checks...
2024-09-19 16:56:25.182 [info] Starting linting the current package at /home/eduardoabc_edurdo9/gopath
2024-09-19 16:56:25.338 [info] /home/eduardoabc_edurdo9/gopath>Finished running tool: /google/gopath/bin/staticcheck
2024-09-19 16:56:25.338 [info] 
2024-09-19 16:56:31.174 [info] Running checks...
2024-09-19 16:56:31.174 [info] Starting linting the current package at /home/eduardoabc_edurdo9/gopath
2024-09-19 16:56:31.339 [info] /home/eduardoabc_edurdo9/gopath>Finished running tool: /google/gopath/bin/staticcheck
2024-09-19 16:56:31.339 [info] 
2024-09-19 16:56:33.622 [info] Running checks...
2024-09-19 16:56:33.622 [info] Starting linting the current package at /home/eduardoabc_edurdo9/gopath
2024-09-19 16:56:33.786 [info] /home/eduardoabc_edurdo9/gopath>Finished running tool: /google/gopath/bin/staticcheck
2024-09-19 16:56:33.786 [info] 
2024-09-19 16:56:54.113 [info] Running checks...
2024-09-19 16:56:54.113 [info] Starting linting the current package at /home/eduardoabc_edurdo9/gopath
2024-09-19 16:56:54.283 [info] /home/eduardoabc_edurdo9/gopath>Finished running tool: /google/gopath/bin/staticcheck
2024-09-19 16:56:54.283 [info] 
2024-09-19 16:56:58.495 [info] Running checks...
2024-09-19 16:56:58.496 [info] Starting linting the current package at /home/eduardoabc_edurdo9/gopath
2024-09-19 16:56:58.666 [info] /home/eduardoabc_edurdo9/gopath>Finished running tool: /google/gopath/bin/staticcheck
2024-09-19 16:56:58.667 [info] 
2024-09-19 16:57:49.643 [info] Running checks...
2024-09-19 16:57:49.643 [info] Starting linting the current package at /home/eduardoabc_edurdo9/gopath
2024-09-19 16:57:49.804 [info] /home/eduardoabc_edurdo9/gopath>Finished running tool: /google/gopath/bin/staticcheck
2024-09-19 16:57:49.804 [info] 
2024-09-19 16:58:07.046 [info] Running checks...
2024-09-19 16:58:07.046 [info] Starting linting the current package at /home/eduardoabc_edurdo9
2024-09-19 16:58:07.216 [info] /home/eduardoabc_edurdo9>Finished running tool: /google/gopath/bin/staticcheck
2024-09-19 16:58:07.216 [info] 
2024-09-19 16:58:12.141 [info] Running checks...
2024-09-19 16:58:12.141 [info] Starting linting the current package at /home/eduardoabc_edurdo9/gopath
2024-09-19 16:58:12.329 [info] /home/eduardoabc_edurdo9/gopath>Finished running tool: /google/gopath/bin/staticcheck
2024-09-19 16:58:12.330 [info] 
2024-09-19 16:58:15.742 [info] Running checks...
2024-09-19 16:58:15.742 [info] Starting linting the current package at /home/eduardoabc_edurdo9/gopath
2024-09-19 16:58:15.911 [info] /home/eduardoabc_edurdo9/gopath>Finished running tool: /google/gopath/bin/staticcheck
2024-09-19 16:58:15.911 [info] 
2024-09-19 16:58:23.157 [info] Running checks...
2024-09-19 16:58:23.157 [info] Starting linting the current package at /home/eduardoabc_edurdo9/gopath
2024-09-19 16:58:23.313 [info] /home/eduardoabc_edurdo9/gopath>Finished running tool: /google/gopath/bin/staticcheck
2024-09-19 16:58:23.313 [info] 
2024-09-19 16:58:51.090 [info] Running checks...
2024-09-19 16:58:51.090 [info] Starting linting the current package at /home/eduardoabc_edurdo9/gopath
2024-09-19 16:58:51.334 [info] /home/eduardoabc_edurdo9/gopath>Finished running tool: /google/gopath/bin/staticcheck
2024-09-19 16:58:51.334 [info] 
2024-09-19 16:58:52.911 [info] Running checks...
2024-09-19 16:58:52.911 [info] Starting linting the current package at /home/eduardoabc_edurdo9/gopath
2024-09-19 16:58:53.092 [info] /home/eduardoabc_edurdo9/gopath>Finished running tool: /google/gopath/bin/staticcheck
2024-09-19 16:58:53.092 [info] 
2024-09-19 16:58:57.192 [info] Running checks...
2024-09-19 16:58:57.193 [info] Starting linting the current package at /home/eduardoabc_edurdo9/gopath
2024-09-19 16:58:57.401 [info] /home/eduardoabc_edurdo9/gopath>Finished running tool: /google/gopath/bin/staticcheck
2024-09-19 16:58:57.401 [info] 
2024-09-19 16:58:59.440 [info] Running checks...
2024-09-19 16:58:59.440 [info] Starting linting the current package at /home/eduardoabc_edurdo9/gopath
2024-09-19 16:58:59.608 [info] /home/eduardoabc_edurdo9/gopath>Finished running tool: /google/gopath/bin/staticcheck
2024-09-19 16:58:59.608 [info] 
2024-09-19 16:59:26.819 [info] Running checks...
2024-09-19 16:59:26.819 [info] Starting linting the current package at /home/eduardoabc_edurdo9
2024-09-19 16:59:26.974 [info] /home/eduardoabc_edurdo9>Finished running tool: /google/gopath/bin/staticcheck
2024-09-19 16:59:26.975 [info] 
2024-09-19 16:59:29.785 [info] Running checks...
2024-09-19 16:59:29.785 [info] Starting linting the current package at /home/eduardoabc_edurdo9
2024-09-19 16:59:29.984 [info] /home/eduardoabc_edurdo9>Finished running tool: /google/gopath/bin/staticcheck
2024-09-19 16:59:29.984 [info] 
2024-09-19 16:59:35.391 [info] Running checks...
2024-09-19 16:59:35.391 [info] Starting linting the current package at /home/eduardoabc_edurdo9
2024-09-19 16:59:35.559 [info] /home/eduardoabc_edurdo9>Finished running tool: /google/gopath/bin/staticcheck
2024-09-19 16:59:35.559 [info] 
2024-09-19 16:59:40.442 [info] Running checks...
2024-09-19 16:59:40.442 [info] Starting linting the current package at /home/eduardoabc_edurdo9
2024-09-19 16:59:40.615 [info] /home/eduardoabc_edurdo9>Finished running tool: /google/gopath/bin/staticcheck
2024-09-19 16:59:40.616 [info] 
2024-09-19 16:59:42.156 [info] Running checks...
2024-09-19 16:59:42.156 [info] Starting linting the current package at /home/eduardoabc_edurdo9
2024-09-19 16:59:42.323 [info] /home/eduardoabc_edurdo9>Finished running tool: /google/gopath/bin/staticcheck
2024-09-19 16:59:42.324 [info] 
2024-09-19 16:59:46.908 [info] Running checks...
2024-09-19 16:59:46.908 [info] Starting linting the current package at /home/eduardoabc_edurdo9
2024-09-19 16:59:47.070 [info] /home/eduardoabc_edurdo9>Finished running tool: /google/gopath/bin/staticcheck
2024-09-19 16:59:47.070 [info] 
2024-09-19 16:59:49.651 [info] Running checks...
2024-09-19 16:59:49.652 [info] Starting linting the current package at /home/eduardoabc_edurdo9
2024-09-19 16:59:49.819 [info] /home/eduardoabc_edurdo9>Finished running tool: /google/gopath/bin/staticcheck
2024-09-19 16:59:49.819 [info] 
2024-09-19 16:59:51.532 [info] Running checks...
2024-09-19 16:59:51.532 [info] Starting linting the current package at /home/eduardoabc_edurdo9
2024-09-19 16:59:51.708 [info] /home/eduardoabc_edurdo9>Finished running tool: /google/gopath/bin/staticcheck
2024-09-19 16:59:51.708 [info] 
2024-09-19 16:59:54.727 [info] Running checks...
2024-09-19 16:59:54.727 [info] Starting linting the current package at /home/eduardoabc_edurdo9
2024-09-19 16:59:54.874 [info] /home/eduardoabc_edurdo9>Finished running tool: /google/gopath/bin/staticcheck
2024-09-19 16:59:54.875 [info] 
2024-09-19 16:59:56.180 [info] Running checks...
2024-09-19 16:59:56.180 [info] Starting linting the current package at /home/eduardoabc_edurdo9
2024-09-19 16:59:56.340 [info] /home/eduardoabc_edurdo9>Finished running tool: /google/gopath/bin/staticcheck
2024-09-19 16:59:56.340 [info] 
2024-09-19 17:00:03.061 [info] Running checks...
2024-09-19 17:00:03.061 [info] Starting linting the current package at /home/eduardoabc_edurdo9
2024-09-19 17:00:03.280 [info] /home/eduardoabc_edurdo9>Finished running tool: /google/gopath/bin/staticcheck
2024-09-19 17:00:03.280 [info] 
2024-09-19 17:00:11.516 [info] Running checks...
2024-09-19 17:00:11.516 [info] Starting linting the current package at /home/eduardoabc_edurdo9
2024-09-19 17:00:11.689 [info] /home/eduardoabc_edurdo9>Finished running tool: /google/gopath/bin/staticcheck
2024-09-19 17:00:11.690 [info] 
2024-09-19 17:00:49.836 [info] Running checks...
2024-09-19 17:00:49.836 [info] Starting linting the current package at /home/eduardoabc_edurdo9
2024-09-19 17:00:50.079 [info] /home/eduardoabc_edurdo9>Finished running tool: /google/gopath/bin/staticcheck
2024-09-19 17:00:50.079 [info] 
2024-09-19 17:00:52.337 [info] Running checks...
2024-09-19 17:00:52.338 [info] Starting linting the current package at /home/eduardoabc_edurdo9
2024-09-19 17:00:52.522 [info] /home/eduardoabc_edurdo9>Finished running tool: /google/gopath/bin/staticcheck
2024-09-19 17:00:52.522 [info] 
2024-09-19 17:00:56.367 [info] Running checks...
2024-09-19 17:00:56.368 [info] Starting linting the current package at /home/eduardoabc_edurdo9
2024-09-19 17:00:56.534 [info] /home/eduardoabc_edurdo9>Finished running tool: /google/gopath/bin/staticcheck
2024-09-19 17:00:56.534 [info] 
2024-09-19 17:01:01.036 [info] Running checks...
2024-09-19 17:01:01.036 [info] Starting linting the current package at /home/eduardoabc_edurdo9
2024-09-19 17:01:01.188 [info] /home/eduardoabc_edurdo9>Finished running tool: /google/gopath/bin/staticcheck
2024-09-19 17:01:01.189 [info] 
2024-09-19 17:01:05.798 [info] Running checks...
2024-09-19 17:01:05.798 [info] Starting linting the current package at /home/eduardoabc_edurdo9
2024-09-19 17:01:05.975 [info] /home/eduardoabc_edurdo9>Finished running tool: /google/gopath/bin/staticcheck
2024-09-19 17:01:05.976 [info] 
2024-09-19 17:01:07.429 [info] Running checks...
2024-09-19 17:01:07.429 [info] Starting linting the current package at /home/eduardoabc_edurdo9
2024-09-19 17:01:07.591 [info] /home/eduardoabc_edurdo9>Finished running tool: /google/gopath/bin/staticcheck
2024-09-19 17:01:07.591 [info] 
2024-09-19 17:01:10.368 [info] Running checks...
2024-09-19 17:01:10.368 [info] Starting linting the current package at /home/eduardoabc_edurdo9
2024-09-19 17:01:10.534 [info] /home/eduardoabc_edurdo9>Finished running tool: /google/gopath/bin/staticcheck
2024-09-19 17:01:10.534 [info] 
2024-09-19 17:01:20.982 [info] Running checks...
2024-09-19 17:01:20.982 [info] Starting linting the current package at /home/eduardoabc_edurdo9
2024-09-19 17:01:21.155 [info] /home/eduardoabc_edurdo9>Finished running tool: /google/gopath/bin/staticcheck
2024-09-19 17:01:21.155 [info] 
2024-09-19 17:01:22.860 [info] Running checks...
2024-09-19 17:01:22.860 [info] Starting linting the current package at /home/eduardoabc_edurdo9
2024-09-19 17:01:23.031 [info] /home/eduardoabc_edurdo9>Finished running tool: /google/gopath/bin/staticcheck
2024-09-19 17:01:23.031 [info] 
2024-09-19 17:01:26.657 [info] Running checks...
2024-09-19 17:01:26.658 [info] Starting linting the current package at /home/eduardoabc_edurdo9
2024-09-19 17:01:26.813 [info] /home/eduardoabc_edurdo9>Finished running tool: /google/gopath/bin/staticcheck
2024-09-19 17:01:26.813 [info] 
2024-09-19 17:01:31.147 [info] Running checks...
2024-09-19 17:01:31.147 [info] Starting linting the current package at /home/eduardoabc_edurdo9
2024-09-19 17:01:31.331 [info] /home/eduardoabc_edurdo9>Finished running tool: /google/gopath/bin/staticcheck
2024-09-19 17:01:31.331 [info] 
2024-09-19 17:01:37.019 [info] Running checks...
2024-09-19 17:01:37.019 [info] Starting linting the current package at /home/eduardoabc_edurdo9
2024-09-19 17:01:37.191 [info] /home/eduardoabc_edurdo9>Finished running tool: /google/gopath/bin/staticcheck
2024-09-19 17:01:37.191 [info] 
2024-09-19 17:01:49.364 [info] Running checks...
2024-09-19 17:01:49.365 [info] Starting linting the current package at /home/eduardoabc_edurdo9
2024-09-19 17:01:49.575 [info] /home/eduardoabc_edurdo9>Finished running tool: /google/gopath/bin/staticcheck
2024-09-19 17:01:49.575 [info] 
2024-09-19 17:01:50.979 [info] Running checks...
2024-09-19 17:01:50.979 [info] Starting linting the current package at /home/eduardoabc_edurdo9
2024-09-19 17:01:51.159 [info] /home/eduardoabc_edurdo9>Finished running tool: /google/gopath/bin/staticcheck
2024-09-19 17:01:51.159 [info] 
2024-09-19 17:01:55.521 [info] Running checks...
2024-09-19 17:01:55.521 [info] Starting linting the current package at /home/eduardoabc_edurdo9
2024-09-19 17:01:55.694 [info] /home/eduardoabc_edurdo9>Finished running tool: /google/gopath/bin/staticcheck
2024-09-19 17:01:55.694 [info] 
2024-09-19 17:02:06.721 [info] Running checks...
2024-09-19 17:02:06.721 [info] Starting linting the current package at /home/eduardoabc_edurdo9
2024-09-19 17:02:06.890 [info] /home/eduardoabc_edurdo9>Finished running tool: /google/gopath/bin/staticcheck
2024-09-19 17:02:06.890 [info] 
2024-09-19 17:02:08.223 [info] Running checks...
2024-09-19 17:02:08.223 [info] Starting linting the current package at /home/eduardoabc_edurdo9
2024-09-19 17:02:08.395 [info] /home/eduardoabc_edurdo9>Finished running tool: /google/gopath/bin/staticcheck
2024-09-19 17:02:08.395 [info] 
2024-09-19 17:02:11.419 [info] Running checks...
2024-09-19 17:02:11.419 [info] Starting linting the current package at /home/eduardoabc_edurdo9
2024-09-19 17:02:11.592 [info] /home/eduardoabc_edurdo9>Finished running tool: /google/gopath/bin/staticcheck
2024-09-19 17:02:11.592 [info] 
2024-09-19 17:02:15.566 [info] Running checks...
2024-09-19 17:02:15.567 [info] Starting linting the current package at /home/eduardoabc_edurdo9
2024-09-19 17:02:15.739 [info] /home/eduardoabc_edurdo9>Finished running tool: /google/gopath/bin/staticcheck
2024-09-19 17:02:15.739 [info] 
2024-09-19 17:02:18.562 [info] Running checks...
2024-09-19 17:02:18.562 [info] Starting linting the current package at /home/eduardoabc_edurdo9
2024-09-19 17:02:18.725 [info] /home/eduardoabc_edurdo9>Finished running tool: /google/gopath/bin/staticcheck
2024-09-19 17:02:18.726 [info] 
2024-09-19 17:02:22.185 [info] Running checks...
2024-09-19 17:02:22.186 [info] Starting linting the current package at /home/eduardoabc_edurdo9
2024-09-19 17:02:22.366 [info] /home/eduardoabc_edurdo9>Finished running tool: /google/gopath/bin/staticcheck
2024-09-19 17:02:22.367 [info] 
2024-09-19 17:03:10.506 [info] Running checks...
2024-09-19 17:03:10.507 [info] Starting linting the current package at /home/eduardoabc_edurdo9
2024-09-19 17:03:10.678 [info] /home/eduardoabc_edurdo9>Finished running tool: /google/gopath/bin/staticcheck
2024-09-19 17:03:10.678 [info] 
2024-09-19 17:03:25.062 [info] Running checks...
2024-09-19 17:03:25.062 [info] Starting linting the current package at /home/eduardoabc_edurdo9
2024-09-19 17:03:25.246 [info] /home/eduardoabc_edurdo9>Finished running tool: /google/gopath/bin/staticcheck
2024-09-19 17:03:25.246 [info] 
2024-09-19 17:03:33.453 [info] Running checks...
2024-09-19 17:03:33.453 [info] Starting linting the current package at /home/eduardoabc_edurdo9
2024-09-19 17:03:33.618 [info] /home/eduardoabc_edurdo9>Finished running tool: /google/gopath/bin/staticcheck
2024-09-19 17:03:33.618 [info] 
2024-09-19 17:03:39.670 [info] Running checks...
2024-09-19 17:03:39.671 [info] Starting linting the current package at /home/eduardoabc_edurdo9
2024-09-19 17:03:39.823 [info] /home/eduardoabc_edurdo9>Finished running tool: /google/gopath/bin/staticcheck
2024-09-19 17:03:39.823 [info] 
2024-09-19 17:03:42.154 [info] Running checks...
2024-09-19 17:03:42.154 [info] Starting linting the current package at /home/eduardoabc_edurdo9
2024-09-19 17:03:42.306 [info] /home/eduardoabc_edurdo9>Finished running tool: /google/gopath/bin/staticcheck
2024-09-19 17:03:42.306 [info] 
2024-09-19 17:03:43.631 [info] Running checks...
2024-09-19 17:03:43.631 [info] Starting linting the current package at /home/eduardoabc_edurdo9
2024-09-19 17:03:43.799 [info] /home/eduardoabc_edurdo9>Finished running tool: /google/gopath/bin/staticcheck
2024-09-19 17:03:43.799 [info] 
2024-09-19 17:03:55.194 [info] Running checks...
2024-09-19 17:03:55.194 [info] Starting linting the current package at /home/eduardoabc_edurdo9
2024-09-19 17:03:55.369 [info] /home/eduardoabc_edurdo9>Finished running tool: /google/gopath/bin/staticcheck
2024-09-19 17:03:55.369 [info] 
2024-09-19 17:04:01.314 [info] Running checks...
2024-09-19 17:04:01.315 [info] Starting linting the current package at /home/eduardoabc_edurdo9
2024-09-19 17:04:01.571 [info] /home/eduardoabc_edurdo9>Finished running tool: /google/gopath/bin/staticcheck
2024-09-19 17:04:01.571 [info] 
2024-09-19 17:04:05.810 [info] Running checks...
2024-09-19 17:04:05.811 [info] Starting linting the current package at /home/eduardoabc_edurdo9
2024-09-19 17:04:05.982 [info] /home/eduardoabc_edurdo9>Finished running tool: /google/gopath/bin/staticcheck
2024-09-19 17:04:05.982 [info] 
2024-09-19 17:04:10.642 [info] Running checks...
2024-09-19 17:04:10.642 [info] Starting linting the current package at /home/eduardoabc_edurdo9
2024-09-19 17:04:10.819 [info] /home/eduardoabc_edurdo9>Finished running tool: /google/gopath/bin/staticcheck
2024-09-19 17:04:10.820 [info] 
2024-09-19 17:04:15.225 [info] Running checks...
2024-09-19 17:04:15.225 [info] Starting linting the current package at /home/eduardoabc_edurdo9
2024-09-19 17:04:15.393 [info] /home/eduardoabc_edurdo9>Finished running tool: /google/gopath/bin/staticcheck
2024-09-19 17:04:15.394 [info] 
2024-09-19 17:04:24.112 [info] Running checks...
2024-09-19 17:04:24.112 [info] Starting linting the current package at /home/eduardoabc_edurdo9
2024-09-19 17:04:24.291 [info] /home/eduardoabc_edurdo9>Finished running tool: /google/gopath/bin/staticcheck
2024-09-19 17:04:24.292 [info] 
2024-09-19 17:04:35.295 [info] Running checks...
2024-09-19 17:04:35.295 [info] Starting linting the current package at /home/eduardoabc_edurdo9
2024-09-19 17:04:35.496 [info] /home/eduardoabc_edurdo9>Finished running tool: /google/gopath/bin/staticcheck
2024-09-19 17:04:35.497 [info] 
2024-09-19 17:04:43.621 [info] Running checks...
2024-09-19 17:04:43.621 [info] Starting linting the current package at /home/eduardoabc_edurdo9
2024-09-19 17:04:43.789 [info] /home/eduardoabc_edurdo9>Finished running tool: /google/gopath/bin/staticcheck
2024-09-19 17:04:43.789 [info] 
2024-09-19 17:04:47.673 [info] Running checks...
2024-09-19 17:04:47.674 [info] Starting linting the current package at /home/eduardoabc_edurdo9
2024-09-19 17:04:47.831 [info] /home/eduardoabc_edurdo9>Finished running tool: /google/gopath/bin/staticcheck
2024-09-19 17:04:47.831 [info] 
2024-09-19 17:05:02.539 [info] Running checks...
2024-09-19 17:05:02.540 [info] Starting linting the current package at /home/eduardoabc_edurdo9
2024-09-19 17:05:02.701 [info] /home/eduardoabc_edurdo9>Finished running tool: /google/gopath/bin/staticcheck
2024-09-19 17:05:02.701 [info] 
2024-09-19 17:05:05.207 [info] Running checks...
2024-09-19 17:05:05.208 [info] Starting linting the current package at /home/eduardoabc_edurdo9
2024-09-19 17:05:05.383 [info] /home/eduardoabc_edurdo9>Finished running tool: /google/gopath/bin/staticcheck
2024-09-19 17:05:05.383 [info] 
2024-09-19 17:05:09.380 [info] Running checks...
2024-09-19 17:05:09.380 [info] Starting linting the current package at /home/eduardoabc_edurdo9
2024-09-19 17:05:09.568 [info] /home/eduardoabc_edurdo9>Finished running tool: /google/gopath/bin/staticcheck
2024-09-19 17:05:09.568 [info] 
2024-09-19 17:05:12.239 [info] Running checks...
2024-09-19 17:05:12.239 [info] Starting linting the current package at /home/eduardoabc_edurdo9
2024-09-19 17:05:12.401 [info] /home/eduardoabc_edurdo9>Finished running tool: /google/gopath/bin/staticcheck
2024-09-19 17:05:12.401 [info] 
2024-09-19 17:05:24.250 [info] Running checks...
2024-09-19 17:05:24.250 [info] Starting linting the current package at /home/eduardoabc_edurdo9
2024-09-19 17:05:24.421 [info] /home/eduardoabc_edurdo9>Finished running tool: /google/gopath/bin/staticcheck
2024-09-19 17:05:24.421 [info] 
2024-09-19 17:06:26.841 [info] Running checks...
2024-09-19 17:06:26.841 [info] Starting linting the current package at /home/eduardoabc_edurdo9
2024-09-19 17:06:27.000 [info] /home/eduardoabc_edurdo9>Finished running tool: /google/gopath/bin/staticcheck
2024-09-19 17:06:27.000 [info] 
2024-09-19 17:06:42.484 [info] Running checks...
2024-09-19 17:06:42.484 [info] Starting linting the current package at /home/eduardoabc_edurdo9
2024-09-19 17:06:42.674 [info] /home/eduardoabc_edurdo9>Finished running tool: /google/gopath/bin/staticcheck
2024-09-19 17:06:42.674 [info] 
2024-09-19 17:06:54.518 [info] Running checks...
2024-09-19 17:06:54.518 [info] Starting linting the current package at /home/eduardoabc_edurdo9
2024-09-19 17:06:54.680 [info] /home/eduardoabc_edurdo9>Finished running tool: /google/gopath/bin/staticcheck
2024-09-19 17:06:54.680 [info] 
2024-09-19 17:07:30.673 [info] Running checks...
2024-09-19 17:07:30.673 [info] Starting linting the current package at /home/eduardoabc_edurdo9
2024-09-19 17:07:30.828 [info] /home/eduardoabc_edurdo9>Finished running tool: /google/gopath/bin/staticcheck
2024-09-19 17:07:30.828 [info] 
2024-09-19 17:08:15.226 [info] Running checks...
2024-09-19 17:08:15.226 [info] Starting linting the current package at /home/eduardoabc_edurdo9
2024-09-19 17:08:15.399 [info] /home/eduardoabc_edurdo9>Finished running tool: /google/gopath/bin/staticcheck
2024-09-19 17:08:15.399 [info] 
2024-09-19 17:08:16.455 [info] Running checks...
2024-09-19 17:08:16.459 [info] Starting linting the current package at /home/eduardoabc_edurdo9
2024-09-19 17:08:16.690 [info] /home/eduardoabc_edurdo9>Finished running tool: /google/gopath/bin/staticcheck
2024-09-19 17:08:16.691 [info] 
2024-09-19 17:08:18.485 [info] Running checks...
2024-09-19 17:08:18.485 [info] Starting linting the current package at /home/eduardoabc_edurdo9
2024-09-19 17:08:18.679 [info] /home/eduardoabc_edurdo9>Finished running tool: /google/gopath/bin/staticcheck
2024-09-19 17:08:18.679 [info] 
2024-09-19 17:08:20.369 [info] Running checks...
2024-09-19 17:08:20.369 [info] Starting linting the current package at /home/eduardoabc_edurdo9
2024-09-19 17:08:20.554 [info] /home/eduardoabc_edurdo9>Finished running tool: /google/gopath/bin/staticcheck
2024-09-19 17:08:20.555 [info] 
2024-09-19 17:08:22.620 [info] Running checks...
2024-09-19 17:08:22.620 [info] Starting linting the current package at /home/eduardoabc_edurdo9
2024-09-19 17:08:22.779 [info] /home/eduardoabc_edurdo9>Finished running tool: /google/gopath/bin/staticcheck
2024-09-19 17:08:22.779 [info] 
2024-09-19 17:08:40.750 [info] Running checks...
2024-09-19 17:08:40.750 [info] Starting linting the current package at /home/eduardoabc_edurdo9
2024-09-19 17:08:40.909 [info] /home/eduardoabc_edurdo9>Finished running tool: /google/gopath/bin/staticcheck
2024-09-19 17:08:40.909 [info] 
2024-09-19 17:08:42.398 [info] Running checks...
2024-09-19 17:08:42.398 [info] Starting linting the current package at /home/eduardoabc_edurdo9
2024-09-19 17:08:42.655 [info] /home/eduardoabc_edurdo9>Finished running tool: /google/gopath/bin/staticcheck
2024-09-19 17:08:42.655 [info] 
2024-09-19 17:08:44.759 [info] Running checks...
2024-09-19 17:08:44.759 [info] Starting linting the current package at /home/eduardoabc_edurdo9
2024-09-19 17:08:44.915 [info] /home/eduardoabc_edurdo9>Finished running tool: /google/gopath/bin/staticcheck
2024-09-19 17:08:44.915 [info] 
2024-09-19 17:08:47.236 [info] Running checks...
2024-09-19 17:08:47.236 [info] Starting linting the current package at /home/eduardoabc_edurdo9
2024-09-19 17:08:47.411 [info] /home/eduardoabc_edurdo9>Finished running tool: /google/gopath/bin/staticcheck
2024-09-19 17:08:47.411 [info] 
2024-09-19 17:08:52.154 [info] Running checks...
2024-09-19 17:08:52.154 [info] Starting linting the current package at /home/eduardoabc_edurdo9
2024-09-19 17:08:52.331 [info] /home/eduardoabc_edurdo9>Finished running tool: /google/gopath/bin/staticcheck
2024-09-19 17:08:52.331 [info] 
2024-09-19 17:08:57.218 [info] Running checks...
2024-09-19 17:08:57.218 [info] Starting linting the current package at /home/eduardoabc_edurdo9
2024-09-19 17:08:57.391 [info] /home/eduardoabc_edurdo9>Finished running tool: /google/gopath/bin/staticcheck
2024-09-19 17:08:57.391 [info] 
2024-09-19 17:09:01.269 [info] Running checks...
2024-09-19 17:09:01.269 [info] Starting linting the current package at /home/eduardoabc_edurdo9
2024-09-19 17:09:01.463 [info] /home/eduardoabc_edurdo9>Finished running tool: /google/gopath/bin/staticcheck
2024-09-19 17:09:01.463 [info] 
2024-09-19 17:09:03.952 [info] Running checks...
2024-09-19 17:09:03.953 [info] Starting linting the current package at /home/eduardoabc_edurdo9
2024-09-19 17:09:04.121 [info] /home/eduardoabc_edurdo9>Finished running tool: /google/gopath/bin/staticcheck
2024-09-19 17:09:04.121 [info] 
2024-09-19 17:09:39.194 [info] Running checks...
2024-09-19 17:09:39.194 [info] Starting linting the current package at /home/eduardoabc_edurdo9
2024-09-19 17:09:39.363 [info] /home/eduardoabc_edurdo9>Finished running tool: /google/gopath/bin/staticcheck
2024-09-19 17:09:39.363 [info] 
2024-09-19 17:09:40.916 [info] Running checks...
2024-09-19 17:09:40.916 [info] Starting linting the current package at /home/eduardoabc_edurdo9
2024-09-19 17:09:41.078 [info] /home/eduardoabc_edurdo9>Finished running tool: /google/gopath/bin/staticcheck
2024-09-19 17:09:41.079 [info] 
2024-09-19 17:10:17.968 [info] Running checks...
2024-09-19 17:10:17.968 [info] Starting linting the current package at /home/eduardoabc_edurdo9
2024-09-19 17:10:18.112 [info] /home/eduardoabc_edurdo9>Finished running tool: /google/gopath/bin/staticcheck
2024-09-19 17:10:18.112 [info] 
2024-09-19 17:10:24.188 [info] Running checks...
2024-09-19 17:10:24.188 [info] Starting linting the current package at /home/eduardoabc_edurdo9
2024-09-19 17:10:24.362 [info] /home/eduardoabc_edurdo9>Finished running tool: /google/gopath/bin/staticcheck
2024-09-19 17:10:24.362 [info] 
2024-09-19 17:10:28.497 [info] Running checks...
2024-09-19 17:10:28.497 [info] Starting linting the current package at /home/eduardoabc_edurdo9
2024-09-19 17:10:28.657 [info] /home/eduardoabc_edurdo9>Finished running tool: /google/gopath/bin/staticcheck
2024-09-19 17:10:28.658 [info] 
2024-09-19 17:10:29.811 [info] Running checks...
2024-09-19 17:10:29.811 [info] Starting linting the current package at /home/eduardoabc_edurdo9
2024-09-19 17:10:30.041 [info] /home/eduardoabc_edurdo9>Finished running tool: /google/gopath/bin/staticcheck
2024-09-19 17:10:30.041 [info] 
2024-09-19 17:10:31.987 [info] Running checks...
2024-09-19 17:10:31.988 [info] Starting linting the current package at /home/eduardoabc_edurdo9
2024-09-19 17:10:32.151 [info] /home/eduardoabc_edurdo9>Finished running tool: /google/gopath/bin/staticcheck
2024-09-19 17:10:32.151 [info] 
2024-09-19 17:10:33.208 [info] Running checks...
2024-09-19 17:10:33.208 [info] Starting linting the current package at /home/eduardoabc_edurdo9
2024-09-19 17:10:33.380 [info] /home/eduardoabc_edurdo9>Finished running tool: /google/gopath/bin/staticcheck
2024-09-19 17:10:33.380 [info] 
2024-09-19 17:10:35.405 [info] Running checks...
2024-09-19 17:10:35.405 [info] Starting linting the current package at /home/eduardoabc_edurdo9
2024-09-19 17:10:35.578 [info] /home/eduardoabc_edurdo9>Finished running tool: /google/gopath/bin/staticcheck
2024-09-19 17:10:35.579 [info] 
2024-09-19 17:10:38.938 [info] Running checks...
2024-09-19 17:10:38.938 [info] Starting linting the current package at /home/eduardoabc_edurdo9
2024-09-19 17:10:39.102 [info] /home/eduardoabc_edurdo9>Finished running tool: /google/gopath/bin/staticcheck
2024-09-19 17:10:39.102 [info] 
2024-09-19 17:10:46.459 [info] Running checks...
2024-09-19 17:10:46.460 [info] Starting linting the current package at /home/eduardoabc_edurdo9
2024-09-19 17:10:46.622 [info] /home/eduardoabc_edurdo9>Finished running tool: /google/gopath/bin/staticcheck
2024-09-19 17:10:46.622 [info] 
2024-09-19 17:10:52.051 [info] Running checks...
2024-09-19 17:10:52.051 [info] Starting linting the current package at /home/eduardoabc_edurdo9
2024-09-19 17:10:52.204 [info] /home/eduardoabc_edurdo9>Finished running tool: /google/gopath/bin/staticcheck
2024-09-19 17:10:52.204 [info] 
2024-09-19 17:10:56.623 [info] Running checks...
2024-09-19 17:10:56.623 [info] Starting linting the current package at /home/eduardoabc_edurdo9
2024-09-19 17:10:56.788 [info] /home/eduardoabc_edurdo9>Finished running tool: /google/gopath/bin/staticcheck
2024-09-19 17:10:56.788 [info] 
2024-09-19 17:11:56.734 [info] Running checks...
2024-09-19 17:11:56.734 [info] Starting linting the current package at /home/eduardoabc_edurdo9
2024-09-19 17:11:56.913 [info] /home/eduardoabc_edurdo9>Finished running tool: /google/gopath/bin/staticcheck
2024-09-19 17:11:56.913 [info] 
2024-09-19 17:12:01.222 [info] Running checks...
2024-09-19 17:12:01.222 [info] Starting linting the current package at /home/eduardoabc_edurdo9
2024-09-19 17:12:01.403 [info] /home/eduardoabc_edurdo9>Finished running tool: /google/gopath/bin/staticcheck
2024-09-19 17:12:01.403 [info] 
2024-09-19 17:12:07.295 [info] Running checks...
2024-09-19 17:12:07.295 [info] Starting linting the current package at /home/eduardoabc_edurdo9
2024-09-19 17:12:07.455 [info] /home/eduardoabc_edurdo9>Finished running tool: /google/gopath/bin/staticcheck
2024-09-19 17:12:07.455 [info] 
2024-09-19 17:12:14.330 [info] Running checks...
2024-09-19 17:12:14.330 [info] Starting linting the current package at /home/eduardoabc_edurdo9
2024-09-19 17:12:14.487 [info] /home/eduardoabc_edurdo9>Finished running tool: /google/gopath/bin/staticcheck
2024-09-19 17:12:14.487 [info] 
2024-09-19 17:12:45.783 [info] Running checks...
2024-09-19 17:12:45.784 [info] Starting linting the current package at /home/eduardoabc_edurdo9
2024-09-19 17:12:45.966 [info] /home/eduardoabc_edurdo9>Finished running tool: /google/gopath/bin/staticcheck
2024-09-19 17:12:45.966 [info] 
2024-09-19 17:12:55.841 [info] Running checks...
2024-09-19 17:12:55.841 [info] Starting linting the current package at /home/eduardoabc_edurdo9
2024-09-19 17:12:56.012 [info] /home/eduardoabc_edurdo9>Finished running tool: /google/gopath/bin/staticcheck
2024-09-19 17:12:56.012 [info] 
2024-09-19 17:12:58.774 [info] Running checks...
2024-09-19 17:12:58.775 [info] Starting linting the current package at /home/eduardoabc_edurdo9
2024-09-19 17:12:58.928 [info] /home/eduardoabc_edurdo9>Finished running tool: /google/gopath/bin/staticcheck
2024-09-19 17:12:58.928 [info] 
2024-09-19 17:13:22.513 [info] Running checks...
2024-09-19 17:13:22.513 [info] Starting linting the current package at /home/eduardoabc_edurdo9
2024-09-19 17:13:22.682 [info] /home/eduardoabc_edurdo9>Finished running tool: /google/gopath/bin/staticcheck
2024-09-19 17:13:22.682 [info] 
2024-09-19 17:13:26.558 [info] Running checks...
2024-09-19 17:13:26.558 [info] Starting linting the current package at /home/eduardoabc_edurdo9
2024-09-19 17:13:26.735 [info] /home/eduardoabc_edurdo9>Finished running tool: /google/gopath/bin/staticcheck
2024-09-19 17:13:26.735 [info] 
2024-09-19 17:13:30.041 [info] Running checks...
2024-09-19 17:13:30.041 [info] Starting linting the current package at /home/eduardoabc_edurdo9
2024-09-19 17:13:30.200 [info] /home/eduardoabc_edurdo9>Finished running tool: /google/gopath/bin/staticcheck
2024-09-19 17:13:30.200 [info] 
2024-09-19 17:14:36.350 [info] Running checks...
2024-09-19 17:14:36.350 [info] Starting linting the current package at /home/eduardoabc_edurdo9
2024-09-19 17:14:36.535 [info] /home/eduardoabc_edurdo9>Finished running tool: /google/gopath/bin/staticcheck
2024-09-19 17:14:36.535 [info] 
2024-09-19 17:14:42.021 [info] Running checks...
2024-09-19 17:14:42.021 [info] Starting linting the current package at /home/eduardoabc_edurdo9
2024-09-19 17:14:42.174 [info] /home/eduardoabc_edurdo9>Finished running tool: /google/gopath/bin/staticcheck
2024-09-19 17:14:42.174 [info] 
2024-09-19 17:15:23.210 [info] Running checks...
2024-09-19 17:15:23.210 [info] Starting linting the current package at /home/eduardoabc_edurdo9
2024-09-19 17:15:23.377 [info] /home/eduardoabc_edurdo9>Finished running tool: /google/gopath/bin/staticcheck
2024-09-19 17:15:23.378 [info] 
2024-09-19 17:15:29.303 [info] Running checks...
2024-09-19 17:15:29.303 [info] Starting linting the current package at /home/eduardoabc_edurdo9
2024-09-19 17:15:29.477 [info] /home/eduardoabc_edurdo9>Finished running tool: /google/gopath/bin/staticcheck
2024-09-19 17:15:29.477 [info] 
2024-09-19 17:15:31.337 [info] Running checks...
2024-09-19 17:15:31.338 [info] Starting linting the current package at /home/eduardoabc_edurdo9
2024-09-19 17:15:31.519 [info] /home/eduardoabc_edurdo9>Finished running tool: /google/gopath/bin/staticcheck
2024-09-19 17:15:31.520 [info] 
2024-09-19 17:15:34.295 [info] Running checks...
2024-09-19 17:15:34.295 [info] Starting linting the current package at /home/eduardoabc_edurdo9
2024-09-19 17:15:34.482 [info] /home/eduardoabc_edurdo9>Finished running tool: /google/gopath/bin/staticcheck
2024-09-19 17:15:34.482 [info] 
2024-09-19 17:15:57.626 [info] Running checks...
2024-09-19 17:15:57.626 [info] Starting linting the current package at /home/eduardoabc_edurdo9
2024-09-19 17:15:57.794 [info] /home/eduardoabc_edurdo9>Finished running tool: /google/gopath/bin/staticcheck
2024-09-19 17:15:57.794 [info] 
2024-09-19 17:16:00.839 [info] Running checks...
2024-09-19 17:16:00.839 [info] Starting linting the current package at /home/eduardoabc_edurdo9
2024-09-19 17:16:01.031 [info] /home/eduardoabc_edurdo9>Finished running tool: /google/gopath/bin/staticcheck
2024-09-19 17:16:01.031 [info] 
2024-09-19 17:16:04.307 [info] Running checks...
2024-09-19 17:16:04.307 [info] Starting linting the current package at /home/eduardoabc_edurdo9
2024-09-19 17:16:04.475 [info] /home/eduardoabc_edurdo9>Finished running tool: /google/gopath/bin/staticcheck
2024-09-19 17:16:04.475 [info] 
2024-09-19 17:16:05.516 [info] Running checks...
2024-09-19 17:16:05.516 [info] Starting linting the current package at /home/eduardoabc_edurdo9
2024-09-19 17:16:05.681 [info] /home/eduardoabc_edurdo9>Finished running tool: /google/gopath/bin/staticcheck
2024-09-19 17:16:05.681 [info] 
2024-09-19 17:16:30.442 [info] Running checks...
2024-09-19 17:16:30.449 [info] Starting linting the current package at /home/eduardoabc_edurdo9
2024-09-19 17:16:30.614 [info] /home/eduardoabc_edurdo9>Finished running tool: /google/gopath/bin/staticcheck
2024-09-19 17:16:30.614 [info] 
2024-09-19 17:16:32.972 [info] Running checks...
2024-09-19 17:16:32.972 [info] Starting linting the current package at /home/eduardoabc_edurdo9
2024-09-19 17:16:33.133 [info] /home/eduardoabc_edurdo9>Finished running tool: /google/gopath/bin/staticcheck
2024-09-19 17:16:33.133 [info] 
2024-09-19 17:16:34.132 [info] Running checks...
2024-09-19 17:16:34.132 [info] Starting linting the current package at /home/eduardoabc_edurdo9
2024-09-19 17:16:34.315 [info] /home/eduardoabc_edurdo9>Finished running tool: /google/gopath/bin/staticcheck
2024-09-19 17:16:34.316 [info] 
2024-09-19 17:16:40.712 [info] Running checks...
2024-09-19 17:16:40.713 [info] Starting linting the current package at /home/eduardoabc_edurdo9
2024-09-19 17:16:40.880 [info] /home/eduardoabc_edurdo9>Finished running tool: /google/gopath/bin/staticcheck
2024-09-19 17:16:40.880 [info] 
2024-09-19 17:16:49.251 [info] Running checks...
2024-09-19 17:16:49.252 [info] Starting linting the current package at /home/eduardoabc_edurdo9
2024-09-19 17:16:49.521 [info] /home/eduardoabc_edurdo9>Finished running tool: /google/gopath/bin/staticcheck
2024-09-19 17:16:49.521 [info] 
2024-09-19 17:16:51.649 [info] Running checks...
2024-09-19 17:16:51.649 [info] Starting linting the current package at /home/eduardoabc_edurdo9
2024-09-19 17:16:51.823 [info] /home/eduardoabc_edurdo9>Finished running tool: /google/gopath/bin/staticcheck
2024-09-19 17:16:51.824 [info] 
2024-09-19 17:16:57.386 [info] Running checks...
2024-09-19 17:16:57.387 [info] Starting linting the current package at /home/eduardoabc_edurdo9
2024-09-19 17:16:57.564 [info] /home/eduardoabc_edurdo9>Finished running tool: /google/gopath/bin/staticcheck
2024-09-19 17:16:57.564 [info] 
2024-09-19 17:17:47.210 [info] Running checks...
2024-09-19 17:17:47.211 [info] Starting linting the current package at /home/eduardoabc_edurdo9
2024-09-19 17:17:47.399 [info] /home/eduardoabc_edurdo9>Finished running tool: /google/gopath/bin/staticcheck
2024-09-19 17:17:47.400 [info] 
2024-09-19 17:17:51.407 [info] Running checks...
2024-09-19 17:17:51.407 [info] Starting linting the current package at /home/eduardoabc_edurdo9
2024-09-19 17:17:51.596 [info] /home/eduardoabc_edurdo9>Finished running tool: /google/gopath/bin/staticcheck
2024-09-19 17:17:51.596 [info] 
2024-09-19 17:17:54.089 [info] Running checks...
2024-09-19 17:17:54.089 [info] Starting linting the current package at /home/eduardoabc_edurdo9
2024-09-19 17:17:54.278 [info] /home/eduardoabc_edurdo9>Finished running tool: /google/gopath/bin/staticcheck
2024-09-19 17:17:54.278 [info] 
2024-09-19 17:17:55.913 [info] Running checks...
2024-09-19 17:17:55.913 [info] Starting linting the current package at /home/eduardoabc_edurdo9
2024-09-19 17:17:56.104 [info] /home/eduardoabc_edurdo9>Finished running tool: /google/gopath/bin/staticcheck
2024-09-19 17:17:56.104 [info] 
2024-09-19 17:20:04.633 [info] Running checks...
2024-09-19 17:20:04.633 [info] Starting linting the current package at /home/eduardoabc_edurdo9
2024-09-19 17:20:04.816 [info] /home/eduardoabc_edurdo9>Finished running tool: /google/gopath/bin/staticcheck
2024-09-19 17:20:04.819 [info] 
2024-09-19 17:20:07.015 [info] Running checks...
2024-09-19 17:20:07.015 [info] Starting linting the current package at /home/eduardoabc_edurdo9
2024-09-19 17:20:07.202 [info] /home/eduardoabc_edurdo9>Finished running tool: /google/gopath/bin/staticcheck
2024-09-19 17:20:07.202 [info] 
2024-09-19 17:20:09.576 [info] Running checks...
2024-09-19 17:20:09.576 [info] Starting linting the current package at /home/eduardoabc_edurdo9
2024-09-19 17:20:09.763 [info] /home/eduardoabc_edurdo9>Finished running tool: /google/gopath/bin/staticcheck
2024-09-19 17:20:09.763 [info] 
2024-09-19 17:20:12.031 [info] Running checks...
2024-09-19 17:20:12.032 [info] Starting linting the current package at /home/eduardoabc_edurdo9
2024-09-19 17:20:12.209 [info] /home/eduardoabc_edurdo9>Finished running tool: /google/gopath/bin/staticcheck
2024-09-19 17:20:12.209 [info] 
2024-09-19 17:20:16.873 [info] Running checks...
2024-09-19 17:20:16.873 [info] Starting linting the current package at /home/eduardoabc_edurdo9
2024-09-19 17:20:17.034 [info] /home/eduardoabc_edurdo9>Finished running tool: /google/gopath/bin/staticcheck
2024-09-19 17:20:17.034 [info] 
2024-09-19 17:20:20.227 [info] Running checks...
2024-09-19 17:20:20.227 [info] Starting linting the current package at /home/eduardoabc_edurdo9
2024-09-19 17:20:20.395 [info] /home/eduardoabc_edurdo9>Finished running tool: /google/gopath/bin/staticcheck
2024-09-19 17:20:20.395 [info] 
2024-09-19 17:20:22.722 [info] Running checks...
2024-09-19 17:20:22.722 [info] Starting linting the current package at /home/eduardoabc_edurdo9
2024-09-19 17:20:22.898 [info] /home/eduardoabc_edurdo9>Finished running tool: /google/gopath/bin/staticcheck
2024-09-19 17:20:22.898 [info] 
2024-09-19 17:20:24.314 [info] Running checks...
2024-09-19 17:20:24.314 [info] Starting linting the current package at /home/eduardoabc_edurdo9
2024-09-19 17:20:24.477 [info] /home/eduardoabc_edurdo9>Finished running tool: /google/gopath/bin/staticcheck
2024-09-19 17:20:24.478 [info] 
2024-09-19 17:20:28.201 [info] Running checks...
2024-09-19 17:20:28.202 [info] Starting linting the current package at /home/eduardoabc_edurdo9
2024-09-19 17:20:28.374 [info] /home/eduardoabc_edurdo9>Finished running tool: /google/gopath/bin/staticcheck
2024-09-19 17:20:28.374 [info] 
2024-09-19 17:20:35.146 [info] Running checks...
2024-09-19 17:20:35.146 [info] Starting linting the current package at /home/eduardoabc_edurdo9
2024-09-19 17:20:35.326 [info] /home/eduardoabc_edurdo9>Finished running tool: /google/gopath/bin/staticcheck
2024-09-19 17:20:35.326 [info] 
2024-09-19 17:20:38.029 [info] Running checks...
2024-09-19 17:20:38.029 [info] Starting linting the current package at /home/eduardoabc_edurdo9
2024-09-19 17:20:38.211 [info] /home/eduardoabc_edurdo9>Finished running tool: /google/gopath/bin/staticcheck
2024-09-19 17:20:38.211 [info] 
2024-09-19 17:20:40.411 [info] Running checks...
2024-09-19 17:20:40.411 [info] Starting linting the current package at /home/eduardoabc_edurdo9
2024-09-19 17:20:40.581 [info] /home/eduardoabc_edurdo9>Finished running tool: /google/gopath/bin/staticcheck
2024-09-19 17:20:40.581 [info] 
2024-09-19 17:20:44.279 [info] Running checks...
2024-09-19 17:20:44.279 [info] Starting linting the current package at /home/eduardoabc_edurdo9
2024-09-19 17:20:44.460 [info] /home/eduardoabc_edurdo9>Finished running tool: /google/gopath/bin/staticcheck
2024-09-19 17:20:44.460 [info] 
2024-09-19 17:20:47.265 [info] Running checks...
2024-09-19 17:20:47.265 [info] Starting linting the current package at /home/eduardoabc_edurdo9
2024-09-19 17:20:47.458 [info] /home/eduardoabc_edurdo9>Finished running tool: /google/gopath/bin/staticcheck
2024-09-19 17:20:47.461 [info] 
2024-09-19 17:20:48.979 [info] Running checks...
2024-09-19 17:20:48.979 [info] Starting linting the current package at /home/eduardoabc_edurdo9
2024-09-19 17:20:49.178 [info] /home/eduardoabc_edurdo9>Finished running tool: /google/gopath/bin/staticcheck
2024-09-19 17:20:49.178 [info] 
2024-09-19 17:20:50.803 [info] Running checks...
2024-09-19 17:20:50.803 [info] Starting linting the current package at /home/eduardoabc_edurdo9
2024-09-19 17:20:50.975 [info] /home/eduardoabc_edurdo9>Finished running tool: /google/gopath/bin/staticcheck
2024-09-19 17:20:50.975 [info] 
2024-09-19 17:20:52.226 [info] Running checks...
2024-09-19 17:20:52.227 [info] Starting linting the current package at /home/eduardoabc_edurdo9
2024-09-19 17:20:52.424 [info] /home/eduardoabc_edurdo9>Finished running tool: /google/gopath/bin/staticcheck
2024-09-19 17:20:52.424 [info] 
2024-09-19 17:20:53.952 [info] Running checks...
2024-09-19 17:20:53.952 [info] Starting linting the current package at /home/eduardoabc_edurdo9
2024-09-19 17:20:54.124 [info] /home/eduardoabc_edurdo9>Finished running tool: /google/gopath/bin/staticcheck
2024-09-19 17:20:54.124 [info] 
2024-09-19 17:20:55.404 [info] Running checks...
2024-09-19 17:20:55.404 [info] Starting linting the current package at /home/eduardoabc_edurdo9
2024-09-19 17:20:55.596 [info] /home/eduardoabc_edurdo9>Finished running tool: /google/gopath/bin/staticcheck
2024-09-19 17:20:55.596 [info] 
2024-09-19 17:20:59.186 [info] Running checks...
2024-09-19 17:20:59.186 [info] Starting linting the current package at /home/eduardoabc_edurdo9
2024-09-19 17:20:59.379 [info] /home/eduardoabc_edurdo9>Finished running tool: /google/gopath/bin/staticcheck
2024-09-19 17:20:59.379 [info] 
2024-09-19 17:21:01.757 [info] Running checks...
2024-09-19 17:21:01.757 [info] Starting linting the current package at /home/eduardoabc_edurdo9
2024-09-19 17:21:01.942 [info] /home/eduardoabc_edurdo9>Finished running tool: /google/gopath/bin/staticcheck
2024-09-19 17:21:01.942 [info] 
2024-09-19 17:21:04.397 [info] Running checks...
2024-09-19 17:21:04.398 [info] Starting linting the current package at /home/eduardoabc_edurdo9
2024-09-19 17:21:04.581 [info] /home/eduardoabc_edurdo9>Finished running tool: /google/gopath/bin/staticcheck
2024-09-19 17:21:04.581 [info] 
2024-09-19 17:21:09.916 [info] Running checks...
2024-09-19 17:21:09.916 [info] Starting linting the current package at /home/eduardoabc_edurdo9
2024-09-19 17:21:10.162 [info] /home/eduardoabc_edurdo9>Finished running tool: /google/gopath/bin/staticcheck
2024-09-19 17:21:10.162 [info] 
2024-09-19 17:21:11.240 [info] Running checks...
2024-09-19 17:21:11.241 [info] Starting linting the current package at /home/eduardoabc_edurdo9
2024-09-19 17:21:11.390 [info] /home/eduardoabc_edurdo9>Finished running tool: /google/gopath/bin/staticcheck
2024-09-19 17:21:11.390 [info] 
2024-09-19 17:21:19.858 [info] Running checks...
2024-09-19 17:21:19.858 [info] Starting linting the current package at /home/eduardoabc_edurdo9
2024-09-19 17:21:20.107 [info] /home/eduardoabc_edurdo9>Finished running tool: /google/gopath/bin/staticcheck
2024-09-19 17:21:20.107 [info] 
2024-09-19 17:21:26.944 [info] Running checks...
2024-09-19 17:21:26.944 [info] Starting linting the current package at /home/eduardoabc_edurdo9
2024-09-19 17:21:27.113 [info] /home/eduardoabc_edurdo9>Finished running tool: /google/gopath/bin/staticcheck
2024-09-19 17:21:27.113 [info] 
2024-09-19 17:21:28.595 [info] Running checks...
2024-09-19 17:21:28.596 [info] Starting linting the current package at /home/eduardoabc_edurdo9
2024-09-19 17:21:28.775 [info] /home/eduardoabc_edurdo9>Finished running tool: /google/gopath/bin/staticcheck
2024-09-19 17:21:28.775 [info] 
2024-09-19 17:21:30.225 [info] Running checks...
2024-09-19 17:21:30.225 [info] Starting linting the current package at /home/eduardoabc_edurdo9
2024-09-19 17:21:30.384 [info] /home/eduardoabc_edurdo9>Finished running tool: /google/gopath/bin/staticcheck
2024-09-19 17:21:30.384 [info] 
2024-09-19 17:21:49.466 [info] Running checks...
2024-09-19 17:21:49.468 [info] Starting linting the current package at /home/eduardoabc_edurdo9
2024-09-19 17:21:49.659 [info] /home/eduardoabc_edurdo9>Finished running tool: /google/gopath/bin/staticcheck
2024-09-19 17:21:49.659 [info] 
2024-09-19 17:21:59.072 [info] Running checks...
2024-09-19 17:21:59.072 [info] Starting linting the current package at /home/eduardoabc_edurdo9
2024-09-19 17:21:59.232 [info] /home/eduardoabc_edurdo9>Finished running tool: /google/gopath/bin/staticcheck
2024-09-19 17:21:59.232 [info] 
2024-09-19 17:22:14.030 [info] Running checks...
2024-09-19 17:22:14.030 [info] Starting linting the current package at /home/eduardoabc_edurdo9
2024-09-19 17:22:14.204 [info] /home/eduardoabc_edurdo9>Finished running tool: /google/gopath/bin/staticcheck
2024-09-19 17:22:14.204 [info] 
2024-09-19 17:22:20.753 [info] Running checks...
2024-09-19 17:22:20.753 [info] Starting linting the current package at /home/eduardoabc_edurdo9
2024-09-19 17:22:20.928 [info] /home/eduardoabc_edurdo9>Finished running tool: /google/gopath/bin/staticcheck
2024-09-19 17:22:20.928 [info] 
2024-09-19 17:22:33.325 [info] Running checks...
2024-09-19 17:22:33.326 [info] Starting linting the current package at /home/eduardoabc_edurdo9
2024-09-19 17:22:33.483 [info] /home/eduardoabc_edurdo9>Finished running tool: /google/gopath/bin/staticcheck
2024-09-19 17:22:33.483 [info] 
2024-09-19 17:23:06.872 [info] Running checks...
2024-09-19 17:23:06.872 [info] Starting linting the current package at /home/eduardoabc_edurdo9
2024-09-19 17:23:07.029 [info] /home/eduardoabc_edurdo9>Finished running tool: /google/gopath/bin/staticcheck
2024-09-19 17:23:07.030 [info] 
2024-09-19 17:23:20.193 [info] Running checks...
2024-09-19 17:23:20.193 [info] Starting linting the current package at /home/eduardoabc_edurdo9
2024-09-19 17:23:20.349 [info] /home/eduardoabc_edurdo9>Finished running tool: /google/gopath/bin/staticcheck
2024-09-19 17:23:20.349 [info] 
2024-09-19 17:23:24.805 [info] Running checks...
2024-09-19 17:23:24.806 [info] Starting linting the current package at /home/eduardoabc_edurdo9
2024-09-19 17:23:24.970 [info] /home/eduardoabc_edurdo9>Finished running tool: /google/gopath/bin/staticcheck
2024-09-19 17:23:24.970 [info] 
2024-09-19 17:23:26.782 [info] Running checks...
2024-09-19 17:23:26.782 [info] Starting linting the current package at /home/eduardoabc_edurdo9
2024-09-19 17:23:26.964 [info] /home/eduardoabc_edurdo9>Finished running tool: /google/gopath/bin/staticcheck
2024-09-19 17:23:26.964 [info] 
2024-09-19 17:23:29.868 [info] Running checks...
2024-09-19 17:23:29.869 [info] Starting linting the current package at /home/eduardoabc_edurdo9
2024-09-19 17:23:30.095 [info] /home/eduardoabc_edurdo9>Finished running tool: /google/gopath/bin/staticcheck
2024-09-19 17:23:30.095 [info] 
2024-09-19 17:23:33.601 [info] Running checks...
2024-09-19 17:23:33.601 [info] Starting linting the current package at /home/eduardoabc_edurdo9
2024-09-19 17:23:33.756 [info] /home/eduardoabc_edurdo9>Finished running tool: /google/gopath/bin/staticcheck
2024-09-19 17:23:33.756 [info] 
2024-09-19 17:23:35.030 [info] Running checks...
2024-09-19 17:23:35.031 [info] Starting linting the current package at /home/eduardoabc_edurdo9
2024-09-19 17:23:35.186 [info] /home/eduardoabc_edurdo9>Finished running tool: /google/gopath/bin/staticcheck
2024-09-19 17:23:35.186 [info] 
2024-09-19 17:24:00.207 [info] Running checks...
2024-09-19 17:24:00.207 [info] Starting linting the current package at /home/eduardoabc_edurdo9
2024-09-19 17:24:00.381 [info] /home/eduardoabc_edurdo9>Finished running tool: /google/gopath/bin/staticcheck
2024-09-19 17:24:00.381 [info] 
2024-09-19 17:24:04.551 [info] Running checks...
2024-09-19 17:24:04.551 [info] Starting linting the current package at /home/eduardoabc_edurdo9
2024-09-19 17:24:04.718 [info] /home/eduardoabc_edurdo9>Finished running tool: /google/gopath/bin/staticcheck
2024-09-19 17:24:04.718 [info] 
2024-09-19 17:24:06.604 [info] Running checks...
2024-09-19 17:24:06.604 [info] Starting linting the current package at /home/eduardoabc_edurdo9
2024-09-19 17:24:06.763 [info] /home/eduardoabc_edurdo9>Finished running tool: /google/gopath/bin/staticcheck
2024-09-19 17:24:06.763 [info] 
2024-09-19 17:24:12.619 [info] Running checks...
2024-09-19 17:24:12.619 [info] Starting linting the current package at /home/eduardoabc_edurdo9
2024-09-19 17:24:12.819 [info] /home/eduardoabc_edurdo9>Finished running tool: /google/gopath/bin/staticcheck
2024-09-19 17:24:12.819 [info] 
2024-09-19 17:24:13.928 [info] Running checks...
2024-09-19 17:24:13.928 [info] Starting linting the current package at /home/eduardoabc_edurdo9
2024-09-19 17:24:14.092 [info] /home/eduardoabc_edurdo9>Finished running tool: /google/gopath/bin/staticcheck
2024-09-19 17:24:14.092 [info] 
2024-09-19 17:24:20.721 [info] Running checks...
2024-09-19 17:24:20.722 [info] Starting linting the current package at /home/eduardoabc_edurdo9
2024-09-19 17:24:20.899 [info] /home/eduardoabc_edurdo9>Finished running tool: /google/gopath/bin/staticcheck
2024-09-19 17:24:20.899 [info] 
2024-09-19 17:24:22.585 [info] Running checks...
2024-09-19 17:24:22.585 [info] Starting linting the current package at /home/eduardoabc_edurdo9
2024-09-19 17:24:22.760 [info] /home/eduardoabc_edurdo9>Finished running tool: /google/gopath/bin/staticcheck
2024-09-19 17:24:22.760 [info] 
2024-09-19 17:24:26.059 [info] Running checks...
2024-09-19 17:24:26.060 [info] Starting linting the current package at /home/eduardoabc_edurdo9
2024-09-19 17:24:26.231 [info] /home/eduardoabc_edurdo9>Finished running tool: /google/gopath/bin/staticcheck
2024-09-19 17:24:26.231 [info] 
2024-09-19 17:25:09.270 [info] Running checks...
2024-09-19 17:25:09.270 [info] Starting linting the current package at /home/eduardoabc_edurdo9
2024-09-19 17:25:09.433 [info] /home/eduardoabc_edurdo9>Finished running tool: /google/gopath/bin/staticcheck
2024-09-19 17:25:09.433 [info] 
2024-09-19 17:25:17.383 [info] Running checks...
2024-09-19 17:25:17.383 [info] Starting linting the current package at /home/eduardoabc_edurdo9
2024-09-19 17:25:17.534 [info] /home/eduardoabc_edurdo9>Finished running tool: /google/gopath/bin/staticcheck
2024-09-19 17:25:17.535 [info] 
2024-09-19 17:25:29.124 [info] Running checks...
2024-09-19 17:25:29.124 [info] Starting linting the current package at /home/eduardoabc_edurdo9
2024-09-19 17:25:29.287 [info] /home/eduardoabc_edurdo9>Finished running tool: /google/gopath/bin/staticcheck
2024-09-19 17:25:29.287 [info] 
2024-09-19 17:26:23.453 [info] Running checks...
2024-09-19 17:26:23.453 [info] Starting linting the current package at /home/eduardoabc_edurdo9
2024-09-19 17:26:23.632 [info] /home/eduardoabc_edurdo9>Finished running tool: /google/gopath/bin/staticcheck
2024-09-19 17:26:23.632 [info] 
2024-09-19 17:26:35.995 [info] Running checks...
2024-09-19 17:26:35.996 [info] Starting linting the current package at /home/eduardoabc_edurdo9
2024-09-19 17:26:36.174 [info] /home/eduardoabc_edurdo9>Finished running tool: /google/gopath/bin/staticcheck
2024-09-19 17:26:36.174 [info] 
2024-09-19 17:26:39.611 [info] Running checks...
2024-09-19 17:26:39.612 [info] Starting linting the current package at /home/eduardoabc_edurdo9
2024-09-19 17:26:39.792 [info] /home/eduardoabc_edurdo9>Finished running tool: /google/gopath/bin/staticcheck
2024-09-19 17:26:39.792 [info] 
2024-09-19 17:26:47.391 [info] Running checks...
2024-09-19 17:26:47.391 [info] Starting linting the current package at /home/eduardoabc_edurdo9
2024-09-19 17:26:47.557 [info] /home/eduardoabc_edurdo9>Finished running tool: /google/gopath/bin/staticcheck
2024-09-19 17:26:47.557 [info] 
2024-09-19 17:27:07.496 [info] Running checks...
2024-09-19 17:27:07.497 [info] Starting linting the current package at /home/eduardoabc_edurdo9
2024-09-19 17:27:07.677 [info] /home/eduardoabc_edurdo9>Finished running tool: /google/gopath/bin/staticcheck
2024-09-19 17:27:07.677 [info] 
2024-09-19 17:27:29.560 [info] Running checks...
2024-09-19 17:27:29.561 [info] Starting linting the current package at /home/eduardoabc_edurdo9
2024-09-19 17:27:29.734 [info] /home/eduardoabc_edurdo9>Finished running tool: /google/gopath/bin/staticcheck
2024-09-19 17:27:29.734 [info] 
2024-09-19 17:27:31.929 [info] Running checks...
2024-09-19 17:27:31.929 [info] Starting linting the current package at /home/eduardoabc_edurdo9
2024-09-19 17:27:32.103 [info] /home/eduardoabc_edurdo9>Finished running tool: /google/gopath/bin/staticcheck
2024-09-19 17:27:32.103 [info] 
2024-09-19 17:27:45.859 [info] Running checks...
2024-09-19 17:27:45.859 [info] Starting linting the current package at /home/eduardoabc_edurdo9
2024-09-19 17:27:46.036 [info] /home/eduardoabc_edurdo9>Finished running tool: /google/gopath/bin/staticcheck
2024-09-19 17:27:46.037 [info] 
2024-09-19 17:27:56.798 [info] Running checks...
2024-09-19 17:27:56.798 [info] Starting linting the current package at /home/eduardoabc_edurdo9
2024-09-19 17:27:56.977 [info] /home/eduardoabc_edurdo9>Finished running tool: /google/gopath/bin/staticcheck
2024-09-19 17:27:56.977 [info] 
2024-09-19 17:27:58.085 [info] Running checks...
2024-09-19 17:27:58.085 [info] Starting linting the current package at /home/eduardoabc_edurdo9
2024-09-19 17:27:58.242 [info] /home/eduardoabc_edurdo9>Finished running tool: /google/gopath/bin/staticcheck
2024-09-19 17:27:58.242 [info] 
2024-09-19 17:28:01.077 [info] Running checks...
2024-09-19 17:28:01.077 [info] Starting linting the current package at /home/eduardoabc_edurdo9
2024-09-19 17:28:01.253 [info] /home/eduardoabc_edurdo9>Finished running tool: /google/gopath/bin/staticcheck
2024-09-19 17:28:01.253 [info] 
2024-09-19 17:29:48.056 [info] Running checks...
2024-09-19 17:29:48.056 [info] Starting linting the current package at /home/eduardoabc_edurdo9
2024-09-19 17:29:48.219 [info] /home/eduardoabc_edurdo9>Finished running tool: /google/gopath/bin/staticcheck
2024-09-19 17:29:48.219 [info] 
2024-09-19 17:30:09.693 [info] Running checks...
2024-09-19 17:30:09.694 [info] Starting linting the current package at /home/eduardoabc_edurdo9
2024-09-19 17:30:09.861 [info] /home/eduardoabc_edurdo9>Finished running tool: /google/gopath/bin/staticcheck
2024-09-19 17:30:09.861 [info] 
2024-09-19 17:30:13.471 [info] Running checks...
2024-09-19 17:30:13.471 [info] Starting linting the current package at /home/eduardoabc_edurdo9
2024-09-19 17:30:13.658 [info] /home/eduardoabc_edurdo9>Finished running tool: /google/gopath/bin/staticcheck
2024-09-19 17:30:13.658 [info] 
2024-09-19 17:30:14.857 [info] Running checks...
2024-09-19 17:30:14.857 [info] Starting linting the current package at /home/eduardoabc_edurdo9
2024-09-19 17:30:15.031 [info] /home/eduardoabc_edurdo9>Finished running tool: /google/gopath/bin/staticcheck
2024-09-19 17:30:15.031 [info] 
2024-09-19 17:30:21.230 [info] Running checks...
2024-09-19 17:30:21.231 [info] Starting linting the current package at /home/eduardoabc_edurdo9
2024-09-19 17:30:21.389 [info] /home/eduardoabc_edurdo9>Finished running tool: /google/gopath/bin/staticcheck
2024-09-19 17:30:21.390 [info] 
2024-09-19 17:30:27.085 [info] Running checks...
2024-09-19 17:30:27.085 [info] Starting linting the current package at /home/eduardoabc_edurdo9
2024-09-19 17:30:27.262 [info] /home/eduardoabc_edurdo9>Finished running tool: /google/gopath/bin/staticcheck
2024-09-19 17:30:27.262 [info] 
2024-09-19 17:30:31.452 [info] Running checks...
2024-09-19 17:30:31.452 [info] Starting linting the current package at /home/eduardoabc_edurdo9
2024-09-19 17:30:31.634 [info] /home/eduardoabc_edurdo9>Finished running tool: /google/gopath/bin/staticcheck
2024-09-19 17:30:31.634 [info] 
2024-09-19 17:30:39.944 [info] Running checks...
2024-09-19 17:30:39.945 [info] Starting linting the current package at /home/eduardoabc_edurdo9
2024-09-19 17:30:40.135 [info] /home/eduardoabc_edurdo9>Finished running tool: /google/gopath/bin/staticcheck
2024-09-19 17:30:40.135 [info] 
2024-09-19 17:31:19.656 [info] Running checks...
2024-09-19 17:31:19.656 [info] Starting linting the current package at /home/eduardoabc_edurdo9
2024-09-19 17:31:19.831 [info] /home/eduardoabc_edurdo9>Finished running tool: /google/gopath/bin/staticcheck
2024-09-19 17:31:19.831 [info] 
2024-09-19 17:31:22.694 [info] Running checks...
2024-09-19 17:31:22.694 [info] Starting linting the current package at /home/eduardoabc_edurdo9
2024-09-19 17:31:22.856 [info] /home/eduardoabc_edurdo9>Finished running tool: /google/gopath/bin/staticcheck
2024-09-19 17:31:22.856 [info] 
2024-09-19 17:31:24.395 [info] Running checks...
2024-09-19 17:31:24.395 [info] Starting linting the current package at /home/eduardoabc_edurdo9
2024-09-19 17:31:24.569 [info] /home/eduardoabc_edurdo9>Finished running tool: /google/gopath/bin/staticcheck
2024-09-19 17:31:24.569 [info] 
2024-09-19 17:31:25.850 [info] Running checks...
2024-09-19 17:31:25.850 [info] Starting linting the current package at /home/eduardoabc_edurdo9
2024-09-19 17:31:26.017 [info] /home/eduardoabc_edurdo9>Finished running tool: /google/gopath/bin/staticcheck
2024-09-19 17:31:26.017 [info] 
2024-09-19 17:31:31.333 [info] Running checks...
2024-09-19 17:31:31.333 [info] Starting linting the current package at /home/eduardoabc_edurdo9
2024-09-19 17:31:31.510 [info] /home/eduardoabc_edurdo9>Finished running tool: /google/gopath/bin/staticcheck
2024-09-19 17:31:31.510 [info] 
2024-09-19 17:31:34.110 [info] Running checks...
2024-09-19 17:31:34.110 [info] Starting linting the current package at /home/eduardoabc_edurdo9
2024-09-19 17:31:34.294 [info] /home/eduardoabc_edurdo9>Finished running tool: /google/gopath/bin/staticcheck
2024-09-19 17:31:34.294 [info] 
2024-09-19 17:31:39.343 [info] Running checks...
2024-09-19 17:31:39.343 [info] Starting linting the current package at /home/eduardoabc_edurdo9
2024-09-19 17:31:39.510 [info] /home/eduardoabc_edurdo9>Finished running tool: /google/gopath/bin/staticcheck
2024-09-19 17:31:39.510 [info] 
2024-09-19 17:31:46.681 [info] Running checks...
2024-09-19 17:31:46.681 [info] Starting linting the current package at /home/eduardoabc_edurdo9
2024-09-19 17:31:46.856 [info] /home/eduardoabc_edurdo9>Finished running tool: /google/gopath/bin/staticcheck
2024-09-19 17:31:46.856 [info] 
2024-09-19 17:31:49.773 [info] Running checks...
2024-09-19 17:31:49.773 [info] Starting linting the current package at /home/eduardoabc_edurdo9
2024-09-19 17:31:49.979 [info] /home/eduardoabc_edurdo9>Finished running tool: /google/gopath/bin/staticcheck
2024-09-19 17:31:49.979 [info] 
2024-09-19 17:31:56.090 [info] Running checks...
2024-09-19 17:31:56.091 [info] Starting linting the current package at /home/eduardoabc_edurdo9
2024-09-19 17:31:56.257 [info] /home/eduardoabc_edurdo9>Finished running tool: /google/gopath/bin/staticcheck
2024-09-19 17:31:56.257 [info] 
2024-09-19 17:31:57.494 [info] Running checks...
2024-09-19 17:31:57.494 [info] Starting linting the current package at /home/eduardoabc_edurdo9
2024-09-19 17:31:57.678 [info] /home/eduardoabc_edurdo9>Finished running tool: /google/gopath/bin/staticcheck
2024-09-19 17:31:57.678 [info] 
2024-09-19 17:32:02.549 [info] Running checks...
2024-09-19 17:32:02.549 [info] Starting linting the current package at /home/eduardoabc_edurdo9
2024-09-19 17:32:02.709 [info] /home/eduardoabc_edurdo9>Finished running tool: /google/gopath/bin/staticcheck
2024-09-19 17:32:02.709 [info] 
2024-09-19 17:32:07.154 [info] Running checks...
2024-09-19 17:32:07.154 [info] Starting linting the current package at /home/eduardoabc_edurdo9
2024-09-19 17:32:07.350 [info] /home/eduardoabc_edurdo9>Finished running tool: /google/gopath/bin/staticcheck
2024-09-19 17:32:07.350 [info] 
2024-09-19 17:32:11.348 [info] Running checks...
2024-09-19 17:32:11.348 [info] Starting linting the current package at /home/eduardoabc_edurdo9
2024-09-19 17:32:11.523 [info] /home/eduardoabc_edurdo9>Finished running tool: /google/gopath/bin/staticcheck
2024-09-19 17:32:11.523 [info] 
2024-09-19 17:32:13.201 [info] Running checks...
2024-09-19 17:32:13.201 [info] Starting linting the current package at /home/eduardoabc_edurdo9
2024-09-19 17:32:13.377 [info] /home/eduardoabc_edurdo9>Finished running tool: /google/gopath/bin/staticcheck
2024-09-19 17:32:13.377 [info] 
2024-09-19 17:32:17.555 [info] Running checks...
2024-09-19 17:32:17.555 [info] Starting linting the current package at /home/eduardoabc_edurdo9
2024-09-19 17:32:17.730 [info] /home/eduardoabc_edurdo9>Finished running tool: /google/gopath/bin/staticcheck
2024-09-19 17:32:17.730 [info] 
2024-09-19 17:32:53.513 [info] Running checks...
2024-09-19 17:32:53.513 [info] Starting linting the current package at /home/eduardoabc_edurdo9
2024-09-19 17:32:53.690 [info] /home/eduardoabc_edurdo9>Finished running tool: /google/gopath/bin/staticcheck
2024-09-19 17:32:53.690 [info] 
2024-09-19 17:32:57.538 [info] Running checks...
2024-09-19 17:32:57.538 [info] Starting linting the current package at /home/eduardoabc_edurdo9
2024-09-19 17:32:57.721 [info] /home/eduardoabc_edurdo9>Finished running tool: /google/gopath/bin/staticcheck
2024-09-19 17:32:57.721 [info] 
2024-09-19 17:33:00.522 [info] Running checks...
2024-09-19 17:33:00.522 [info] Starting linting the current package at /home/eduardoabc_edurdo9
2024-09-19 17:33:00.695 [info] /home/eduardoabc_edurdo9>Finished running tool: /google/gopath/bin/staticcheck
2024-09-19 17:33:00.695 [info] 
2024-09-19 17:33:04.200 [info] Running checks...
2024-09-19 17:33:04.201 [info] Starting linting the current package at /home/eduardoabc_edurdo9
2024-09-19 17:33:04.390 [info] /home/eduardoabc_edurdo9>Finished running tool: /google/gopath/bin/staticcheck
2024-09-19 17:33:04.390 [info] 
2024-09-19 17:33:08.594 [info] Running checks...
2024-09-19 17:33:08.594 [info] Starting linting the current package at /home/eduardoabc_edurdo9
2024-09-19 17:33:08.759 [info] /home/eduardoabc_edurdo9>Finished running tool: /google/gopath/bin/staticcheck
2024-09-19 17:33:08.759 [info] 
2024-09-19 17:33:14.017 [info] Running checks...
2024-09-19 17:33:14.017 [info] Starting linting the current package at /home/eduardoabc_edurdo9
2024-09-19 17:33:14.188 [info] /home/eduardoabc_edurdo9>Finished running tool: /google/gopath/bin/staticcheck
2024-09-19 17:33:14.188 [info] 
2024-09-19 17:33:17.392 [info] Running checks...
2024-09-19 17:33:17.393 [info] Starting linting the current package at /home/eduardoabc_edurdo9
2024-09-19 17:33:17.595 [info] /home/eduardoabc_edurdo9>Finished running tool: /google/gopath/bin/staticcheck
2024-09-19 17:33:17.596 [info] 
2024-09-19 17:33:18.950 [info] Running checks...
2024-09-19 17:33:18.950 [info] Starting linting the current package at /home/eduardoabc_edurdo9
2024-09-19 17:33:19.126 [info] /home/eduardoabc_edurdo9>Finished running tool: /google/gopath/bin/staticcheck
2024-09-19 17:33:19.126 [info] 
2024-09-19 17:33:27.744 [info] Running checks...
2024-09-19 17:33:27.744 [info] Starting linting the current package at /home/eduardoabc_edurdo9
2024-09-19 17:33:27.901 [info] /home/eduardoabc_edurdo9>Finished running tool: /google/gopath/bin/staticcheck
2024-09-19 17:33:27.901 [info] 
2024-09-19 17:33:29.377 [info] Running checks...
2024-09-19 17:33:29.377 [info] Starting linting the current package at /home/eduardoabc_edurdo9
2024-09-19 17:33:29.544 [info] /home/eduardoabc_edurdo9>Finished running tool: /google/gopath/bin/staticcheck
2024-09-19 17:33:29.544 [info] 
2024-09-19 17:33:38.572 [info] Running checks...
2024-09-19 17:33:38.573 [info] Starting linting the current package at /home/eduardoabc_edurdo9
2024-09-19 17:33:38.725 [info] /home/eduardoabc_edurdo9>Finished running tool: /google/gopath/bin/staticcheck
2024-09-19 17:33:38.725 [info] 
2024-09-19 17:33:40.309 [info] Running checks...
2024-09-19 17:33:40.309 [info] Starting linting the current package at /home/eduardoabc_edurdo9
2024-09-19 17:33:40.481 [info] /home/eduardoabc_edurdo9>Finished running tool: /google/gopath/bin/staticcheck
2024-09-19 17:33:40.481 [info] 
2024-09-19 17:33:42.374 [info] Running checks...
2024-09-19 17:33:42.374 [info] Starting linting the current package at /home/eduardoabc_edurdo9
2024-09-19 17:33:42.566 [info] /home/eduardoabc_edurdo9>Finished running tool: /google/gopath/bin/staticcheck
2024-09-19 17:33:42.566 [info] 
2024-09-19 17:33:46.471 [info] Running checks...
2024-09-19 17:33:46.471 [info] Starting linting the current package at /home/eduardoabc_edurdo9
2024-09-19 17:33:46.658 [info] /home/eduardoabc_edurdo9>Finished running tool: /google/gopath/bin/staticcheck
2024-09-19 17:33:46.658 [info] 
2024-09-19 17:33:48.452 [info] Running checks...
2024-09-19 17:33:48.452 [info] Starting linting the current package at /home/eduardoabc_edurdo9
2024-09-19 17:33:48.631 [info] /home/eduardoabc_edurdo9>Finished running tool: /google/gopath/bin/staticcheck
2024-09-19 17:33:48.631 [info] 
2024-09-19 17:33:51.349 [info] Running checks...
2024-09-19 17:33:51.349 [info] Starting linting the current package at /home/eduardoabc_edurdo9
2024-09-19 17:33:51.525 [info] /home/eduardoabc_edurdo9>Finished running tool: /google/gopath/bin/staticcheck
2024-09-19 17:33:51.525 [info] 
2024-09-19 17:34:01.092 [info] Running checks...
2024-09-19 17:34:01.092 [info] Starting linting the current package at /home/eduardoabc_edurdo9
2024-09-19 17:34:01.269 [info] /home/eduardoabc_edurdo9>Finished running tool: /google/gopath/bin/staticcheck
2024-09-19 17:34:01.269 [info] 
2024-09-19 17:34:02.428 [info] Running checks...
2024-09-19 17:34:02.428 [info] Starting linting the current package at /home/eduardoabc_edurdo9
2024-09-19 17:34:02.578 [info] /home/eduardoabc_edurdo9>Finished running tool: /google/gopath/bin/staticcheck
2024-09-19 17:34:02.578 [info] 
2024-09-19 17:34:43.198 [info] Running checks...
2024-09-19 17:34:43.198 [info] Starting linting the current package at /home/eduardoabc_edurdo9
2024-09-19 17:34:43.352 [info] /home/eduardoabc_edurdo9>Finished running tool: /google/gopath/bin/staticcheck
2024-09-19 17:34:43.352 [info] 
2024-09-19 17:34:53.902 [info] Running checks...
2024-09-19 17:34:53.902 [info] Starting linting the current package at /home/eduardoabc_edurdo9
2024-09-19 17:34:54.073 [info] /home/eduardoabc_edurdo9>Finished running tool: /google/gopath/bin/staticcheck
2024-09-19 17:34:54.074 [info] 
2024-09-19 17:35:40.954 [info] Running checks...
2024-09-19 17:35:40.954 [info] Starting linting the current package at /home/eduardoabc_edurdo9
2024-09-19 17:35:41.138 [info] /home/eduardoabc_edurdo9>Finished running tool: /google/gopath/bin/staticcheck
2024-09-19 17:35:41.138 [info] 
2024-09-19 17:35:42.934 [info] Running checks...
2024-09-19 17:35:42.934 [info] Starting linting the current package at /home/eduardoabc_edurdo9
2024-09-19 17:35:43.100 [info] /home/eduardoabc_edurdo9>Finished running tool: /google/gopath/bin/staticcheck
2024-09-19 17:35:43.100 [info] 
2024-09-19 17:35:54.345 [info] Running checks...
2024-09-19 17:35:54.346 [info] Starting linting the current package at /home/eduardoabc_edurdo9
2024-09-19 17:35:54.529 [info] /home/eduardoabc_edurdo9>Finished running tool: /google/gopath/bin/staticcheck
2024-09-19 17:35:54.529 [info] 
2024-09-19 17:35:56.683 [info] Running checks...
2024-09-19 17:35:56.684 [info] Starting linting the current package at /home/eduardoabc_edurdo9
2024-09-19 17:35:56.853 [info] /home/eduardoabc_edurdo9>Finished running tool: /google/gopath/bin/staticcheck
2024-09-19 17:35:56.853 [info] 
2024-09-19 17:36:26.352 [info] Running checks...
2024-09-19 17:36:26.352 [info] Starting linting the current package at /home/eduardoabc_edurdo9
2024-09-19 17:36:26.540 [info] /home/eduardoabc_edurdo9>Finished running tool: /google/gopath/bin/staticcheck
2024-09-19 17:36:26.540 [info] 
2024-09-19 17:36:27.461 [info] Running checks...
2024-09-19 17:36:27.461 [info] Starting linting the current package at /home/eduardoabc_edurdo9
2024-09-19 17:36:27.613 [info] /home/eduardoabc_edurdo9>Finished running tool: /google/gopath/bin/staticcheck
2024-09-19 17:36:27.613 [info] 
2024-09-19 17:38:06.089 [info] Running checks...
2024-09-19 17:38:06.089 [info] Starting linting the current package at /home/eduardoabc_edurdo9
2024-09-19 17:38:06.253 [info] /home/eduardoabc_edurdo9>Finished running tool: /google/gopath/bin/staticcheck
2024-09-19 17:38:06.253 [info] 
2024-09-19 17:38:12.129 [info] Running checks...
2024-09-19 17:38:12.129 [info] Starting linting the current package at /home/eduardoabc_edurdo9
2024-09-19 17:38:12.310 [info] /home/eduardoabc_edurdo9>Finished running tool: /google/gopath/bin/staticcheck
2024-09-19 17:38:12.311 [info] 
2024-09-19 17:38:15.207 [info] Running checks...
2024-09-19 17:38:15.207 [info] Starting linting the current package at /home/eduardoabc_edurdo9
2024-09-19 17:38:15.366 [info] /home/eduardoabc_edurdo9>Finished running tool: /google/gopath/bin/staticcheck
2024-09-19 17:38:15.366 [info] 
2024-09-19 17:38:16.802 [info] Running checks...
2024-09-19 17:38:16.802 [info] Starting linting the current package at /home/eduardoabc_edurdo9
2024-09-19 17:38:16.958 [info] /home/eduardoabc_edurdo9>Finished running tool: /google/gopath/bin/staticcheck
2024-09-19 17:38:16.958 [info] 
2024-09-19 17:39:21.207 [info] Running checks...
2024-09-19 17:39:21.208 [info] Starting linting the current package at /home/eduardoabc_edurdo9
2024-09-19 17:39:21.388 [info] /home/eduardoabc_edurdo9>Finished running tool: /google/gopath/bin/staticcheck
2024-09-19 17:39:21.388 [info] 
2024-09-19 17:39:23.086 [info] Running checks...
2024-09-19 17:39:23.086 [info] Starting linting the current package at /home/eduardoabc_edurdo9
2024-09-19 17:39:23.250 [info] /home/eduardoabc_edurdo9>Finished running tool: /google/gopath/bin/staticcheck
2024-09-19 17:39:23.250 [info] 
2024-09-19 17:40:31.100 [info] Running checks...
2024-09-19 17:40:31.101 [info] Starting linting the current package at /home/eduardoabc_edurdo9
2024-09-19 17:40:31.284 [info] /home/eduardoabc_edurdo9>Finished running tool: /google/gopath/bin/staticcheck
2024-09-19 17:40:31.284 [info] 
2024-09-19 17:40:49.098 [info] Running checks...
2024-09-19 17:40:49.098 [info] Starting linting the current package at /home/eduardoabc_edurdo9
2024-09-19 17:40:49.262 [info] /home/eduardoabc_edurdo9>Finished running tool: /google/gopath/bin/staticcheck
2024-09-19 17:40:49.262 [info] 
2024-09-19 17:40:54.904 [info] Running checks...
2024-09-19 17:40:54.904 [info] Starting linting the current package at /home/eduardoabc_edurdo9
2024-09-19 17:40:55.088 [info] /home/eduardoabc_edurdo9>Finished running tool: /google/gopath/bin/staticcheck
2024-09-19 17:40:55.088 [info] 
2024-09-19 17:41:30.253 [info] Running checks...
2024-09-19 17:41:30.254 [info] Starting linting the current package at /home/eduardoabc_edurdo9
2024-09-19 17:41:30.409 [info] /home/eduardoabc_edurdo9>Finished running tool: /google/gopath/bin/staticcheck
2024-09-19 17:41:30.409 [info] 
