[Info  - 4:18:19 PM] 2024/09/19 16:18:19 Created View (#1)
	directory=/home/eduardoabc_edurdo9
	view_type="AdHoc"
	root_dir="file:///home/eduardoabc_edurdo9"
	go_version="go version go1.23.0 linux/amd64"
	build_flags=[]
	env={GOOS:linux GOARCH:amd64 GOCACHE:/home/eduardoabc_edurdo9/.cache/go-build GOMODCACHE:/home/eduardoabc_edurdo9/gopath/pkg/mod GOPATH:/home/eduardoabc_edurdo9/gopath:/google/gopath GOPRIVATE: GOFLAGS: GO111MODULE: GOTOOLCHAIN:auto GoVersion:23 GoVersionOutput:go version go1.23.0 linux/amd64
 ExplicitGOWORK: EffectiveGOPACKAGESDRIVER:}
	env_overlay=[]

[Info  - 4:18:19 PM] 2024/09/19 16:18:19 go/packages.Load #1
	view_id="1"
	snapshot=0
	directory=/home/eduardoabc_edurdo9
	query=[./ builtin]
	packages=2
	duration=148.244302ms

[Error - 4:18:20 PM] 2024/09/19 16:18:20 imports fixes: allImportsFixes: /home/eduardoabc_edurdo9/teste.go:1:1: expected ';', found 'EOF' (and 2 more errors)
	file="/home/eduardoabc_edurdo9/teste.go"

[Error - 4:18:20 PM] 2024/09/19 16:18:20 imports fixes: allImportsFixes: /home/eduardoabc_edurdo9/teste.go:1:1: expected ';', found 'EOF' (and 2 more errors)
	file="/home/eduardoabc_edurdo9/teste.go"

[Info  - 4:18:42 PM] 2024/09/19 16:18:42 go/packages.Load #3
	view_id="1"
	snapshot=2
	directory=/home/eduardoabc_edurdo9
	query=[./]
	packages=1
	duration=333.701056ms

[Info  - 4:18:42 PM] 2024/09/19 16:18:42 go/packages.Load #2
	view_id="1"
	snapshot=2
	directory=/home/eduardoabc_edurdo9
	query=[./]
	packages=1
	duration=382.291427ms

[Info  - 4:18:49 PM] 2024/09/19 16:18:49 background imports cache refresh starting

[Info  - 4:18:49 PM] 2024/09/19 16:18:49 background refresh finished after 7.734426ms

[Info  - 4:18:50 PM] 2024/09/19 16:18:50 Shutdown session
	shutdown_session=1

