2024-09-20 12:30:16.523 [info] Extension host with pid 1181 started
2024-09-20 12:30:16.538 [info] Lock '/home/eduardoabc_edurdo9/.codeoss/data/User/workspaceStorage/75fe83f9/vscode.lock': Lock acquired.
2024-09-20 12:30:16.782 [info] ExtensionService#_doActivateExtension vscode.emmet, startup: false, activationEvent: 'onLanguage'
2024-09-20 12:30:17.785 [info] ExtensionService#_doActivateExtension vscode.git-base, startup: true, activationEvent: '*', root cause: vscode.git
2024-09-20 12:30:18.426 [info] ExtensionService#_doActivateExtension redhat.fabric8-analytics, startup: true, activationEvent: 'workspaceContains:**/package.json,**/pom.xml,**/go.mod,**/requirements.txt'
2024-09-20 12:30:18.985 [error] No bundle location found for extension redhat.fabric8-analytics
2024-09-20 12:30:19.353 [info] ExtensionService#_doActivateExtension vscode.git, startup: true, activationEvent: '*'
2024-09-20 12:30:19.354 [info] ExtensionService#_doActivateExtension vscode.github, startup: true, activationEvent: '*'
2024-09-20 12:30:20.469 [warning] Using default string since no string found in i18n bundle that has the key: Log level: {0}
2024-09-20 12:30:20.472 [warning] Using default string since no string found in i18n bundle that has the key: Validating found git in: "{0}"
2024-09-20 12:30:20.511 [warning] Using default string since no string found in i18n bundle that has the key: Using git "{0}" from "{1}"
2024-09-20 12:30:20.538 [info] Eager extensions activated
2024-09-20 12:30:20.538 [info] ExtensionService#_doActivateExtension EditorConfig.EditorConfig, startup: false, activationEvent: 'onStartupFinished'
2024-09-20 12:30:20.539 [info] ExtensionService#_doActivateExtension google.cloud-shell, startup: false, activationEvent: 'onStartupFinished'
2024-09-20 12:30:20.539 [info] ExtensionService#_doActivateExtension googlecloudtools.cloudcode, startup: false, activationEvent: 'onStartupFinished'
2024-09-20 12:30:20.540 [info] ExtensionService#_doActivateExtension vscode.debug-auto-launch, startup: false, activationEvent: 'onStartupFinished'
2024-09-20 12:30:20.540 [info] ExtensionService#_doActivateExtension vscode.merge-conflict, startup: false, activationEvent: 'onStartupFinished'
2024-09-20 12:30:21.455 [error] No bundle location found for extension EditorConfig.EditorConfig
2024-09-20 12:30:21.678 [error] No bundle location found for extension googlecloudtools.cloudcode
2024-09-20 12:30:24.577 [error] No bundle location found for extension google.cloud-shell
2024-09-20 12:30:25.272 [info] ExtensionService#_doActivateExtension vscode.json-language-features, startup: false, activationEvent: 'onLanguage:jsonc'
2024-09-20 12:30:25.273 [info] ExtensionService#_doActivateExtension vscode.typescript-language-features, startup: false, activationEvent: 'onLanguage:jsonc'
2024-09-20 12:37:56.338 [info] ExtensionService#_doActivateExtension golang.go, startup: false, activationEvent: 'onLanguage:go'
2024-09-20 12:37:58.130 [error] No bundle location found for extension golang.go
2024-09-20 12:39:59.622 [error] [golang.go] provider FAILED
2024-09-20 12:39:59.631 [error] Error: no package data for import "list"
    at handleResponse (/google/devshell/editor/code-oss-for-cloud-shell/extensions/golang.Go/dist/goMain.js:8606:40)
    at handleMessage (/google/devshell/editor/code-oss-for-cloud-shell/extensions/golang.Go/dist/goMain.js:8416:11)
    at processMessageQueue (/google/devshell/editor/code-oss-for-cloud-shell/extensions/golang.Go/dist/goMain.js:8431:13)
    at Immediate.<anonymous> (/google/devshell/editor/code-oss-for-cloud-shell/extensions/golang.Go/dist/goMain.js:8407:11)
    at processImmediate (node:internal/timers:476:21)
2024-09-20 12:40:16.712 [error] [golang.go] provider FAILED
2024-09-20 12:40:16.714 [error] Error: no package data for import "list"
    at handleResponse (/google/devshell/editor/code-oss-for-cloud-shell/extensions/golang.Go/dist/goMain.js:8606:40)
    at handleMessage (/google/devshell/editor/code-oss-for-cloud-shell/extensions/golang.Go/dist/goMain.js:8416:11)
    at processMessageQueue (/google/devshell/editor/code-oss-for-cloud-shell/extensions/golang.Go/dist/goMain.js:8431:13)
    at Immediate.<anonymous> (/google/devshell/editor/code-oss-for-cloud-shell/extensions/golang.Go/dist/goMain.js:8407:11)
    at processImmediate (node:internal/timers:476:21)
2024-09-20 12:40:18.394 [error] [golang.go] provider FAILED
2024-09-20 12:40:18.395 [error] Error: no package data for import "list"
    at handleResponse (/google/devshell/editor/code-oss-for-cloud-shell/extensions/golang.Go/dist/goMain.js:8606:40)
    at handleMessage (/google/devshell/editor/code-oss-for-cloud-shell/extensions/golang.Go/dist/goMain.js:8416:11)
    at processMessageQueue (/google/devshell/editor/code-oss-for-cloud-shell/extensions/golang.Go/dist/goMain.js:8431:13)
    at Immediate.<anonymous> (/google/devshell/editor/code-oss-for-cloud-shell/extensions/golang.Go/dist/goMain.js:8407:11)
    at processImmediate (node:internal/timers:476:21)
2024-09-20 12:40:20.373 [error] [golang.go] provider FAILED
2024-09-20 12:40:20.374 [error] Error: context canceled
    at handleResponse (/google/devshell/editor/code-oss-for-cloud-shell/extensions/golang.Go/dist/goMain.js:8606:40)
    at handleMessage (/google/devshell/editor/code-oss-for-cloud-shell/extensions/golang.Go/dist/goMain.js:8416:11)
    at processMessageQueue (/google/devshell/editor/code-oss-for-cloud-shell/extensions/golang.Go/dist/goMain.js:8431:13)
    at Immediate.<anonymous> (/google/devshell/editor/code-oss-for-cloud-shell/extensions/golang.Go/dist/goMain.js:8407:11)
    at processImmediate (node:internal/timers:476:21)
2024-09-20 12:40:23.315 [error] [golang.go] provider FAILED
2024-09-20 12:40:23.316 [error] Error: getting file for InlayHint: context canceled
    at handleResponse (/google/devshell/editor/code-oss-for-cloud-shell/extensions/golang.Go/dist/goMain.js:8606:40)
    at handleMessage (/google/devshell/editor/code-oss-for-cloud-shell/extensions/golang.Go/dist/goMain.js:8416:11)
    at processMessageQueue (/google/devshell/editor/code-oss-for-cloud-shell/extensions/golang.Go/dist/goMain.js:8431:13)
    at Immediate.<anonymous> (/google/devshell/editor/code-oss-for-cloud-shell/extensions/golang.Go/dist/goMain.js:8407:11)
    at processImmediate (node:internal/timers:476:21)
2024-09-20 12:42:26.112 [error] [golang.go] provider FAILED
2024-09-20 12:42:26.113 [error] Error: no package data for import "lista"
    at handleResponse (/google/devshell/editor/code-oss-for-cloud-shell/extensions/golang.Go/dist/goMain.js:8606:40)
    at handleMessage (/google/devshell/editor/code-oss-for-cloud-shell/extensions/golang.Go/dist/goMain.js:8416:11)
    at processMessageQueue (/google/devshell/editor/code-oss-for-cloud-shell/extensions/golang.Go/dist/goMain.js:8431:13)
    at Immediate.<anonymous> (/google/devshell/editor/code-oss-for-cloud-shell/extensions/golang.Go/dist/goMain.js:8407:11)
    at processImmediate (node:internal/timers:476:21)
2024-09-20 12:42:27.146 [error] [golang.go] provider FAILED
2024-09-20 12:42:27.147 [error] Error: failed to resolve import "lista"
    at handleResponse (/google/devshell/editor/code-oss-for-cloud-shell/extensions/golang.Go/dist/goMain.js:8606:40)
    at handleMessage (/google/devshell/editor/code-oss-for-cloud-shell/extensions/golang.Go/dist/goMain.js:8416:11)
    at processMessageQueue (/google/devshell/editor/code-oss-for-cloud-shell/extensions/golang.Go/dist/goMain.js:8431:13)
    at Immediate.<anonymous> (/google/devshell/editor/code-oss-for-cloud-shell/extensions/golang.Go/dist/goMain.js:8407:11)
    at processImmediate (node:internal/timers:476:21)
2024-09-20 12:42:27.277 [error] [golang.go] provider FAILED
2024-09-20 12:42:27.277 [error] Error: no package data for import "lista"
    at handleResponse (/google/devshell/editor/code-oss-for-cloud-shell/extensions/golang.Go/dist/goMain.js:8606:40)
    at handleMessage (/google/devshell/editor/code-oss-for-cloud-shell/extensions/golang.Go/dist/goMain.js:8416:11)
    at processMessageQueue (/google/devshell/editor/code-oss-for-cloud-shell/extensions/golang.Go/dist/goMain.js:8431:13)
    at Immediate.<anonymous> (/google/devshell/editor/code-oss-for-cloud-shell/extensions/golang.Go/dist/goMain.js:8407:11)
    at processImmediate (node:internal/timers:476:21)
2024-09-20 12:42:30.463 [error] [golang.go] provider FAILED
2024-09-20 12:42:30.464 [error] Error: no package data for import "/home/eduardoabc_edurdo9/lista"
    at handleResponse (/google/devshell/editor/code-oss-for-cloud-shell/extensions/golang.Go/dist/goMain.js:8606:40)
    at handleMessage (/google/devshell/editor/code-oss-for-cloud-shell/extensions/golang.Go/dist/goMain.js:8416:11)
    at processMessageQueue (/google/devshell/editor/code-oss-for-cloud-shell/extensions/golang.Go/dist/goMain.js:8431:13)
    at Immediate.<anonymous> (/google/devshell/editor/code-oss-for-cloud-shell/extensions/golang.Go/dist/goMain.js:8407:11)
    at processImmediate (node:internal/timers:476:21)
2024-09-20 12:42:40.277 [error] [golang.go] provider FAILED
2024-09-20 12:42:40.278 [error] Error: no package data for import "/home/eduardoabc_edurdo9/lista"
    at handleResponse (/google/devshell/editor/code-oss-for-cloud-shell/extensions/golang.Go/dist/goMain.js:8606:40)
    at handleMessage (/google/devshell/editor/code-oss-for-cloud-shell/extensions/golang.Go/dist/goMain.js:8416:11)
    at processMessageQueue (/google/devshell/editor/code-oss-for-cloud-shell/extensions/golang.Go/dist/goMain.js:8431:13)
    at Immediate.<anonymous> (/google/devshell/editor/code-oss-for-cloud-shell/extensions/golang.Go/dist/goMain.js:8407:11)
    at processImmediate (node:internal/timers:476:21)
2024-09-20 12:42:40.927 [error] [golang.go] provider FAILED
2024-09-20 12:42:40.928 [error] Error: no package data for import "/home/eduardoabc_edurdo9/lista"
    at handleResponse (/google/devshell/editor/code-oss-for-cloud-shell/extensions/golang.Go/dist/goMain.js:8606:40)
    at handleMessage (/google/devshell/editor/code-oss-for-cloud-shell/extensions/golang.Go/dist/goMain.js:8416:11)
    at processMessageQueue (/google/devshell/editor/code-oss-for-cloud-shell/extensions/golang.Go/dist/goMain.js:8431:13)
    at Immediate.<anonymous> (/google/devshell/editor/code-oss-for-cloud-shell/extensions/golang.Go/dist/goMain.js:8407:11)
    at processImmediate (node:internal/timers:476:21)
2024-09-20 12:42:41.593 [error] [golang.go] provider FAILED
2024-09-20 12:42:41.594 [error] Error: no package data for import "/home/eduardoabc_edurdo9/lista"
    at handleResponse (/google/devshell/editor/code-oss-for-cloud-shell/extensions/golang.Go/dist/goMain.js:8606:40)
    at handleMessage (/google/devshell/editor/code-oss-for-cloud-shell/extensions/golang.Go/dist/goMain.js:8416:11)
    at processMessageQueue (/google/devshell/editor/code-oss-for-cloud-shell/extensions/golang.Go/dist/goMain.js:8431:13)
    at Immediate.<anonymous> (/google/devshell/editor/code-oss-for-cloud-shell/extensions/golang.Go/dist/goMain.js:8407:11)
    at processImmediate (node:internal/timers:476:21)
2024-09-20 12:42:42.001 [error] [golang.go] provider FAILED
2024-09-20 12:42:42.002 [error] Error: no package data for import "/home/eduardoabc_edurdo9/lista"
    at handleResponse (/google/devshell/editor/code-oss-for-cloud-shell/extensions/golang.Go/dist/goMain.js:8606:40)
    at handleMessage (/google/devshell/editor/code-oss-for-cloud-shell/extensions/golang.Go/dist/goMain.js:8416:11)
    at processMessageQueue (/google/devshell/editor/code-oss-for-cloud-shell/extensions/golang.Go/dist/goMain.js:8431:13)
    at Immediate.<anonymous> (/google/devshell/editor/code-oss-for-cloud-shell/extensions/golang.Go/dist/goMain.js:8407:11)
    at processImmediate (node:internal/timers:476:21)
2024-09-20 12:42:44.793 [error] [golang.go] provider FAILED
2024-09-20 12:42:44.794 [error] Error: no package data for import "/home/eduardoabc_edurdo9/lista"
    at handleResponse (/google/devshell/editor/code-oss-for-cloud-shell/extensions/golang.Go/dist/goMain.js:8606:40)
    at handleMessage (/google/devshell/editor/code-oss-for-cloud-shell/extensions/golang.Go/dist/goMain.js:8416:11)
    at processMessageQueue (/google/devshell/editor/code-oss-for-cloud-shell/extensions/golang.Go/dist/goMain.js:8431:13)
    at Immediate.<anonymous> (/google/devshell/editor/code-oss-for-cloud-shell/extensions/golang.Go/dist/goMain.js:8407:11)
    at processImmediate (node:internal/timers:476:21)
2024-09-20 12:43:16.497 [error] [golang.go] provider FAILED
2024-09-20 12:43:16.497 [error] Error: context canceled
    at handleResponse (/google/devshell/editor/code-oss-for-cloud-shell/extensions/golang.Go/dist/goMain.js:8606:40)
    at handleMessage (/google/devshell/editor/code-oss-for-cloud-shell/extensions/golang.Go/dist/goMain.js:8416:11)
    at processMessageQueue (/google/devshell/editor/code-oss-for-cloud-shell/extensions/golang.Go/dist/goMain.js:8431:13)
    at Immediate.<anonymous> (/google/devshell/editor/code-oss-for-cloud-shell/extensions/golang.Go/dist/goMain.js:8407:11)
    at processImmediate (node:internal/timers:476:21)
2024-09-20 12:43:17.424 [error] [golang.go] provider FAILED
2024-09-20 12:43:17.425 [error] Error: no package data for import "lista"
    at handleResponse (/google/devshell/editor/code-oss-for-cloud-shell/extensions/golang.Go/dist/goMain.js:8606:40)
    at handleMessage (/google/devshell/editor/code-oss-for-cloud-shell/extensions/golang.Go/dist/goMain.js:8416:11)
    at processMessageQueue (/google/devshell/editor/code-oss-for-cloud-shell/extensions/golang.Go/dist/goMain.js:8431:13)
    at Immediate.<anonymous> (/google/devshell/editor/code-oss-for-cloud-shell/extensions/golang.Go/dist/goMain.js:8407:11)
    at processImmediate (node:internal/timers:476:21)
2024-09-20 12:45:47.994 [error] [golang.go] provider FAILED
2024-09-20 12:45:47.995 [error] Error: no package data for file:///home/eduardoabc_edurdo9/main.go
    at handleResponse (/google/devshell/editor/code-oss-for-cloud-shell/extensions/golang.Go/dist/goMain.js:8606:40)
    at handleMessage (/google/devshell/editor/code-oss-for-cloud-shell/extensions/golang.Go/dist/goMain.js:8416:11)
    at processMessageQueue (/google/devshell/editor/code-oss-for-cloud-shell/extensions/golang.Go/dist/goMain.js:8431:13)
    at Immediate.<anonymous> (/google/devshell/editor/code-oss-for-cloud-shell/extensions/golang.Go/dist/goMain.js:8407:11)
    at processImmediate (node:internal/timers:476:21)
2024-09-20 12:53:20.815 [error] [golang.go] provider FAILED
2024-09-20 12:53:20.816 [error] Error: no package data for import "/home/eduardoabc_edurdo9/ED"
    at handleResponse (/google/devshell/editor/code-oss-for-cloud-shell/extensions/golang.Go/dist/goMain.js:8606:40)
    at handleMessage (/google/devshell/editor/code-oss-for-cloud-shell/extensions/golang.Go/dist/goMain.js:8416:11)
    at processMessageQueue (/google/devshell/editor/code-oss-for-cloud-shell/extensions/golang.Go/dist/goMain.js:8431:13)
    at Immediate.<anonymous> (/google/devshell/editor/code-oss-for-cloud-shell/extensions/golang.Go/dist/goMain.js:8407:11)
    at processImmediate (node:internal/timers:476:21)
2024-09-20 12:53:22.431 [error] [golang.go] provider FAILED
2024-09-20 12:53:22.431 [error] Error: no package data for import "/home/eduardoabc_edurdo9/ED"
    at handleResponse (/google/devshell/editor/code-oss-for-cloud-shell/extensions/golang.Go/dist/goMain.js:8606:40)
    at handleMessage (/google/devshell/editor/code-oss-for-cloud-shell/extensions/golang.Go/dist/goMain.js:8416:11)
    at processMessageQueue (/google/devshell/editor/code-oss-for-cloud-shell/extensions/golang.Go/dist/goMain.js:8431:13)
    at Immediate.<anonymous> (/google/devshell/editor/code-oss-for-cloud-shell/extensions/golang.Go/dist/goMain.js:8407:11)
    at processImmediate (node:internal/timers:476:21)
2024-09-20 12:53:52.278 [error] [golang.go] provider FAILED
2024-09-20 12:53:52.278 [error] Error: no package data for import "/home/eduardoabc_edurdo9/ED"
    at handleResponse (/google/devshell/editor/code-oss-for-cloud-shell/extensions/golang.Go/dist/goMain.js:8606:40)
    at handleMessage (/google/devshell/editor/code-oss-for-cloud-shell/extensions/golang.Go/dist/goMain.js:8416:11)
    at processMessageQueue (/google/devshell/editor/code-oss-for-cloud-shell/extensions/golang.Go/dist/goMain.js:8431:13)
    at Immediate.<anonymous> (/google/devshell/editor/code-oss-for-cloud-shell/extensions/golang.Go/dist/goMain.js:8407:11)
    at processImmediate (node:internal/timers:476:21)
2024-09-20 12:54:24.875 [error] [golang.go] provider FAILED
2024-09-20 12:54:24.876 [error] Error: no package data for import "ArrayList"
    at handleResponse (/google/devshell/editor/code-oss-for-cloud-shell/extensions/golang.Go/dist/goMain.js:8606:40)
    at handleMessage (/google/devshell/editor/code-oss-for-cloud-shell/extensions/golang.Go/dist/goMain.js:8416:11)
    at processMessageQueue (/google/devshell/editor/code-oss-for-cloud-shell/extensions/golang.Go/dist/goMain.js:8431:13)
    at Immediate.<anonymous> (/google/devshell/editor/code-oss-for-cloud-shell/extensions/golang.Go/dist/goMain.js:8407:11)
    at processImmediate (node:internal/timers:476:21)
2024-09-20 12:54:25.623 [error] [golang.go] provider FAILED
2024-09-20 12:54:25.624 [error] Error: no package data for import "ArrayList"
    at handleResponse (/google/devshell/editor/code-oss-for-cloud-shell/extensions/golang.Go/dist/goMain.js:8606:40)
    at handleMessage (/google/devshell/editor/code-oss-for-cloud-shell/extensions/golang.Go/dist/goMain.js:8416:11)
    at processMessageQueue (/google/devshell/editor/code-oss-for-cloud-shell/extensions/golang.Go/dist/goMain.js:8431:13)
    at Immediate.<anonymous> (/google/devshell/editor/code-oss-for-cloud-shell/extensions/golang.Go/dist/goMain.js:8407:11)
    at processImmediate (node:internal/timers:476:21)
2024-09-20 12:55:10.701 [error] [golang.go] provider FAILED
2024-09-20 12:55:10.702 [error] Error: no package data for import "/home/eduardoabc_edurdo9/implementacoes"
    at handleResponse (/google/devshell/editor/code-oss-for-cloud-shell/extensions/golang.Go/dist/goMain.js:8606:40)
    at handleMessage (/google/devshell/editor/code-oss-for-cloud-shell/extensions/golang.Go/dist/goMain.js:8416:11)
    at processMessageQueue (/google/devshell/editor/code-oss-for-cloud-shell/extensions/golang.Go/dist/goMain.js:8431:13)
    at Immediate.<anonymous> (/google/devshell/editor/code-oss-for-cloud-shell/extensions/golang.Go/dist/goMain.js:8407:11)
    at processImmediate (node:internal/timers:476:21)
2024-09-20 12:55:19.300 [error] [golang.go] provider FAILED
2024-09-20 12:55:19.301 [error] Error: no package data for import "/home/eduardoabc_edurdo9/implementacoes"
    at handleResponse (/google/devshell/editor/code-oss-for-cloud-shell/extensions/golang.Go/dist/goMain.js:8606:40)
    at handleMessage (/google/devshell/editor/code-oss-for-cloud-shell/extensions/golang.Go/dist/goMain.js:8416:11)
    at processMessageQueue (/google/devshell/editor/code-oss-for-cloud-shell/extensions/golang.Go/dist/goMain.js:8431:13)
    at Immediate.<anonymous> (/google/devshell/editor/code-oss-for-cloud-shell/extensions/golang.Go/dist/goMain.js:8407:11)
    at processImmediate (node:internal/timers:476:21)
2024-09-20 12:55:26.384 [error] [golang.go] provider FAILED
2024-09-20 12:55:26.385 [error] Error: no package data for import "/home/eduardoabc_edurdo9/implementacoes"
    at handleResponse (/google/devshell/editor/code-oss-for-cloud-shell/extensions/golang.Go/dist/goMain.js:8606:40)
    at handleMessage (/google/devshell/editor/code-oss-for-cloud-shell/extensions/golang.Go/dist/goMain.js:8416:11)
    at processMessageQueue (/google/devshell/editor/code-oss-for-cloud-shell/extensions/golang.Go/dist/goMain.js:8431:13)
    at Immediate.<anonymous> (/google/devshell/editor/code-oss-for-cloud-shell/extensions/golang.Go/dist/goMain.js:8407:11)
    at processImmediate (node:internal/timers:476:21)
2024-09-20 12:55:34.431 [error] [golang.go] provider FAILED
2024-09-20 12:55:34.431 [error] Error: context canceled
    at handleResponse (/google/devshell/editor/code-oss-for-cloud-shell/extensions/golang.Go/dist/goMain.js:8606:40)
    at handleMessage (/google/devshell/editor/code-oss-for-cloud-shell/extensions/golang.Go/dist/goMain.js:8416:11)
    at processMessageQueue (/google/devshell/editor/code-oss-for-cloud-shell/extensions/golang.Go/dist/goMain.js:8431:13)
    at Immediate.<anonymous> (/google/devshell/editor/code-oss-for-cloud-shell/extensions/golang.Go/dist/goMain.js:8407:11)
    at processImmediate (node:internal/timers:476:21)
2024-09-20 12:56:33.708 [error] [golang.go] provider FAILED
2024-09-20 12:56:33.709 [error] Error: context canceled
    at handleResponse (/google/devshell/editor/code-oss-for-cloud-shell/extensions/golang.Go/dist/goMain.js:8606:40)
    at handleMessage (/google/devshell/editor/code-oss-for-cloud-shell/extensions/golang.Go/dist/goMain.js:8416:11)
    at processMessageQueue (/google/devshell/editor/code-oss-for-cloud-shell/extensions/golang.Go/dist/goMain.js:8431:13)
    at Immediate.<anonymous> (/google/devshell/editor/code-oss-for-cloud-shell/extensions/golang.Go/dist/goMain.js:8407:11)
    at processImmediate (node:internal/timers:476:21)
2024-09-20 12:56:38.724 [error] [golang.go] provider FAILED
2024-09-20 12:56:38.725 [error] Error: context canceled
    at handleResponse (/google/devshell/editor/code-oss-for-cloud-shell/extensions/golang.Go/dist/goMain.js:8606:40)
    at handleMessage (/google/devshell/editor/code-oss-for-cloud-shell/extensions/golang.Go/dist/goMain.js:8416:11)
    at processMessageQueue (/google/devshell/editor/code-oss-for-cloud-shell/extensions/golang.Go/dist/goMain.js:8431:13)
    at Immediate.<anonymous> (/google/devshell/editor/code-oss-for-cloud-shell/extensions/golang.Go/dist/goMain.js:8407:11)
    at processImmediate (node:internal/timers:476:21)
2024-09-20 12:57:03.803 [error] [golang.go] provider FAILED
2024-09-20 12:57:03.803 [error] Error: invalid import path
    at handleResponse (/google/devshell/editor/code-oss-for-cloud-shell/extensions/golang.Go/dist/goMain.js:8606:40)
    at handleMessage (/google/devshell/editor/code-oss-for-cloud-shell/extensions/golang.Go/dist/goMain.js:8416:11)
    at processMessageQueue (/google/devshell/editor/code-oss-for-cloud-shell/extensions/golang.Go/dist/goMain.js:8431:13)
    at Immediate.<anonymous> (/google/devshell/editor/code-oss-for-cloud-shell/extensions/golang.Go/dist/goMain.js:8407:11)
    at processImmediate (node:internal/timers:476:21)
2024-09-20 12:57:04.053 [error] [golang.go] provider FAILED
2024-09-20 12:57:04.053 [error] Error: invalid import path
    at handleResponse (/google/devshell/editor/code-oss-for-cloud-shell/extensions/golang.Go/dist/goMain.js:8606:40)
    at handleMessage (/google/devshell/editor/code-oss-for-cloud-shell/extensions/golang.Go/dist/goMain.js:8416:11)
    at processMessageQueue (/google/devshell/editor/code-oss-for-cloud-shell/extensions/golang.Go/dist/goMain.js:8431:13)
    at Immediate.<anonymous> (/google/devshell/editor/code-oss-for-cloud-shell/extensions/golang.Go/dist/goMain.js:8407:11)
    at processImmediate (node:internal/timers:476:21)
2024-09-20 12:57:13.338 [error] [golang.go] provider FAILED
2024-09-20 12:57:13.339 [error] Error: context canceled
    at handleResponse (/google/devshell/editor/code-oss-for-cloud-shell/extensions/golang.Go/dist/goMain.js:8606:40)
    at handleMessage (/google/devshell/editor/code-oss-for-cloud-shell/extensions/golang.Go/dist/goMain.js:8416:11)
    at processMessageQueue (/google/devshell/editor/code-oss-for-cloud-shell/extensions/golang.Go/dist/goMain.js:8431:13)
    at Immediate.<anonymous> (/google/devshell/editor/code-oss-for-cloud-shell/extensions/golang.Go/dist/goMain.js:8407:11)
    at processImmediate (node:internal/timers:476:21)
2024-09-20 13:14:23.602 [error] [golang.go] provider FAILED
2024-09-20 13:14:23.602 [error] Error: context canceled
    at handleResponse (/google/devshell/editor/code-oss-for-cloud-shell/extensions/golang.Go/dist/goMain.js:8606:40)
    at handleMessage (/google/devshell/editor/code-oss-for-cloud-shell/extensions/golang.Go/dist/goMain.js:8416:11)
    at processMessageQueue (/google/devshell/editor/code-oss-for-cloud-shell/extensions/golang.Go/dist/goMain.js:8431:13)
    at Immediate.<anonymous> (/google/devshell/editor/code-oss-for-cloud-shell/extensions/golang.Go/dist/goMain.js:8407:11)
    at processImmediate (node:internal/timers:476:21)
2024-09-20 13:15:58.315 [error] [golang.go] provider FAILED
2024-09-20 13:15:58.316 [error] Error: no package data for import "/implementacoes"
    at handleResponse (/google/devshell/editor/code-oss-for-cloud-shell/extensions/golang.Go/dist/goMain.js:8606:40)
    at handleMessage (/google/devshell/editor/code-oss-for-cloud-shell/extensions/golang.Go/dist/goMain.js:8416:11)
    at processMessageQueue (/google/devshell/editor/code-oss-for-cloud-shell/extensions/golang.Go/dist/goMain.js:8431:13)
    at Immediate.<anonymous> (/google/devshell/editor/code-oss-for-cloud-shell/extensions/golang.Go/dist/goMain.js:8407:11)
    at processImmediate (node:internal/timers:476:21)
2024-09-20 13:15:59.611 [error] [golang.go] provider FAILED
2024-09-20 13:15:59.612 [error] Error: context canceled
    at handleResponse (/google/devshell/editor/code-oss-for-cloud-shell/extensions/golang.Go/dist/goMain.js:8606:40)
    at handleMessage (/google/devshell/editor/code-oss-for-cloud-shell/extensions/golang.Go/dist/goMain.js:8416:11)
    at processMessageQueue (/google/devshell/editor/code-oss-for-cloud-shell/extensions/golang.Go/dist/goMain.js:8431:13)
    at Immediate.<anonymous> (/google/devshell/editor/code-oss-for-cloud-shell/extensions/golang.Go/dist/goMain.js:8407:11)
    at processImmediate (node:internal/timers:476:21)
2024-09-20 13:16:03.942 [error] [golang.go] provider FAILED
2024-09-20 13:16:03.943 [error] Error: context canceled
    at handleResponse (/google/devshell/editor/code-oss-for-cloud-shell/extensions/golang.Go/dist/goMain.js:8606:40)
    at handleMessage (/google/devshell/editor/code-oss-for-cloud-shell/extensions/golang.Go/dist/goMain.js:8416:11)
    at processMessageQueue (/google/devshell/editor/code-oss-for-cloud-shell/extensions/golang.Go/dist/goMain.js:8431:13)
    at Immediate.<anonymous> (/google/devshell/editor/code-oss-for-cloud-shell/extensions/golang.Go/dist/goMain.js:8407:11)
    at processImmediate (node:internal/timers:476:21)
2024-09-20 13:16:04.567 [error] [golang.go] provider FAILED
2024-09-20 13:16:04.568 [error] Error: context canceled
    at handleResponse (/google/devshell/editor/code-oss-for-cloud-shell/extensions/golang.Go/dist/goMain.js:8606:40)
    at handleMessage (/google/devshell/editor/code-oss-for-cloud-shell/extensions/golang.Go/dist/goMain.js:8416:11)
    at processMessageQueue (/google/devshell/editor/code-oss-for-cloud-shell/extensions/golang.Go/dist/goMain.js:8431:13)
    at Immediate.<anonymous> (/google/devshell/editor/code-oss-for-cloud-shell/extensions/golang.Go/dist/goMain.js:8407:11)
    at processImmediate (node:internal/timers:476:21)
2024-09-20 13:16:08.636 [error] [golang.go] provider FAILED
2024-09-20 13:16:08.636 [error] Error: context canceled
    at handleResponse (/google/devshell/editor/code-oss-for-cloud-shell/extensions/golang.Go/dist/goMain.js:8606:40)
    at handleMessage (/google/devshell/editor/code-oss-for-cloud-shell/extensions/golang.Go/dist/goMain.js:8416:11)
    at processMessageQueue (/google/devshell/editor/code-oss-for-cloud-shell/extensions/golang.Go/dist/goMain.js:8431:13)
    at Immediate.<anonymous> (/google/devshell/editor/code-oss-for-cloud-shell/extensions/golang.Go/dist/goMain.js:8407:11)
    at processImmediate (node:internal/timers:476:21)
2024-09-20 13:21:48.794 [error] [golang.go] provider FAILED
2024-09-20 13:21:48.794 [error] Error: no package data for import "Projects/interfaces"
    at handleResponse (/google/devshell/editor/code-oss-for-cloud-shell/extensions/golang.Go/dist/goMain.js:8606:40)
    at handleMessage (/google/devshell/editor/code-oss-for-cloud-shell/extensions/golang.Go/dist/goMain.js:8416:11)
    at processMessageQueue (/google/devshell/editor/code-oss-for-cloud-shell/extensions/golang.Go/dist/goMain.js:8431:13)
    at Immediate.<anonymous> (/google/devshell/editor/code-oss-for-cloud-shell/extensions/golang.Go/dist/goMain.js:8407:11)
    at processImmediate (node:internal/timers:476:21)
2024-09-20 13:21:49.417 [error] [golang.go] provider FAILED
2024-09-20 13:21:49.418 [error] Error: no package data for import "Projects/interfaces"
    at handleResponse (/google/devshell/editor/code-oss-for-cloud-shell/extensions/golang.Go/dist/goMain.js:8606:40)
    at handleMessage (/google/devshell/editor/code-oss-for-cloud-shell/extensions/golang.Go/dist/goMain.js:8416:11)
    at processMessageQueue (/google/devshell/editor/code-oss-for-cloud-shell/extensions/golang.Go/dist/goMain.js:8431:13)
    at Immediate.<anonymous> (/google/devshell/editor/code-oss-for-cloud-shell/extensions/golang.Go/dist/goMain.js:8407:11)
    at processImmediate (node:internal/timers:476:21)
2024-09-20 13:21:50.246 [error] [golang.go] provider FAILED
2024-09-20 13:21:50.247 [error] Error: no package data for import "Projects/interfaces"
    at handleResponse (/google/devshell/editor/code-oss-for-cloud-shell/extensions/golang.Go/dist/goMain.js:8606:40)
    at handleMessage (/google/devshell/editor/code-oss-for-cloud-shell/extensions/golang.Go/dist/goMain.js:8416:11)
    at processMessageQueue (/google/devshell/editor/code-oss-for-cloud-shell/extensions/golang.Go/dist/goMain.js:8431:13)
    at Immediate.<anonymous> (/google/devshell/editor/code-oss-for-cloud-shell/extensions/golang.Go/dist/goMain.js:8407:11)
    at processImmediate (node:internal/timers:476:21)
2024-09-20 13:21:52.729 [error] [golang.go] provider FAILED
2024-09-20 13:21:52.730 [error] Error: context canceled
    at handleResponse (/google/devshell/editor/code-oss-for-cloud-shell/extensions/golang.Go/dist/goMain.js:8606:40)
    at handleMessage (/google/devshell/editor/code-oss-for-cloud-shell/extensions/golang.Go/dist/goMain.js:8416:11)
    at processMessageQueue (/google/devshell/editor/code-oss-for-cloud-shell/extensions/golang.Go/dist/goMain.js:8431:13)
    at Immediate.<anonymous> (/google/devshell/editor/code-oss-for-cloud-shell/extensions/golang.Go/dist/goMain.js:8407:11)
    at processImmediate (node:internal/timers:476:21)
2024-09-20 13:21:56.773 [error] [golang.go] provider FAILED
2024-09-20 13:21:56.773 [error] Error: context canceled
    at handleResponse (/google/devshell/editor/code-oss-for-cloud-shell/extensions/golang.Go/dist/goMain.js:8606:40)
    at handleMessage (/google/devshell/editor/code-oss-for-cloud-shell/extensions/golang.Go/dist/goMain.js:8416:11)
    at processMessageQueue (/google/devshell/editor/code-oss-for-cloud-shell/extensions/golang.Go/dist/goMain.js:8431:13)
    at Immediate.<anonymous> (/google/devshell/editor/code-oss-for-cloud-shell/extensions/golang.Go/dist/goMain.js:8407:11)
    at processImmediate (node:internal/timers:476:21)
2024-09-20 13:22:29.056 [error] [golang.go] provider FAILED
2024-09-20 13:22:29.056 [error] Error: no package data for import "Projects/implementacoes"
    at handleResponse (/google/devshell/editor/code-oss-for-cloud-shell/extensions/golang.Go/dist/goMain.js:8606:40)
    at handleMessage (/google/devshell/editor/code-oss-for-cloud-shell/extensions/golang.Go/dist/goMain.js:8416:11)
    at processMessageQueue (/google/devshell/editor/code-oss-for-cloud-shell/extensions/golang.Go/dist/goMain.js:8431:13)
    at Immediate.<anonymous> (/google/devshell/editor/code-oss-for-cloud-shell/extensions/golang.Go/dist/goMain.js:8407:11)
    at processImmediate (node:internal/timers:476:21)
2024-09-20 13:22:38.633 [error] [golang.go] provider FAILED
2024-09-20 13:22:38.633 [error] Error: no package data for import "/home/eduardoabc_edurdo9/Projects/implementacoes"
    at handleResponse (/google/devshell/editor/code-oss-for-cloud-shell/extensions/golang.Go/dist/goMain.js:8606:40)
    at handleMessage (/google/devshell/editor/code-oss-for-cloud-shell/extensions/golang.Go/dist/goMain.js:8416:11)
    at processMessageQueue (/google/devshell/editor/code-oss-for-cloud-shell/extensions/golang.Go/dist/goMain.js:8431:13)
    at Immediate.<anonymous> (/google/devshell/editor/code-oss-for-cloud-shell/extensions/golang.Go/dist/goMain.js:8407:11)
    at processImmediate (node:internal/timers:476:21)
2024-09-20 13:22:38.799 [error] [golang.go] provider FAILED
2024-09-20 13:22:38.799 [error] Error: no package data for import "/home/eduardoabc_edurdo9/Projects/implementacoes"
    at handleResponse (/google/devshell/editor/code-oss-for-cloud-shell/extensions/golang.Go/dist/goMain.js:8606:40)
    at handleMessage (/google/devshell/editor/code-oss-for-cloud-shell/extensions/golang.Go/dist/goMain.js:8416:11)
    at processMessageQueue (/google/devshell/editor/code-oss-for-cloud-shell/extensions/golang.Go/dist/goMain.js:8431:13)
    at Immediate.<anonymous> (/google/devshell/editor/code-oss-for-cloud-shell/extensions/golang.Go/dist/goMain.js:8407:11)
    at processImmediate (node:internal/timers:476:21)
2024-09-20 13:22:39.452 [error] [golang.go] provider FAILED
2024-09-20 13:22:39.452 [error] Error: no package data for import "/home/eduardoabc_edurdo9/Projects/implementacoes"
    at handleResponse (/google/devshell/editor/code-oss-for-cloud-shell/extensions/golang.Go/dist/goMain.js:8606:40)
    at handleMessage (/google/devshell/editor/code-oss-for-cloud-shell/extensions/golang.Go/dist/goMain.js:8416:11)
    at processMessageQueue (/google/devshell/editor/code-oss-for-cloud-shell/extensions/golang.Go/dist/goMain.js:8431:13)
    at Immediate.<anonymous> (/google/devshell/editor/code-oss-for-cloud-shell/extensions/golang.Go/dist/goMain.js:8407:11)
    at processImmediate (node:internal/timers:476:21)
2024-09-20 13:25:25.712 [error] [golang.go] provider FAILED
2024-09-20 13:25:25.713 [error] Error: no package data for import "/home/eduardoabc_edurdo9/Projects/interfaces"
    at handleResponse (/google/devshell/editor/code-oss-for-cloud-shell/extensions/golang.Go/dist/goMain.js:8606:40)
    at handleMessage (/google/devshell/editor/code-oss-for-cloud-shell/extensions/golang.Go/dist/goMain.js:8416:11)
    at processMessageQueue (/google/devshell/editor/code-oss-for-cloud-shell/extensions/golang.Go/dist/goMain.js:8431:13)
    at Immediate.<anonymous> (/google/devshell/editor/code-oss-for-cloud-shell/extensions/golang.Go/dist/goMain.js:8407:11)
    at processImmediate (node:internal/timers:476:21)
2024-09-20 13:26:39.220 [error] [golang.go] provider FAILED
2024-09-20 13:26:39.221 [error] Error: no package data for import "/home/eduardoabc_edurdo9/Projects/interfaces"
    at handleResponse (/google/devshell/editor/code-oss-for-cloud-shell/extensions/golang.Go/dist/goMain.js:8606:40)
    at handleMessage (/google/devshell/editor/code-oss-for-cloud-shell/extensions/golang.Go/dist/goMain.js:8416:11)
    at processMessageQueue (/google/devshell/editor/code-oss-for-cloud-shell/extensions/golang.Go/dist/goMain.js:8431:13)
    at Immediate.<anonymous> (/google/devshell/editor/code-oss-for-cloud-shell/extensions/golang.Go/dist/goMain.js:8407:11)
    at processImmediate (node:internal/timers:476:21)
2024-09-20 13:26:40.301 [error] [golang.go] provider FAILED
2024-09-20 13:26:40.302 [error] Error: no package data for import "/home/eduardoabc_edurdo9/Projects/interfaces"
    at handleResponse (/google/devshell/editor/code-oss-for-cloud-shell/extensions/golang.Go/dist/goMain.js:8606:40)
    at handleMessage (/google/devshell/editor/code-oss-for-cloud-shell/extensions/golang.Go/dist/goMain.js:8416:11)
    at processMessageQueue (/google/devshell/editor/code-oss-for-cloud-shell/extensions/golang.Go/dist/goMain.js:8431:13)
    at Immediate.<anonymous> (/google/devshell/editor/code-oss-for-cloud-shell/extensions/golang.Go/dist/goMain.js:8407:11)
    at processImmediate (node:internal/timers:476:21)
2024-09-20 13:26:42.801 [error] [golang.go] provider FAILED
2024-09-20 13:26:42.801 [error] Error: no package data for import "/home/eduardoabc_edurdo9/Projects/interfaces"
    at handleResponse (/google/devshell/editor/code-oss-for-cloud-shell/extensions/golang.Go/dist/goMain.js:8606:40)
    at handleMessage (/google/devshell/editor/code-oss-for-cloud-shell/extensions/golang.Go/dist/goMain.js:8416:11)
    at processMessageQueue (/google/devshell/editor/code-oss-for-cloud-shell/extensions/golang.Go/dist/goMain.js:8431:13)
    at Immediate.<anonymous> (/google/devshell/editor/code-oss-for-cloud-shell/extensions/golang.Go/dist/goMain.js:8407:11)
    at processImmediate (node:internal/timers:476:21)
2024-09-20 13:29:24.372 [error] [golang.go] provider FAILED
2024-09-20 13:29:24.373 [error] Error: no package data for import "/home/eduardoabc_edurdo9/Projects/implementacoes"
    at handleResponse (/google/devshell/editor/code-oss-for-cloud-shell/extensions/golang.Go/dist/goMain.js:8606:40)
    at handleMessage (/google/devshell/editor/code-oss-for-cloud-shell/extensions/golang.Go/dist/goMain.js:8416:11)
    at processMessageQueue (/google/devshell/editor/code-oss-for-cloud-shell/extensions/golang.Go/dist/goMain.js:8431:13)
    at Immediate.<anonymous> (/google/devshell/editor/code-oss-for-cloud-shell/extensions/golang.Go/dist/goMain.js:8407:11)
    at processImmediate (node:internal/timers:476:21)
2024-09-20 13:29:26.316 [error] [golang.go] provider FAILED
2024-09-20 13:29:26.317 [error] Error: no package data for import "/home/eduardoabc_edurdo9/Projects/implementacoes"
    at handleResponse (/google/devshell/editor/code-oss-for-cloud-shell/extensions/golang.Go/dist/goMain.js:8606:40)
    at handleMessage (/google/devshell/editor/code-oss-for-cloud-shell/extensions/golang.Go/dist/goMain.js:8416:11)
    at processMessageQueue (/google/devshell/editor/code-oss-for-cloud-shell/extensions/golang.Go/dist/goMain.js:8431:13)
    at Immediate.<anonymous> (/google/devshell/editor/code-oss-for-cloud-shell/extensions/golang.Go/dist/goMain.js:8407:11)
    at processImmediate (node:internal/timers:476:21)
2024-09-20 13:29:26.614 [error] [golang.go] provider FAILED
2024-09-20 13:29:26.614 [error] Error: no package data for import "/home/eduardoabc_edurdo9/Projects/implementacoes"
    at handleResponse (/google/devshell/editor/code-oss-for-cloud-shell/extensions/golang.Go/dist/goMain.js:8606:40)
    at handleMessage (/google/devshell/editor/code-oss-for-cloud-shell/extensions/golang.Go/dist/goMain.js:8416:11)
    at processMessageQueue (/google/devshell/editor/code-oss-for-cloud-shell/extensions/golang.Go/dist/goMain.js:8431:13)
    at Immediate.<anonymous> (/google/devshell/editor/code-oss-for-cloud-shell/extensions/golang.Go/dist/goMain.js:8407:11)
    at processImmediate (node:internal/timers:476:21)
2024-09-20 13:52:34.575 [info] Extension host terminating: received terminate message from renderer
2024-09-20 13:52:34.576 [info] Lock '/home/eduardoabc_edurdo9/.codeoss/data/User/workspaceStorage/75fe83f9/vscode.lock': Marking the lockfile as scheduled to be released in 6000 ms.
2024-09-20 13:52:34.649 [info] Extension host with pid 1181 exiting with code 0
