2024-09-19 16:18:05.867 [info] Extension host with pid 1194 started
2024-09-19 16:18:05.891 [info] Lock '/home/eduardoabc_edurdo9/.codeoss/data/User/workspaceStorage/70e4428a/vscode.lock': Lock acquired.
2024-09-19 16:18:06.078 [info] ExtensionService#_doActivateExtension vscode.emmet, startup: false, activationEvent: 'onLanguage'
2024-09-19 16:18:07.082 [info] ExtensionService#_doActivateExtension vscode.git-base, startup: true, activationEvent: '*', root cause: vscode.git
2024-09-19 16:18:08.576 [info] ExtensionService#_doActivateExtension vscode.git, startup: true, activationEvent: '*'
2024-09-19 16:18:08.577 [info] ExtensionService#_doActivateExtension vscode.github, startup: true, activationEvent: '*'
2024-09-19 16:18:10.087 [warning] Using default string since no string found in i18n bundle that has the key: Log level: {0}
2024-09-19 16:18:10.090 [warning] Using default string since no string found in i18n bundle that has the key: Validating found git in: "{0}"
2024-09-19 16:18:10.127 [warning] Using default string since no string found in i18n bundle that has the key: Using git "{0}" from "{1}"
2024-09-19 16:18:10.153 [info] Eager extensions activated
2024-09-19 16:18:10.153 [info] ExtensionService#_doActivateExtension EditorConfig.EditorConfig, startup: false, activationEvent: 'onStartupFinished'
2024-09-19 16:18:10.154 [info] ExtensionService#_doActivateExtension google.cloud-shell, startup: false, activationEvent: 'onStartupFinished'
2024-09-19 16:18:10.154 [info] ExtensionService#_doActivateExtension googlecloudtools.cloudcode, startup: false, activationEvent: 'onStartupFinished'
2024-09-19 16:18:10.155 [info] ExtensionService#_doActivateExtension vscode.debug-auto-launch, startup: false, activationEvent: 'onStartupFinished'
2024-09-19 16:18:10.155 [info] ExtensionService#_doActivateExtension vscode.merge-conflict, startup: false, activationEvent: 'onStartupFinished'
2024-09-19 16:18:10.884 [error] No bundle location found for extension googlecloudtools.cloudcode
2024-09-19 16:18:10.884 [error] No bundle location found for extension google.cloud-shell
2024-09-19 16:18:13.520 [error] No bundle location found for extension EditorConfig.EditorConfig
2024-09-19 16:18:13.711 [info] ExtensionService#_doActivateExtension vscode.json-language-features, startup: false, activationEvent: 'onLanguage:jsonc'
2024-09-19 16:18:13.712 [info] ExtensionService#_doActivateExtension vscode.typescript-language-features, startup: false, activationEvent: 'onLanguage:jsonc'
2024-09-19 16:18:17.305 [info] ExtensionService#_doActivateExtension golang.go, startup: false, activationEvent: 'onLanguage:go'
2024-09-19 16:18:17.849 [error] No bundle location found for extension golang.go
2024-09-19 16:18:50.188 [info] Extension host terminating: received terminate message from renderer
2024-09-19 16:18:50.189 [info] Lock '/home/eduardoabc_edurdo9/.codeoss/data/User/workspaceStorage/70e4428a/vscode.lock': Marking the lockfile as scheduled to be released in 6000 ms.
2024-09-19 16:18:50.250 [info] Extension host with pid 1194 exiting with code 0
