2024-09-20 13:52:55.123 [info] Log level: Info
2024-09-20 13:52:55.128 [info] Validating found git in: "git"
2024-09-20 13:52:55.128 [info] Using git "2.34.1" from "git"
2024-09-20 13:52:55.128 [info] > git rev-parse --show-toplevel [4ms]
2024-09-20 13:52:55.128 [info] fatal: not a git repository (or any parent up to mount point /)
Stopping at filesystem boundary (GIT_DISCOVERY_ACROSS_FILESYSTEM not set).
2024-09-20 13:52:55.129 [info] > git rev-parse --show-toplevel [3ms]
2024-09-20 13:52:55.129 [info] fatal: not a git repository (or any parent up to mount point /)
Stopping at filesystem boundary (GIT_DISCOVERY_ACROSS_FILESYSTEM not set).
2024-09-20 13:52:55.130 [info] > git rev-parse --show-toplevel [2ms]
2024-09-20 13:52:55.130 [info] fatal: not a git repository (or any parent up to mount point /)
Stopping at filesystem boundary (GIT_DISCOVERY_ACROSS_FILESYSTEM not set).
2024-09-20 13:52:55.130 [info] > git rev-parse --show-toplevel [2ms]
2024-09-20 13:52:55.130 [info] fatal: not a git repository (or any parent up to mount point /)
Stopping at filesystem boundary (GIT_DISCOVERY_ACROSS_FILESYSTEM not set).
2024-09-20 13:52:55.131 [info] > git rev-parse --show-toplevel [2ms]
2024-09-20 13:52:55.131 [info] fatal: not a git repository (or any parent up to mount point /)
Stopping at filesystem boundary (GIT_DISCOVERY_ACROSS_FILESYSTEM not set).
2024-09-20 13:52:55.131 [info] > git rev-parse --show-toplevel [2ms]
2024-09-20 13:52:55.133 [info] fatal: not a git repository (or any parent up to mount point /)
Stopping at filesystem boundary (GIT_DISCOVERY_ACROSS_FILESYSTEM not set).
2024-09-20 13:52:55.133 [info] > git rev-parse --show-toplevel [2ms]
2024-09-20 13:52:55.133 [info] fatal: not a git repository (or any parent up to mount point /)
Stopping at filesystem boundary (GIT_DISCOVERY_ACROSS_FILESYSTEM not set).
2024-09-20 13:52:55.134 [info] > git rev-parse --show-toplevel [2ms]
2024-09-20 13:52:55.134 [info] fatal: not a git repository (or any parent up to mount point /)
Stopping at filesystem boundary (GIT_DISCOVERY_ACROSS_FILESYSTEM not set).
2024-09-20 13:52:55.134 [info] > git rev-parse --show-toplevel [2ms]
2024-09-20 13:52:55.134 [info] fatal: not a git repository (or any parent up to mount point /)
Stopping at filesystem boundary (GIT_DISCOVERY_ACROSS_FILESYSTEM not set).
2024-09-20 13:52:55.135 [info] > git rev-parse --show-toplevel [2ms]
2024-09-20 13:52:55.135 [info] fatal: not a git repository (or any parent up to mount point /)
Stopping at filesystem boundary (GIT_DISCOVERY_ACROSS_FILESYSTEM not set).
2024-09-20 13:52:55.135 [info] > git rev-parse --show-toplevel [4ms]
2024-09-20 13:52:55.135 [info] fatal: not a git repository (or any parent up to mount point /)
Stopping at filesystem boundary (GIT_DISCOVERY_ACROSS_FILESYSTEM not set).
2024-09-20 13:52:55.135 [info] > git rev-parse --show-toplevel [66ms]
2024-09-20 13:52:55.135 [info] fatal: not a git repository (or any parent up to mount point /)
Stopping at filesystem boundary (GIT_DISCOVERY_ACROSS_FILESYSTEM not set).
