2024-09-20 12:38:14.183 [info] Running checks...
2024-09-20 12:38:14.184 [info] Starting linting the current package at /home/eduardoabc_edurdo9
2024-09-20 12:38:14.495 [info] /home/eduardoabc_edurdo9>Finished running tool: /google/gopath/bin/staticcheck
2024-09-20 12:38:14.495 [info] 
2024-09-20 12:38:19.631 [info] Running checks...
2024-09-20 12:38:19.631 [info] Starting linting the current package at /home/eduardoabc_edurdo9
2024-09-20 12:38:19.811 [info] /home/eduardoabc_edurdo9>Finished running tool: /google/gopath/bin/staticcheck
2024-09-20 12:38:19.811 [info] 
2024-09-20 12:39:08.620 [info] Running checks...
2024-09-20 12:39:08.620 [info] Starting linting the current package at /home/eduardoabc_edurdo9
2024-09-20 12:39:08.833 [info] /home/eduardoabc_edurdo9>Finished running tool: /google/gopath/bin/staticcheck
2024-09-20 12:39:08.833 [info] 
2024-09-20 12:39:19.535 [info] Running checks...
2024-09-20 12:39:19.535 [info] Starting linting the current package at /home/eduardoabc_edurdo9
2024-09-20 12:39:19.714 [info] /home/eduardoabc_edurdo9>Finished running tool: /google/gopath/bin/staticcheck
2024-09-20 12:39:19.714 [info] 
2024-09-20 12:39:23.454 [info] Running checks...
2024-09-20 12:39:23.454 [info] Starting linting the current package at /home/eduardoabc_edurdo9
2024-09-20 12:39:23.635 [info] /home/eduardoabc_edurdo9>Finished running tool: /google/gopath/bin/staticcheck
2024-09-20 12:39:23.635 [info] 
2024-09-20 12:39:38.360 [info] Running checks...
2024-09-20 12:39:38.360 [info] Starting linting the current package at /home/eduardoabc_edurdo9
2024-09-20 12:39:38.538 [info] /home/eduardoabc_edurdo9>Finished running tool: /google/gopath/bin/staticcheck
2024-09-20 12:39:38.541 [info] 
2024-09-20 12:39:40.908 [info] Running checks...
2024-09-20 12:39:40.908 [info] Starting linting the current package at /home/eduardoabc_edurdo9
2024-09-20 12:39:41.075 [info] /home/eduardoabc_edurdo9>Finished running tool: /google/gopath/bin/staticcheck
2024-09-20 12:39:41.075 [info] 
2024-09-20 12:39:46.342 [info] Running checks...
2024-09-20 12:39:46.342 [info] Starting linting the current package at /home/eduardoabc_edurdo9
2024-09-20 12:39:46.533 [info] /home/eduardoabc_edurdo9>Finished running tool: /google/gopath/bin/staticcheck
2024-09-20 12:39:46.533 [info] 
2024-09-20 12:39:51.559 [info] Running checks...
2024-09-20 12:39:51.559 [info] Starting linting the current package at /home/eduardoabc_edurdo9
2024-09-20 12:39:51.777 [info] /home/eduardoabc_edurdo9>Finished running tool: /google/gopath/bin/staticcheck
2024-09-20 12:39:51.777 [info] 
2024-09-20 12:39:58.810 [info] Running checks...
2024-09-20 12:39:58.811 [info] Starting linting the current package at /home/eduardoabc_edurdo9
2024-09-20 12:39:58.993 [info] /home/eduardoabc_edurdo9>Finished running tool: /google/gopath/bin/staticcheck
2024-09-20 12:39:58.993 [info] 
2024-09-20 12:40:00.719 [info] Running checks...
2024-09-20 12:40:00.720 [info] Starting linting the current package at /home/eduardoabc_edurdo9
2024-09-20 12:40:00.880 [info] /home/eduardoabc_edurdo9>Finished running tool: /google/gopath/bin/staticcheck
2024-09-20 12:40:00.880 [info] 
2024-09-20 12:40:07.354 [info] Running checks...
2024-09-20 12:40:07.354 [info] Starting linting the current package at /home/eduardoabc_edurdo9
2024-09-20 12:40:07.552 [info] /home/eduardoabc_edurdo9>Finished running tool: /google/gopath/bin/staticcheck
2024-09-20 12:40:07.552 [info] 
2024-09-20 12:40:13.238 [info] Running checks...
2024-09-20 12:40:13.238 [info] Starting linting the current package at /home/eduardoabc_edurdo9
2024-09-20 12:40:13.442 [info] /home/eduardoabc_edurdo9>Finished running tool: /google/gopath/bin/staticcheck
2024-09-20 12:40:13.442 [info] 
2024-09-20 12:40:15.269 [info] Running checks...
2024-09-20 12:40:15.269 [info] Starting linting the current package at /home/eduardoabc_edurdo9
2024-09-20 12:40:15.455 [info] /home/eduardoabc_edurdo9>Finished running tool: /google/gopath/bin/staticcheck
2024-09-20 12:40:15.455 [info] 
2024-09-20 12:40:16.566 [info] Running checks...
2024-09-20 12:40:16.567 [info] Starting linting the current package at /home/eduardoabc_edurdo9
2024-09-20 12:40:16.737 [info] /home/eduardoabc_edurdo9>Finished running tool: /google/gopath/bin/staticcheck
2024-09-20 12:40:16.737 [info] 
2024-09-20 12:40:19.837 [info] Running checks...
2024-09-20 12:40:19.838 [info] Starting linting the current package at /home/eduardoabc_edurdo9
2024-09-20 12:40:20.144 [info] /home/eduardoabc_edurdo9>Finished running tool: /google/gopath/bin/staticcheck
2024-09-20 12:40:20.144 [info] 
2024-09-20 12:40:22.591 [info] Running checks...
2024-09-20 12:40:22.591 [info] Starting linting the current package at /home/eduardoabc_edurdo9
2024-09-20 12:40:22.770 [info] /home/eduardoabc_edurdo9>Finished running tool: /google/gopath/bin/staticcheck
2024-09-20 12:40:22.770 [info] 
2024-09-20 12:40:24.220 [info] Running checks...
2024-09-20 12:40:24.220 [info] Starting linting the current package at /home/eduardoabc_edurdo9
2024-09-20 12:40:24.429 [info] /home/eduardoabc_edurdo9>Finished running tool: /google/gopath/bin/staticcheck
2024-09-20 12:40:24.429 [info] 
2024-09-20 12:42:29.080 [info] Running checks...
2024-09-20 12:42:29.081 [info] Starting linting the current package at /home/eduardoabc_edurdo9
2024-09-20 12:42:29.257 [info] /home/eduardoabc_edurdo9>Finished running tool: /google/gopath/bin/staticcheck
2024-09-20 12:42:29.258 [info] 
2024-09-20 12:42:49.894 [info] Running checks...
2024-09-20 12:42:49.894 [info] Starting linting the current package at /home/eduardoabc_edurdo9
2024-09-20 12:42:50.094 [info] /home/eduardoabc_edurdo9>Finished running tool: /google/gopath/bin/staticcheck
2024-09-20 12:42:50.094 [info] 
2024-09-20 12:42:51.768 [info] Running checks...
2024-09-20 12:42:51.769 [info] Starting linting the current package at /home/eduardoabc_edurdo9
2024-09-20 12:42:51.958 [info] /home/eduardoabc_edurdo9>Finished running tool: /google/gopath/bin/staticcheck
2024-09-20 12:42:51.958 [info] 
2024-09-20 12:42:54.004 [info] Running checks...
2024-09-20 12:42:54.005 [info] Starting linting the current package at /home/eduardoabc_edurdo9
2024-09-20 12:42:54.195 [info] /home/eduardoabc_edurdo9>Finished running tool: /google/gopath/bin/staticcheck
2024-09-20 12:42:54.195 [info] 
2024-09-20 12:43:04.262 [info] Running checks...
2024-09-20 12:43:04.262 [info] Starting linting the current package at /home/eduardoabc_edurdo9
2024-09-20 12:43:04.446 [info] /home/eduardoabc_edurdo9>Finished running tool: /google/gopath/bin/staticcheck
2024-09-20 12:43:04.446 [info] 
2024-09-20 12:43:23.077 [info] Running checks...
2024-09-20 12:43:23.077 [info] Starting linting the current package at /home/eduardoabc_edurdo9
2024-09-20 12:43:23.293 [info] /home/eduardoabc_edurdo9>Finished running tool: /google/gopath/bin/staticcheck
2024-09-20 12:43:23.293 [info] 
2024-09-20 12:43:24.811 [info] Running checks...
2024-09-20 12:43:24.811 [info] Starting linting the current package at /home/eduardoabc_edurdo9
2024-09-20 12:43:25.018 [info] /home/eduardoabc_edurdo9>Finished running tool: /google/gopath/bin/staticcheck
2024-09-20 12:43:25.019 [info] 
2024-09-20 12:43:28.275 [info] Running checks...
2024-09-20 12:43:28.276 [info] Starting linting the current package at /home/eduardoabc_edurdo9
2024-09-20 12:43:28.458 [info] /home/eduardoabc_edurdo9>Finished running tool: /google/gopath/bin/staticcheck
2024-09-20 12:43:28.458 [info] 
2024-09-20 12:43:43.999 [info] Running checks...
2024-09-20 12:43:43.999 [info] Starting linting the current package at /home/eduardoabc_edurdo9
2024-09-20 12:43:44.173 [info] /home/eduardoabc_edurdo9>Finished running tool: /google/gopath/bin/staticcheck
2024-09-20 12:43:44.173 [info] 
2024-09-20 12:43:46.829 [info] Running checks...
2024-09-20 12:43:46.829 [info] Starting linting the current package at /home/eduardoabc_edurdo9
2024-09-20 12:43:47.046 [info] /home/eduardoabc_edurdo9>Finished running tool: /google/gopath/bin/staticcheck
2024-09-20 12:43:47.046 [info] 
2024-09-20 12:43:51.812 [info] Running checks...
2024-09-20 12:43:51.812 [info] Starting linting the current package at /home/eduardoabc_edurdo9
2024-09-20 12:43:52.013 [info] /home/eduardoabc_edurdo9>Finished running tool: /google/gopath/bin/staticcheck
2024-09-20 12:43:52.014 [info] 
2024-09-20 12:44:04.803 [info] Running checks...
2024-09-20 12:44:04.803 [info] Starting linting the current package at /home/eduardoabc_edurdo9
2024-09-20 12:44:04.999 [info] /home/eduardoabc_edurdo9>Finished running tool: /google/gopath/bin/staticcheck
2024-09-20 12:44:04.999 [info] 
2024-09-20 12:44:10.988 [info] Running checks...
2024-09-20 12:44:10.988 [info] Starting linting the current package at /home/eduardoabc_edurdo9
2024-09-20 12:44:11.142 [info] /home/eduardoabc_edurdo9>Finished running tool: /google/gopath/bin/staticcheck
2024-09-20 12:44:11.143 [info] 
2024-09-20 12:44:36.209 [info] Running checks...
2024-09-20 12:44:36.209 [info] Starting linting the current package at /home/eduardoabc_edurdo9
2024-09-20 12:44:36.392 [info] /home/eduardoabc_edurdo9>Finished running tool: /google/gopath/bin/staticcheck
2024-09-20 12:44:36.392 [info] 
2024-09-20 12:44:48.495 [info] Running checks...
2024-09-20 12:44:48.495 [info] Starting linting the current package at /home/eduardoabc_edurdo9
2024-09-20 12:44:48.676 [info] /home/eduardoabc_edurdo9>Finished running tool: /google/gopath/bin/staticcheck
2024-09-20 12:44:48.676 [info] 
2024-09-20 12:44:50.603 [info] Running checks...
2024-09-20 12:44:50.603 [info] Starting linting the current package at /home/eduardoabc_edurdo9
2024-09-20 12:44:50.806 [info] /home/eduardoabc_edurdo9>Finished running tool: /google/gopath/bin/staticcheck
2024-09-20 12:44:50.806 [info] 
2024-09-20 12:44:55.076 [info] Running checks...
2024-09-20 12:44:55.076 [info] Starting linting the current package at /home/eduardoabc_edurdo9
2024-09-20 12:44:55.263 [info] /home/eduardoabc_edurdo9>Finished running tool: /google/gopath/bin/staticcheck
2024-09-20 12:44:55.263 [info] 
2024-09-20 12:45:01.237 [info] Running checks...
2024-09-20 12:45:01.237 [info] Starting linting the current package at /home/eduardoabc_edurdo9
2024-09-20 12:45:01.458 [info] /home/eduardoabc_edurdo9>Finished running tool: /google/gopath/bin/staticcheck
2024-09-20 12:45:01.458 [info] 
2024-09-20 12:45:05.943 [info] Running checks...
2024-09-20 12:45:05.943 [info] Starting linting the current package at /home/eduardoabc_edurdo9
2024-09-20 12:45:06.125 [info] /home/eduardoabc_edurdo9>Finished running tool: /google/gopath/bin/staticcheck
2024-09-20 12:45:06.125 [info] 
2024-09-20 12:45:24.332 [info] Running checks...
2024-09-20 12:45:24.332 [info] Starting linting the current package at /home/eduardoabc_edurdo9
2024-09-20 12:45:24.537 [info] /home/eduardoabc_edurdo9>Finished running tool: /google/gopath/bin/staticcheck
2024-09-20 12:45:24.537 [info] 
2024-09-20 12:45:30.179 [info] Running checks...
2024-09-20 12:45:30.179 [info] Starting linting the current package at /home/eduardoabc_edurdo9
2024-09-20 12:45:30.371 [info] /home/eduardoabc_edurdo9>Finished running tool: /google/gopath/bin/staticcheck
2024-09-20 12:45:30.371 [info] 
2024-09-20 12:45:36.088 [info] Running checks...
2024-09-20 12:45:36.088 [info] Starting linting the current package at /home/eduardoabc_edurdo9
2024-09-20 12:45:36.270 [info] /home/eduardoabc_edurdo9>Finished running tool: /google/gopath/bin/staticcheck
2024-09-20 12:45:36.270 [info] 
2024-09-20 12:45:47.742 [info] Running checks...
2024-09-20 12:45:47.742 [info] Starting linting the current package at /home/eduardoabc_edurdo9
2024-09-20 12:45:47.935 [info] /home/eduardoabc_edurdo9>Finished running tool: /google/gopath/bin/staticcheck
2024-09-20 12:45:47.935 [info] 
2024-09-20 12:50:40.573 [info] Running checks...
2024-09-20 12:50:40.573 [info] Starting linting the current package at /home/eduardoabc_edurdo9/ED
2024-09-20 12:50:40.743 [info] /home/eduardoabc_edurdo9/ED>Finished running tool: /google/gopath/bin/staticcheck
2024-09-20 12:50:40.743 [info] 
2024-09-20 12:51:36.351 [info] Running checks...
2024-09-20 12:51:36.352 [info] Starting linting the current package at /home/eduardoabc_edurdo9/implementacoes
2024-09-20 12:51:36.606 [info] /home/eduardoabc_edurdo9/implementacoes>Finished running tool: /google/gopath/bin/staticcheck
2024-09-20 12:51:36.606 [info] 
2024-09-20 12:51:37.984 [info] Running checks...
2024-09-20 12:51:37.984 [info] Starting linting the current package at /home/eduardoabc_edurdo9/implementacoes
2024-09-20 12:51:38.165 [info] /home/eduardoabc_edurdo9/implementacoes>Finished running tool: /google/gopath/bin/staticcheck
2024-09-20 12:51:38.165 [info] 
2024-09-20 12:52:00.482 [info] Running checks...
2024-09-20 12:52:00.483 [info] Starting linting the current package at /home/eduardoabc_edurdo9/implementacoes
2024-09-20 12:52:00.659 [info] /home/eduardoabc_edurdo9/implementacoes>Finished running tool: /google/gopath/bin/staticcheck
2024-09-20 12:52:00.659 [info] 
2024-09-20 12:53:20.472 [info] Running checks...
2024-09-20 12:53:20.472 [info] Starting linting the current package at /home/eduardoabc_edurdo9/implementacoes
2024-09-20 12:53:20.634 [info] /home/eduardoabc_edurdo9/implementacoes>Finished running tool: /google/gopath/bin/staticcheck
2024-09-20 12:53:20.634 [info] 
2024-09-20 12:54:32.750 [info] Running checks...
2024-09-20 12:54:32.750 [info] Starting linting the current package at /home/eduardoabc_edurdo9
2024-09-20 12:54:32.948 [info] /home/eduardoabc_edurdo9>Finished running tool: /google/gopath/bin/staticcheck
2024-09-20 12:54:32.949 [info] 
2024-09-20 12:55:13.768 [info] Running checks...
2024-09-20 12:55:13.768 [info] Starting linting the current package at /home/eduardoabc_edurdo9
2024-09-20 12:55:14.021 [info] /home/eduardoabc_edurdo9>Finished running tool: /google/gopath/bin/staticcheck
2024-09-20 12:55:14.021 [info] 
2024-09-20 12:55:16.475 [info] Running checks...
2024-09-20 12:55:16.475 [info] Starting linting the current package at /home/eduardoabc_edurdo9
2024-09-20 12:55:16.667 [info] /home/eduardoabc_edurdo9>Finished running tool: /google/gopath/bin/staticcheck
2024-09-20 12:55:16.667 [info] 
2024-09-20 12:55:28.877 [info] Running checks...
2024-09-20 12:55:28.877 [info] Starting linting the current package at /home/eduardoabc_edurdo9
2024-09-20 12:55:29.060 [info] /home/eduardoabc_edurdo9>Finished running tool: /google/gopath/bin/staticcheck
2024-09-20 12:55:29.060 [info] 
2024-09-20 12:55:38.393 [info] Running checks...
2024-09-20 12:55:38.393 [info] Starting linting the current package at /home/eduardoabc_edurdo9
2024-09-20 12:55:38.563 [info] /home/eduardoabc_edurdo9>Finished running tool: /google/gopath/bin/staticcheck
2024-09-20 12:55:38.563 [info] 
2024-09-20 12:55:39.572 [info] Running checks...
2024-09-20 12:55:39.572 [info] Starting linting the current package at /home/eduardoabc_edurdo9
2024-09-20 12:55:39.776 [info] /home/eduardoabc_edurdo9>Finished running tool: /google/gopath/bin/staticcheck
2024-09-20 12:55:39.776 [info] 
2024-09-20 12:55:42.371 [info] Running checks...
2024-09-20 12:55:42.371 [info] Starting linting the current package at /home/eduardoabc_edurdo9
2024-09-20 12:55:42.543 [info] /home/eduardoabc_edurdo9>Finished running tool: /google/gopath/bin/staticcheck
2024-09-20 12:55:42.543 [info] 
2024-09-20 12:55:44.364 [info] Running checks...
2024-09-20 12:55:44.364 [info] Starting linting the current package at /home/eduardoabc_edurdo9
2024-09-20 12:55:44.615 [info] /home/eduardoabc_edurdo9>Finished running tool: /google/gopath/bin/staticcheck
2024-09-20 12:55:44.615 [info] 
2024-09-20 12:55:46.165 [info] Running checks...
2024-09-20 12:55:46.166 [info] Starting linting the current package at /home/eduardoabc_edurdo9
2024-09-20 12:55:46.355 [info] /home/eduardoabc_edurdo9>Finished running tool: /google/gopath/bin/staticcheck
2024-09-20 12:55:46.355 [info] 
2024-09-20 12:56:12.727 [info] Running checks...
2024-09-20 12:56:12.727 [info] Starting linting the current package at /home/eduardoabc_edurdo9/implementacoes
2024-09-20 12:56:12.909 [info] /home/eduardoabc_edurdo9/implementacoes>Finished running tool: /google/gopath/bin/staticcheck
2024-09-20 12:56:12.909 [info] 
2024-09-20 12:56:14.950 [info] Running checks...
2024-09-20 12:56:14.951 [info] Starting linting the current package at /home/eduardoabc_edurdo9/implementacoes
2024-09-20 12:56:15.139 [info] /home/eduardoabc_edurdo9/implementacoes>Finished running tool: /google/gopath/bin/staticcheck
2024-09-20 12:56:15.139 [info] 
2024-09-20 12:56:30.939 [info] Running checks...
2024-09-20 12:56:30.939 [info] Starting linting the current package at /home/eduardoabc_edurdo9
2024-09-20 12:56:31.208 [info] /home/eduardoabc_edurdo9>Finished running tool: /google/gopath/bin/staticcheck
2024-09-20 12:56:31.208 [info] 
2024-09-20 12:56:33.293 [info] Running checks...
2024-09-20 12:56:33.293 [info] Starting linting the current package at /home/eduardoabc_edurdo9
2024-09-20 12:56:33.638 [info] /home/eduardoabc_edurdo9>Finished running tool: /google/gopath/bin/staticcheck
2024-09-20 12:56:33.638 [info] 
2024-09-20 12:56:35.407 [info] Running checks...
2024-09-20 12:56:35.407 [info] Starting linting the current package at /home/eduardoabc_edurdo9
2024-09-20 12:56:35.595 [info] /home/eduardoabc_edurdo9>Finished running tool: /google/gopath/bin/staticcheck
2024-09-20 12:56:35.595 [info] 
2024-09-20 12:56:37.436 [info] Running checks...
2024-09-20 12:56:37.436 [info] Starting linting the current package at /home/eduardoabc_edurdo9
2024-09-20 12:56:37.825 [info] /home/eduardoabc_edurdo9>Finished running tool: /google/gopath/bin/staticcheck
2024-09-20 12:56:37.825 [info] 
2024-09-20 12:56:40.448 [info] Running checks...
2024-09-20 12:56:40.448 [info] Starting linting the current package at /home/eduardoabc_edurdo9
2024-09-20 12:56:40.676 [info] /home/eduardoabc_edurdo9>Finished running tool: /google/gopath/bin/staticcheck
2024-09-20 12:56:40.676 [info] 
2024-09-20 12:56:42.417 [info] Running checks...
2024-09-20 12:56:42.418 [info] Starting linting the current package at /home/eduardoabc_edurdo9
2024-09-20 12:56:42.603 [info] /home/eduardoabc_edurdo9>Finished running tool: /google/gopath/bin/staticcheck
2024-09-20 12:56:42.603 [info] 
2024-09-20 12:56:45.820 [info] Running checks...
2024-09-20 12:56:45.821 [info] Starting linting the current package at /home/eduardoabc_edurdo9
2024-09-20 12:56:46.073 [info] /home/eduardoabc_edurdo9>Finished running tool: /google/gopath/bin/staticcheck
2024-09-20 12:56:46.073 [info] 
2024-09-20 12:56:48.017 [info] Running checks...
2024-09-20 12:56:48.018 [info] Starting linting the current package at /home/eduardoabc_edurdo9
2024-09-20 12:56:48.199 [info] /home/eduardoabc_edurdo9>Finished running tool: /google/gopath/bin/staticcheck
2024-09-20 12:56:48.199 [info] 
2024-09-20 12:56:53.660 [info] Running checks...
2024-09-20 12:56:53.660 [info] Starting linting the current package at /home/eduardoabc_edurdo9
2024-09-20 12:56:53.859 [info] /home/eduardoabc_edurdo9>Finished running tool: /google/gopath/bin/staticcheck
2024-09-20 12:56:53.859 [info] 
2024-09-20 12:57:06.128 [info] Running checks...
2024-09-20 12:57:06.129 [info] Starting linting the current package at /home/eduardoabc_edurdo9
2024-09-20 12:57:06.326 [info] /home/eduardoabc_edurdo9>Finished running tool: /google/gopath/bin/staticcheck
2024-09-20 12:57:06.326 [info] 
2024-09-20 12:57:12.474 [info] Running checks...
2024-09-20 12:57:12.475 [info] Starting linting the current package at /home/eduardoabc_edurdo9
2024-09-20 12:57:12.711 [info] /home/eduardoabc_edurdo9>Finished running tool: /google/gopath/bin/staticcheck
2024-09-20 12:57:12.711 [info] 
2024-09-20 12:57:18.164 [info] Running checks...
2024-09-20 12:57:18.164 [info] Starting linting the current package at /home/eduardoabc_edurdo9
2024-09-20 12:57:18.440 [info] /home/eduardoabc_edurdo9>Finished running tool: /google/gopath/bin/staticcheck
2024-09-20 12:57:18.440 [info] 
2024-09-20 12:57:23.763 [info] Running checks...
2024-09-20 12:57:23.764 [info] Starting linting the current package at /home/eduardoabc_edurdo9
2024-09-20 12:57:23.969 [info] /home/eduardoabc_edurdo9>Finished running tool: /google/gopath/bin/staticcheck
2024-09-20 12:57:23.969 [info] 
2024-09-20 12:57:26.745 [info] Running checks...
2024-09-20 12:57:26.745 [info] Starting linting the current package at /home/eduardoabc_edurdo9
2024-09-20 12:57:26.909 [info] /home/eduardoabc_edurdo9>Finished running tool: /google/gopath/bin/staticcheck
2024-09-20 12:57:26.909 [info] 
2024-09-20 12:57:28.604 [info] Running checks...
2024-09-20 12:57:28.605 [info] Starting linting the current package at /home/eduardoabc_edurdo9
2024-09-20 12:57:28.766 [info] /home/eduardoabc_edurdo9>Finished running tool: /google/gopath/bin/staticcheck
2024-09-20 12:57:28.766 [info] 
2024-09-20 12:57:45.839 [info] Running checks...
2024-09-20 12:57:45.839 [info] Starting linting the current package at /home/eduardoabc_edurdo9
2024-09-20 12:57:46.021 [info] /home/eduardoabc_edurdo9>Finished running tool: /google/gopath/bin/staticcheck
2024-09-20 12:57:46.021 [info] 
2024-09-20 12:57:50.084 [info] Running checks...
2024-09-20 12:57:50.084 [info] Starting linting the current package at /home/eduardoabc_edurdo9
2024-09-20 12:57:50.245 [info] /home/eduardoabc_edurdo9>Finished running tool: /google/gopath/bin/staticcheck
2024-09-20 12:57:50.245 [info] 
2024-09-20 13:06:03.476 [info] Running checks...
2024-09-20 13:06:03.476 [info] Starting linting the current package at /home/eduardoabc_edurdo9
2024-09-20 13:06:03.662 [info] /home/eduardoabc_edurdo9>Finished running tool: /google/gopath/bin/staticcheck
2024-09-20 13:06:03.662 [info] 
2024-09-20 13:10:04.688 [info] Running checks...
2024-09-20 13:10:04.688 [info] Starting linting the current package at /home/eduardoabc_edurdo9
2024-09-20 13:10:04.908 [info] /home/eduardoabc_edurdo9>Finished running tool: /google/gopath/bin/staticcheck
2024-09-20 13:10:04.908 [info] 
2024-09-20 13:10:55.298 [info] Running checks...
2024-09-20 13:10:55.298 [info] Starting linting the current package at /home/eduardoabc_edurdo9
2024-09-20 13:10:55.466 [info] /home/eduardoabc_edurdo9>Finished running tool: /google/gopath/bin/staticcheck
2024-09-20 13:10:55.466 [info] 
2024-09-20 13:10:59.874 [info] Running checks...
2024-09-20 13:10:59.874 [info] Starting linting the current package at /home/eduardoabc_edurdo9
2024-09-20 13:11:00.087 [info] /home/eduardoabc_edurdo9>Finished running tool: /google/gopath/bin/staticcheck
2024-09-20 13:11:00.087 [info] 
2024-09-20 13:13:29.621 [info] Running checks...
2024-09-20 13:13:29.622 [info] Starting linting the current package at /home/eduardoabc_edurdo9/Projects/interfaces
2024-09-20 13:13:29.819 [info] /home/eduardoabc_edurdo9/Projects/interfaces>Finished running tool: /google/gopath/bin/staticcheck
2024-09-20 13:13:29.819 [info] 
2024-09-20 13:13:31.705 [info] Running checks...
2024-09-20 13:13:31.706 [info] Starting linting the current package at /home/eduardoabc_edurdo9/Projects/interfaces
2024-09-20 13:13:31.868 [info] /home/eduardoabc_edurdo9/Projects/interfaces>Finished running tool: /google/gopath/bin/staticcheck
2024-09-20 13:13:31.868 [info] 
2024-09-20 13:13:37.207 [info] Running checks...
2024-09-20 13:13:37.208 [info] Starting linting the current package at /home/eduardoabc_edurdo9/Projects/implementacoes
2024-09-20 13:13:37.395 [info] /home/eduardoabc_edurdo9/Projects/implementacoes>Finished running tool: /google/gopath/bin/staticcheck
2024-09-20 13:13:37.395 [info] 
2024-09-20 13:13:38.796 [info] Running checks...
2024-09-20 13:13:38.796 [info] Starting linting the current package at /home/eduardoabc_edurdo9/Projects/implementacoes
2024-09-20 13:13:38.993 [info] /home/eduardoabc_edurdo9/Projects/implementacoes>Finished running tool: /google/gopath/bin/staticcheck
2024-09-20 13:13:38.994 [info] 
2024-09-20 13:14:15.951 [info] Running checks...
2024-09-20 13:14:15.952 [info] Starting linting the current package at /home/eduardoabc_edurdo9/Projects/implementacoes
2024-09-20 13:14:16.149 [info] /home/eduardoabc_edurdo9/Projects/implementacoes>Finished running tool: /google/gopath/bin/staticcheck
2024-09-20 13:14:16.149 [info] 
2024-09-20 13:14:24.930 [info] Running checks...
2024-09-20 13:14:24.930 [info] Starting linting the current package at /home/eduardoabc_edurdo9/Projects/implementacoes
2024-09-20 13:14:25.129 [info] /home/eduardoabc_edurdo9/Projects/implementacoes>Finished running tool: /google/gopath/bin/staticcheck
2024-09-20 13:14:25.129 [info] 
2024-09-20 13:14:31.157 [info] Running checks...
2024-09-20 13:14:31.157 [info] Starting linting the current package at /home/eduardoabc_edurdo9/Projects/implementacoes
2024-09-20 13:14:31.336 [info] /home/eduardoabc_edurdo9/Projects/implementacoes>Finished running tool: /google/gopath/bin/staticcheck
2024-09-20 13:14:31.336 [info] 
2024-09-20 13:14:54.147 [info] Running checks...
2024-09-20 13:14:54.147 [info] Starting linting the current package at /home/eduardoabc_edurdo9/Projects
2024-09-20 13:14:54.320 [info] /home/eduardoabc_edurdo9/Projects>Finished running tool: /google/gopath/bin/staticcheck
2024-09-20 13:14:54.320 [info] 
2024-09-20 13:15:00.622 [info] Running checks...
2024-09-20 13:15:00.622 [info] Starting linting the current package at /home/eduardoabc_edurdo9/Projects
2024-09-20 13:15:00.811 [info] /home/eduardoabc_edurdo9/Projects>Finished running tool: /google/gopath/bin/staticcheck
2024-09-20 13:15:00.811 [info] 
2024-09-20 13:15:07.827 [info] Running checks...
2024-09-20 13:15:07.827 [info] Starting linting the current package at /home/eduardoabc_edurdo9/Projects
2024-09-20 13:15:08.018 [info] /home/eduardoabc_edurdo9/Projects>Finished running tool: /google/gopath/bin/staticcheck
2024-09-20 13:15:08.018 [info] 
2024-09-20 13:15:09.411 [info] Running checks...
2024-09-20 13:15:09.412 [info] Starting linting the current package at /home/eduardoabc_edurdo9/Projects
2024-09-20 13:15:09.706 [info] /home/eduardoabc_edurdo9/Projects>Finished running tool: /google/gopath/bin/staticcheck
2024-09-20 13:15:09.706 [info] 
2024-09-20 13:15:19.200 [info] Running checks...
2024-09-20 13:15:19.200 [info] Starting linting the current package at /home/eduardoabc_edurdo9/Projects
2024-09-20 13:15:19.382 [info] /home/eduardoabc_edurdo9/Projects>Finished running tool: /google/gopath/bin/staticcheck
2024-09-20 13:15:19.382 [info] 
2024-09-20 13:15:46.155 [info] Running checks...
2024-09-20 13:15:46.155 [info] Starting linting the current package at /home/eduardoabc_edurdo9/Projects/implementacoes
2024-09-20 13:15:46.438 [info] /home/eduardoabc_edurdo9/Projects/implementacoes>Finished running tool: /google/gopath/bin/staticcheck
2024-09-20 13:15:46.438 [info] 
2024-09-20 13:16:03.022 [info] Running checks...
2024-09-20 13:16:03.023 [info] Starting linting the current package at /home/eduardoabc_edurdo9/Projects
2024-09-20 13:16:03.199 [info] /home/eduardoabc_edurdo9/Projects>Finished running tool: /google/gopath/bin/staticcheck
2024-09-20 13:16:03.199 [info] 
2024-09-20 13:16:07.831 [info] Running checks...
2024-09-20 13:16:07.831 [info] Starting linting the current package at /home/eduardoabc_edurdo9/Projects
2024-09-20 13:16:08.006 [info] /home/eduardoabc_edurdo9/Projects>Finished running tool: /google/gopath/bin/staticcheck
2024-09-20 13:16:08.006 [info] 
2024-09-20 13:16:09.546 [info] Running checks...
2024-09-20 13:16:09.547 [info] Starting linting the current package at /home/eduardoabc_edurdo9/Projects
2024-09-20 13:16:09.825 [info] /home/eduardoabc_edurdo9/Projects>Finished running tool: /google/gopath/bin/staticcheck
2024-09-20 13:16:09.825 [info] 
2024-09-20 13:16:11.319 [info] Running checks...
2024-09-20 13:16:11.319 [info] Starting linting the current package at /home/eduardoabc_edurdo9/Projects
2024-09-20 13:16:11.514 [info] /home/eduardoabc_edurdo9/Projects>Finished running tool: /google/gopath/bin/staticcheck
2024-09-20 13:16:11.514 [info] 
2024-09-20 13:16:13.430 [info] Running checks...
2024-09-20 13:16:13.430 [info] Starting linting the current package at /home/eduardoabc_edurdo9/Projects
2024-09-20 13:16:13.666 [info] /home/eduardoabc_edurdo9/Projects>Finished running tool: /google/gopath/bin/staticcheck
2024-09-20 13:16:13.666 [info] 
2024-09-20 13:16:15.008 [info] Running checks...
2024-09-20 13:16:15.009 [info] Starting linting the current package at /home/eduardoabc_edurdo9/Projects
2024-09-20 13:16:15.231 [info] /home/eduardoabc_edurdo9/Projects>Finished running tool: /google/gopath/bin/staticcheck
2024-09-20 13:16:15.232 [info] 
2024-09-20 13:16:17.040 [info] Running checks...
2024-09-20 13:16:17.040 [info] Starting linting the current package at /home/eduardoabc_edurdo9/Projects
2024-09-20 13:16:17.203 [info] /home/eduardoabc_edurdo9/Projects>Finished running tool: /google/gopath/bin/staticcheck
2024-09-20 13:16:17.203 [info] 
2024-09-20 13:21:53.487 [info] Running checks...
2024-09-20 13:21:53.488 [info] Starting linting the current package at /home/eduardoabc_edurdo9/Projects/implementacoes
2024-09-20 13:21:53.795 [info] /home/eduardoabc_edurdo9/Projects/implementacoes>Finished running tool: /google/gopath/bin/staticcheck
2024-09-20 13:21:53.795 [info] 
2024-09-20 13:21:54.667 [info] Running checks...
2024-09-20 13:21:54.667 [info] Starting linting the current package at /home/eduardoabc_edurdo9/Projects/implementacoes
2024-09-20 13:21:55.005 [info] /home/eduardoabc_edurdo9/Projects/implementacoes>Finished running tool: /google/gopath/bin/staticcheck
2024-09-20 13:21:55.006 [info] 
2024-09-20 13:21:57.680 [info] Running checks...
2024-09-20 13:21:57.681 [info] Starting linting the current package at /home/eduardoabc_edurdo9/Projects/implementacoes
2024-09-20 13:21:58.103 [info] /home/eduardoabc_edurdo9/Projects/implementacoes>Finished running tool: /google/gopath/bin/staticcheck
2024-09-20 13:21:58.103 [info] 
2024-09-20 13:22:32.794 [info] Running checks...
2024-09-20 13:22:32.795 [info] Starting linting the current package at /home/eduardoabc_edurdo9/Projects
2024-09-20 13:22:32.979 [info] /home/eduardoabc_edurdo9/Projects>Finished running tool: /google/gopath/bin/staticcheck
2024-09-20 13:22:32.980 [info] 
2024-09-20 13:26:46.465 [info] Running checks...
2024-09-20 13:26:46.466 [info] Starting linting the current package at /home/eduardoabc_edurdo9/Projects/implementacoes
2024-09-20 13:26:46.862 [info] /home/eduardoabc_edurdo9/Projects/implementacoes>Finished running tool: /google/gopath/bin/staticcheck
2024-09-20 13:26:46.862 [info] /home/eduardoabc_edurdo9/Projects/implementacoes/ArrayList.go:5:2 "modPlat/interfaces" imported and not used (compile)
2024-09-20 13:26:46.862 [info] 
2024-09-20 13:26:47.862 [info] Running checks...
2024-09-20 13:26:47.862 [info] Starting linting the current package at /home/eduardoabc_edurdo9/Projects/implementacoes
2024-09-20 13:26:50.027 [info] /home/eduardoabc_edurdo9/Projects/implementacoes>Finished running tool: /google/gopath/bin/staticcheck
2024-09-20 13:26:50.027 [info] /home/eduardoabc_edurdo9/Projects/implementacoes/ArrayList.go:28:17 error strings should not be capitalized (ST1005)
2024-09-20 13:26:50.027 [info] 
2024-09-20 13:27:46.842 [info] Running checks...
2024-09-20 13:27:46.843 [info] Starting linting the current package at /home/eduardoabc_edurdo9/Projects
2024-09-20 13:27:47.294 [info] /home/eduardoabc_edurdo9/Projects>Finished running tool: /google/gopath/bin/staticcheck
2024-09-20 13:27:47.294 [info] /home/eduardoabc_edurdo9/Projects/main.go:8:8 undefined: ArrayList (compile)
2024-09-20 13:27:47.294 [info] 
2024-09-20 13:27:48.809 [info] Running checks...
2024-09-20 13:27:48.810 [info] Starting linting the current package at /home/eduardoabc_edurdo9/Projects
2024-09-20 13:27:50.880 [info] /home/eduardoabc_edurdo9/Projects>Finished running tool: /google/gopath/bin/staticcheck
2024-09-20 13:27:50.880 [info] /home/eduardoabc_edurdo9/Projects/main.go:5:2 could not import /home/eduardoabc_edurdo9/Projects/implementacoes (trying to import "/home/eduardoabc_edurdo9/Projects/implementacoes" in the context of "modPlat" returned nil PackageSpec) (compile)
2024-09-20 13:27:50.880 [info] 
2024-09-20 13:29:30.798 [info] Running checks...
2024-09-20 13:29:30.798 [info] Starting linting the current package at /home/eduardoabc_edurdo9/Projects
2024-09-20 13:29:31.145 [info] /home/eduardoabc_edurdo9/Projects>Finished running tool: /google/gopath/bin/staticcheck
2024-09-20 13:29:31.145 [info] /home/eduardoabc_edurdo9/Projects/main.go:5:2 "modPlat/implementacoes" imported and not used
2024-09-20 13:29:31.145 [info] /home/eduardoabc_edurdo9/Projects/main.go:9:8 undefined: ArrayList (compile)
2024-09-20 13:29:31.145 [info] 
2024-09-20 13:29:33.972 [info] Running checks...
2024-09-20 13:29:33.972 [info] Starting linting the current package at /home/eduardoabc_edurdo9/Projects
2024-09-20 13:29:34.403 [info] /home/eduardoabc_edurdo9/Projects>Finished running tool: /google/gopath/bin/staticcheck
2024-09-20 13:29:34.404 [info] 
2024-09-20 13:29:36.634 [info] Running checks...
2024-09-20 13:29:36.634 [info] Starting linting the current package at /home/eduardoabc_edurdo9/Projects
2024-09-20 13:29:36.958 [info] /home/eduardoabc_edurdo9/Projects>Finished running tool: /google/gopath/bin/staticcheck
2024-09-20 13:29:36.958 [info] 
2024-09-20 13:40:04.064 [info] Running checks...
2024-09-20 13:40:04.064 [info] Starting linting the current package at /home/eduardoabc_edurdo9/Projects/implementacoes
2024-09-20 13:40:04.423 [info] /home/eduardoabc_edurdo9/Projects/implementacoes>Finished running tool: /google/gopath/bin/staticcheck
2024-09-20 13:40:04.423 [info] /home/eduardoabc_edurdo9/Projects/implementacoes/ArrayList.go:58:9 syntax error: unexpected ), expected type (compile)
2024-09-20 13:40:04.423 [info] 
2024-09-20 13:40:10.538 [info] Running checks...
2024-09-20 13:40:10.539 [info] Starting linting the current package at /home/eduardoabc_edurdo9/Projects/implementacoes
2024-09-20 13:40:10.857 [info] /home/eduardoabc_edurdo9/Projects/implementacoes>Finished running tool: /google/gopath/bin/staticcheck
2024-09-20 13:40:10.857 [info] /home/eduardoabc_edurdo9/Projects/implementacoes/ArrayList.go:5:2 "modPlat/interfaces" imported and not used (compile)
2024-09-20 13:40:10.857 [info] 
2024-09-20 13:40:13.019 [info] Running checks...
2024-09-20 13:40:13.019 [info] Starting linting the current package at /home/eduardoabc_edurdo9/Projects/implementacoes
2024-09-20 13:40:13.310 [info] /home/eduardoabc_edurdo9/Projects/implementacoes>Finished running tool: /google/gopath/bin/staticcheck
2024-09-20 13:40:13.310 [info] /home/eduardoabc_edurdo9/Projects/implementacoes/ArrayList.go:5:2 "modPlat/interfaces" imported and not used (compile)
2024-09-20 13:40:13.310 [info] 
2024-09-20 13:40:20.486 [info] Running checks...
2024-09-20 13:40:20.487 [info] Starting linting the current package at /home/eduardoabc_edurdo9/Projects/implementacoes
2024-09-20 13:40:20.799 [info] /home/eduardoabc_edurdo9/Projects/implementacoes>Finished running tool: /google/gopath/bin/staticcheck
2024-09-20 13:40:20.799 [info] /home/eduardoabc_edurdo9/Projects/implementacoes/ArrayList.go:5:2 "modPlat/interfaces" imported and not used
2024-09-20 13:40:20.799 [info] /home/eduardoabc_edurdo9/Projects/implementacoes/ArrayList.go:60:1 missing return (compile)
2024-09-20 13:40:20.799 [info] 
2024-09-20 13:40:29.778 [info] Running checks...
2024-09-20 13:40:29.779 [info] Starting linting the current package at /home/eduardoabc_edurdo9/Projects/implementacoes
2024-09-20 13:40:30.142 [info] /home/eduardoabc_edurdo9/Projects/implementacoes>Finished running tool: /google/gopath/bin/staticcheck
2024-09-20 13:40:30.142 [info] /home/eduardoabc_edurdo9/Projects/implementacoes/ArrayList.go:5:2 "modPlat/interfaces" imported and not used (compile)
2024-09-20 13:40:30.142 [info] 
2024-09-20 13:40:31.319 [info] Running checks...
2024-09-20 13:40:31.319 [info] Starting linting the current package at /home/eduardoabc_edurdo9/Projects/implementacoes
2024-09-20 13:40:31.643 [info] /home/eduardoabc_edurdo9/Projects/implementacoes>Finished running tool: /google/gopath/bin/staticcheck
2024-09-20 13:40:31.643 [info] /home/eduardoabc_edurdo9/Projects/implementacoes/ArrayList.go:5:2 "modPlat/interfaces" imported and not used (compile)
2024-09-20 13:40:31.643 [info] 
2024-09-20 13:40:33.325 [info] Running checks...
2024-09-20 13:40:33.325 [info] Starting linting the current package at /home/eduardoabc_edurdo9/Projects/implementacoes
2024-09-20 13:40:33.632 [info] /home/eduardoabc_edurdo9/Projects/implementacoes>Finished running tool: /google/gopath/bin/staticcheck
2024-09-20 13:40:33.632 [info] /home/eduardoabc_edurdo9/Projects/implementacoes/ArrayList.go:5:2 "modPlat/interfaces" imported and not used (compile)
2024-09-20 13:40:33.632 [info] 
2024-09-20 13:40:39.498 [info] Running checks...
2024-09-20 13:40:39.498 [info] Starting linting the current package at /home/eduardoabc_edurdo9/Projects/implementacoes
2024-09-20 13:40:39.779 [info] /home/eduardoabc_edurdo9/Projects/implementacoes>Finished running tool: /google/gopath/bin/staticcheck
2024-09-20 13:40:39.779 [info] /home/eduardoabc_edurdo9/Projects/implementacoes/ArrayList.go:64:22 syntax error: unexpected newline, expected ( (compile)
2024-09-20 13:40:39.779 [info] 
2024-09-20 13:40:41.817 [info] Running checks...
2024-09-20 13:40:41.817 [info] Starting linting the current package at /home/eduardoabc_edurdo9/Projects/implementacoes
2024-09-20 13:40:42.167 [info] /home/eduardoabc_edurdo9/Projects/implementacoes>Finished running tool: /google/gopath/bin/staticcheck
2024-09-20 13:40:42.167 [info] /home/eduardoabc_edurdo9/Projects/implementacoes/ArrayList.go:64:23 syntax error: unexpected newline, expected ( (compile)
2024-09-20 13:40:42.167 [info] 
2024-09-20 13:40:44.319 [info] Running checks...
2024-09-20 13:40:44.319 [info] Starting linting the current package at /home/eduardoabc_edurdo9/Projects/implementacoes
2024-09-20 13:40:44.598 [info] /home/eduardoabc_edurdo9/Projects/implementacoes>Finished running tool: /google/gopath/bin/staticcheck
2024-09-20 13:40:44.598 [info] /home/eduardoabc_edurdo9/Projects/implementacoes/ArrayList.go:5:2 "modPlat/interfaces" imported and not used (compile)
2024-09-20 13:40:44.598 [info] 
2024-09-20 13:40:53.682 [info] Running checks...
2024-09-20 13:40:53.683 [info] Starting linting the current package at /home/eduardoabc_edurdo9/Projects/implementacoes
2024-09-20 13:40:54.030 [info] /home/eduardoabc_edurdo9/Projects/implementacoes>Finished running tool: /google/gopath/bin/staticcheck
2024-09-20 13:40:54.031 [info] /home/eduardoabc_edurdo9/Projects/implementacoes/ArrayList.go:5:2 "modPlat/interfaces" imported and not used (compile)
2024-09-20 13:40:54.031 [info] 
2024-09-20 13:41:01.309 [info] Running checks...
2024-09-20 13:41:01.310 [info] Starting linting the current package at /home/eduardoabc_edurdo9/Projects/implementacoes
2024-09-20 13:41:01.608 [info] /home/eduardoabc_edurdo9/Projects/implementacoes>Finished running tool: /google/gopath/bin/staticcheck
2024-09-20 13:41:01.608 [info] /home/eduardoabc_edurdo9/Projects/implementacoes/ArrayList.go:5:2 "modPlat/interfaces" imported and not used (compile)
2024-09-20 13:41:01.608 [info] 
2024-09-20 13:46:48.370 [info] Running checks...
2024-09-20 13:46:48.370 [info] Starting linting the current package at /home/eduardoabc_edurdo9/Projects/implementacoes
2024-09-20 13:46:48.726 [info] /home/eduardoabc_edurdo9/Projects/implementacoes>Finished running tool: /google/gopath/bin/staticcheck
2024-09-20 13:46:48.726 [info] /home/eduardoabc_edurdo9/Projects/implementacoes/ArrayList.go:5:2 "modPlat/interfaces" imported and not used (compile)
2024-09-20 13:46:48.726 [info] 
2024-09-20 13:46:50.371 [info] Running checks...
2024-09-20 13:46:50.371 [info] Starting linting the current package at /home/eduardoabc_edurdo9/Projects/implementacoes
2024-09-20 13:46:50.656 [info] /home/eduardoabc_edurdo9/Projects/implementacoes>Finished running tool: /google/gopath/bin/staticcheck
2024-09-20 13:46:50.656 [info] /home/eduardoabc_edurdo9/Projects/implementacoes/ArrayList.go:5:2 "modPlat/interfaces" imported and not used (compile)
2024-09-20 13:46:50.656 [info] 
2024-09-20 13:47:02.727 [info] Running checks...
2024-09-20 13:47:02.727 [info] Starting linting the current package at /home/eduardoabc_edurdo9/Projects/implementacoes
2024-09-20 13:47:03.047 [info] /home/eduardoabc_edurdo9/Projects/implementacoes>Finished running tool: /google/gopath/bin/staticcheck
2024-09-20 13:47:03.047 [info] /home/eduardoabc_edurdo9/Projects/implementacoes/ArrayList.go:5:2 "modPlat/interfaces" imported and not used (compile)
2024-09-20 13:47:03.047 [info] 
2024-09-20 13:47:04.875 [info] Running checks...
2024-09-20 13:47:04.875 [info] Starting linting the current package at /home/eduardoabc_edurdo9/Projects/implementacoes
2024-09-20 13:47:05.153 [info] /home/eduardoabc_edurdo9/Projects/implementacoes>Finished running tool: /google/gopath/bin/staticcheck
2024-09-20 13:47:05.153 [info] /home/eduardoabc_edurdo9/Projects/implementacoes/ArrayList.go:5:2 "modPlat/interfaces" imported and not used (compile)
2024-09-20 13:47:05.153 [info] 
2024-09-20 13:47:35.522 [info] Running checks...
2024-09-20 13:47:35.522 [info] Starting linting the current package at /home/eduardoabc_edurdo9/Projects/implementacoes
2024-09-20 13:47:35.802 [info] /home/eduardoabc_edurdo9/Projects/implementacoes>Finished running tool: /google/gopath/bin/staticcheck
2024-09-20 13:47:35.802 [info] /home/eduardoabc_edurdo9/Projects/implementacoes/ArrayList.go:5:2 "modPlat/interfaces" imported and not used (compile)
2024-09-20 13:47:35.802 [info] 
2024-09-20 13:47:44.542 [info] Running checks...
2024-09-20 13:47:44.543 [info] Starting linting the current package at /home/eduardoabc_edurdo9/Projects/implementacoes
2024-09-20 13:47:44.865 [info] /home/eduardoabc_edurdo9/Projects/implementacoes>Finished running tool: /google/gopath/bin/staticcheck
2024-09-20 13:47:44.866 [info] /home/eduardoabc_edurdo9/Projects/implementacoes/ArrayList.go:5:2 "modPlat/interfaces" imported and not used (compile)
2024-09-20 13:47:44.866 [info] 
2024-09-20 13:47:52.262 [info] Running checks...
2024-09-20 13:47:52.262 [info] Starting linting the current package at /home/eduardoabc_edurdo9/Projects/implementacoes
2024-09-20 13:47:52.559 [info] /home/eduardoabc_edurdo9/Projects/implementacoes>Finished running tool: /google/gopath/bin/staticcheck
2024-09-20 13:47:52.559 [info] /home/eduardoabc_edurdo9/Projects/implementacoes/ArrayList.go:5:2 "modPlat/interfaces" imported and not used (compile)
2024-09-20 13:47:52.559 [info] 
2024-09-20 13:47:59.627 [info] Running checks...
2024-09-20 13:47:59.628 [info] Starting linting the current package at /home/eduardoabc_edurdo9/Projects/implementacoes
2024-09-20 13:47:59.968 [info] /home/eduardoabc_edurdo9/Projects/implementacoes>Finished running tool: /google/gopath/bin/staticcheck
2024-09-20 13:47:59.968 [info] /home/eduardoabc_edurdo9/Projects/implementacoes/ArrayList.go:5:2 "modPlat/interfaces" imported and not used (compile)
2024-09-20 13:47:59.968 [info] 
2024-09-20 13:48:02.603 [info] Running checks...
2024-09-20 13:48:02.604 [info] Starting linting the current package at /home/eduardoabc_edurdo9/Projects/implementacoes
2024-09-20 13:48:02.885 [info] /home/eduardoabc_edurdo9/Projects/implementacoes>Finished running tool: /google/gopath/bin/staticcheck
2024-09-20 13:48:02.885 [info] /home/eduardoabc_edurdo9/Projects/implementacoes/ArrayList.go:5:2 "modPlat/interfaces" imported and not used (compile)
2024-09-20 13:48:02.885 [info] 
2024-09-20 13:48:11.263 [info] Running checks...
2024-09-20 13:48:11.263 [info] Starting linting the current package at /home/eduardoabc_edurdo9/Projects/implementacoes
2024-09-20 13:48:11.568 [info] /home/eduardoabc_edurdo9/Projects/implementacoes>Finished running tool: /google/gopath/bin/staticcheck
2024-09-20 13:48:11.568 [info] /home/eduardoabc_edurdo9/Projects/implementacoes/ArrayList.go:5:2 "modPlat/interfaces" imported and not used (compile)
2024-09-20 13:48:11.568 [info] 
2024-09-20 13:48:13.614 [info] Running checks...
2024-09-20 13:48:13.615 [info] Starting linting the current package at /home/eduardoabc_edurdo9/Projects/implementacoes
2024-09-20 13:48:13.900 [info] /home/eduardoabc_edurdo9/Projects/implementacoes>Finished running tool: /google/gopath/bin/staticcheck
2024-09-20 13:48:13.900 [info] /home/eduardoabc_edurdo9/Projects/implementacoes/ArrayList.go:5:2 "modPlat/interfaces" imported and not used (compile)
2024-09-20 13:48:13.900 [info] 
2024-09-20 13:48:16.375 [info] Running checks...
2024-09-20 13:48:16.375 [info] Starting linting the current package at /home/eduardoabc_edurdo9/Projects/implementacoes
2024-09-20 13:48:16.671 [info] /home/eduardoabc_edurdo9/Projects/implementacoes>Finished running tool: /google/gopath/bin/staticcheck
2024-09-20 13:48:16.671 [info] /home/eduardoabc_edurdo9/Projects/implementacoes/ArrayList.go:5:2 "modPlat/interfaces" imported and not used (compile)
2024-09-20 13:48:16.671 [info] 
2024-09-20 13:48:20.640 [info] Running checks...
2024-09-20 13:48:20.641 [info] Starting linting the current package at /home/eduardoabc_edurdo9/Projects/implementacoes
2024-09-20 13:48:20.956 [info] /home/eduardoabc_edurdo9/Projects/implementacoes>Finished running tool: /google/gopath/bin/staticcheck
2024-09-20 13:48:20.956 [info] /home/eduardoabc_edurdo9/Projects/implementacoes/ArrayList.go:5:2 "modPlat/interfaces" imported and not used (compile)
2024-09-20 13:48:20.956 [info] 
2024-09-20 13:48:25.241 [info] Running checks...
2024-09-20 13:48:25.242 [info] Starting linting the current package at /home/eduardoabc_edurdo9/Projects/implementacoes
2024-09-20 13:48:25.576 [info] /home/eduardoabc_edurdo9/Projects/implementacoes>Finished running tool: /google/gopath/bin/staticcheck
2024-09-20 13:48:25.576 [info] /home/eduardoabc_edurdo9/Projects/implementacoes/ArrayList.go:5:2 "modPlat/interfaces" imported and not used (compile)
2024-09-20 13:48:25.577 [info] 
2024-09-20 13:48:31.214 [info] Running checks...
2024-09-20 13:48:31.214 [info] Starting linting the current package at /home/eduardoabc_edurdo9/Projects/implementacoes
2024-09-20 13:48:31.526 [info] /home/eduardoabc_edurdo9/Projects/implementacoes>Finished running tool: /google/gopath/bin/staticcheck
2024-09-20 13:48:31.526 [info] /home/eduardoabc_edurdo9/Projects/implementacoes/ArrayList.go:5:2 "modPlat/interfaces" imported and not used (compile)
2024-09-20 13:48:31.526 [info] 
2024-09-20 13:48:35.617 [info] Running checks...
2024-09-20 13:48:35.617 [info] Starting linting the current package at /home/eduardoabc_edurdo9/Projects/implementacoes
2024-09-20 13:48:35.950 [info] /home/eduardoabc_edurdo9/Projects/implementacoes>Finished running tool: /google/gopath/bin/staticcheck
2024-09-20 13:48:35.951 [info] /home/eduardoabc_edurdo9/Projects/implementacoes/ArrayList.go:5:2 "modPlat/interfaces" imported and not used (compile)
2024-09-20 13:48:35.951 [info] 
2024-09-20 13:48:37.299 [info] Running checks...
2024-09-20 13:48:37.301 [info] Starting linting the current package at /home/eduardoabc_edurdo9/Projects/implementacoes
2024-09-20 13:48:37.603 [info] /home/eduardoabc_edurdo9/Projects/implementacoes>Finished running tool: /google/gopath/bin/staticcheck
2024-09-20 13:48:37.603 [info] /home/eduardoabc_edurdo9/Projects/implementacoes/ArrayList.go:5:2 "modPlat/interfaces" imported and not used (compile)
2024-09-20 13:48:37.603 [info] 
2024-09-20 13:49:04.301 [info] Running checks...
2024-09-20 13:49:04.301 [info] Starting linting the current package at /home/eduardoabc_edurdo9/Projects/implementacoes
2024-09-20 13:49:04.673 [info] /home/eduardoabc_edurdo9/Projects/implementacoes>Finished running tool: /google/gopath/bin/staticcheck
2024-09-20 13:49:04.673 [info] /home/eduardoabc_edurdo9/Projects/implementacoes/ArrayList.go:5:2 "modPlat/interfaces" imported and not used (compile)
2024-09-20 13:49:04.673 [info] 
2024-09-20 13:49:14.754 [info] Running checks...
2024-09-20 13:49:14.754 [info] Starting linting the current package at /home/eduardoabc_edurdo9/Projects/implementacoes
2024-09-20 13:49:15.055 [info] /home/eduardoabc_edurdo9/Projects/implementacoes>Finished running tool: /google/gopath/bin/staticcheck
2024-09-20 13:49:15.055 [info] /home/eduardoabc_edurdo9/Projects/implementacoes/ArrayList.go:5:2 "modPlat/interfaces" imported and not used (compile)
2024-09-20 13:49:15.055 [info] 
2024-09-20 13:49:18.398 [info] Running checks...
2024-09-20 13:49:18.399 [info] Starting linting the current package at /home/eduardoabc_edurdo9/Projects/implementacoes
2024-09-20 13:49:18.682 [info] /home/eduardoabc_edurdo9/Projects/implementacoes>Finished running tool: /google/gopath/bin/staticcheck
2024-09-20 13:49:18.682 [info] /home/eduardoabc_edurdo9/Projects/implementacoes/ArrayList.go:5:2 "modPlat/interfaces" imported and not used (compile)
2024-09-20 13:49:18.682 [info] 
2024-09-20 13:49:23.895 [info] Running checks...
2024-09-20 13:49:23.896 [info] Starting linting the current package at /home/eduardoabc_edurdo9/Projects/implementacoes
2024-09-20 13:49:24.194 [info] /home/eduardoabc_edurdo9/Projects/implementacoes>Finished running tool: /google/gopath/bin/staticcheck
2024-09-20 13:49:24.194 [info] /home/eduardoabc_edurdo9/Projects/implementacoes/ArrayList.go:5:2 "modPlat/interfaces" imported and not used (compile)
2024-09-20 13:49:24.194 [info] 
2024-09-20 13:49:27.323 [info] Running checks...
2024-09-20 13:49:27.324 [info] Starting linting the current package at /home/eduardoabc_edurdo9/Projects/implementacoes
2024-09-20 13:49:27.631 [info] /home/eduardoabc_edurdo9/Projects/implementacoes>Finished running tool: /google/gopath/bin/staticcheck
2024-09-20 13:49:27.631 [info] /home/eduardoabc_edurdo9/Projects/implementacoes/ArrayList.go:5:2 "modPlat/interfaces" imported and not used (compile)
2024-09-20 13:49:27.631 [info] 
2024-09-20 13:49:30.007 [info] Running checks...
2024-09-20 13:49:30.007 [info] Starting linting the current package at /home/eduardoabc_edurdo9/Projects/implementacoes
2024-09-20 13:49:30.362 [info] /home/eduardoabc_edurdo9/Projects/implementacoes>Finished running tool: /google/gopath/bin/staticcheck
2024-09-20 13:49:30.362 [info] /home/eduardoabc_edurdo9/Projects/implementacoes/ArrayList.go:5:2 "modPlat/interfaces" imported and not used (compile)
2024-09-20 13:49:30.362 [info] 
2024-09-20 13:49:33.746 [info] Running checks...
2024-09-20 13:49:33.747 [info] Starting linting the current package at /home/eduardoabc_edurdo9/Projects/implementacoes
2024-09-20 13:49:34.039 [info] /home/eduardoabc_edurdo9/Projects/implementacoes>Finished running tool: /google/gopath/bin/staticcheck
2024-09-20 13:49:34.039 [info] /home/eduardoabc_edurdo9/Projects/implementacoes/ArrayList.go:5:2 "modPlat/interfaces" imported and not used (compile)
2024-09-20 13:49:34.039 [info] 
2024-09-20 13:49:41.282 [info] Running checks...
2024-09-20 13:49:41.283 [info] Starting linting the current package at /home/eduardoabc_edurdo9/Projects/implementacoes
2024-09-20 13:49:41.633 [info] /home/eduardoabc_edurdo9/Projects/implementacoes>Finished running tool: /google/gopath/bin/staticcheck
2024-09-20 13:49:41.633 [info] /home/eduardoabc_edurdo9/Projects/implementacoes/ArrayList.go:5:2 "modPlat/interfaces" imported and not used (compile)
2024-09-20 13:49:41.633 [info] 
2024-09-20 13:49:43.754 [info] Running checks...
2024-09-20 13:49:43.754 [info] Starting linting the current package at /home/eduardoabc_edurdo9/Projects/implementacoes
2024-09-20 13:49:44.074 [info] /home/eduardoabc_edurdo9/Projects/implementacoes>Finished running tool: /google/gopath/bin/staticcheck
2024-09-20 13:49:44.074 [info] /home/eduardoabc_edurdo9/Projects/implementacoes/ArrayList.go:5:2 "modPlat/interfaces" imported and not used (compile)
2024-09-20 13:49:44.074 [info] 
2024-09-20 13:49:50.480 [info] Running checks...
2024-09-20 13:49:50.480 [info] Starting linting the current package at /home/eduardoabc_edurdo9/Projects/implementacoes
2024-09-20 13:49:50.776 [info] /home/eduardoabc_edurdo9/Projects/implementacoes>Finished running tool: /google/gopath/bin/staticcheck
2024-09-20 13:49:50.776 [info] /home/eduardoabc_edurdo9/Projects/implementacoes/ArrayList.go:5:2 "modPlat/interfaces" imported and not used (compile)
2024-09-20 13:49:50.776 [info] 
2024-09-20 13:50:08.977 [info] Running checks...
2024-09-20 13:50:08.977 [info] Starting linting the current package at /home/eduardoabc_edurdo9/Projects/implementacoes
2024-09-20 13:50:09.344 [info] /home/eduardoabc_edurdo9/Projects/implementacoes>Finished running tool: /google/gopath/bin/staticcheck
2024-09-20 13:50:09.344 [info] /home/eduardoabc_edurdo9/Projects/implementacoes/ArrayList.go:28:17 error strings should not be capitalized (ST1005)
2024-09-20 13:50:09.344 [info] 
2024-09-20 13:50:15.114 [info] Running checks...
2024-09-20 13:50:15.114 [info] Starting linting the current package at /home/eduardoabc_edurdo9/Projects/implementacoes
2024-09-20 13:50:15.544 [info] /home/eduardoabc_edurdo9/Projects/implementacoes>Finished running tool: /google/gopath/bin/staticcheck
2024-09-20 13:50:15.544 [info] /home/eduardoabc_edurdo9/Projects/implementacoes/ArrayList.go:28:17 error strings should not be capitalized (ST1005)
2024-09-20 13:50:15.544 [info] 
2024-09-20 13:50:16.983 [info] Running checks...
2024-09-20 13:50:16.983 [info] Starting linting the current package at /home/eduardoabc_edurdo9/Projects/implementacoes
2024-09-20 13:50:17.265 [info] /home/eduardoabc_edurdo9/Projects/implementacoes>Finished running tool: /google/gopath/bin/staticcheck
2024-09-20 13:50:17.265 [info] /home/eduardoabc_edurdo9/Projects/implementacoes/ArrayList.go:5:2 "modPlat/interfaces" imported and not used (compile)
2024-09-20 13:50:17.265 [info] 
2024-09-20 13:50:38.269 [info] Running checks...
2024-09-20 13:50:38.270 [info] Starting linting the current package at /home/eduardoabc_edurdo9/Projects/implementacoes
2024-09-20 13:50:38.551 [info] /home/eduardoabc_edurdo9/Projects/implementacoes>Finished running tool: /google/gopath/bin/staticcheck
2024-09-20 13:50:38.552 [info] /home/eduardoabc_edurdo9/Projects/implementacoes/ArrayList.go:5:2 "modPlat/interfaces" imported and not used (compile)
2024-09-20 13:50:38.552 [info] 
2024-09-20 13:50:44.702 [info] Running checks...
2024-09-20 13:50:44.703 [info] Starting linting the current package at /home/eduardoabc_edurdo9/Projects/implementacoes
2024-09-20 13:50:45.038 [info] /home/eduardoabc_edurdo9/Projects/implementacoes>Finished running tool: /google/gopath/bin/staticcheck
2024-09-20 13:50:45.038 [info] /home/eduardoabc_edurdo9/Projects/implementacoes/ArrayList.go:5:2 "modPlat/interfaces" imported and not used (compile)
2024-09-20 13:50:45.038 [info] 
2024-09-20 13:50:59.478 [info] Running checks...
2024-09-20 13:50:59.478 [info] Starting linting the current package at /home/eduardoabc_edurdo9/Projects/implementacoes
2024-09-20 13:50:59.761 [info] /home/eduardoabc_edurdo9/Projects/implementacoes>Finished running tool: /google/gopath/bin/staticcheck
2024-09-20 13:50:59.761 [info] /home/eduardoabc_edurdo9/Projects/implementacoes/ArrayList.go:5:2 "modPlat/interfaces" imported and not used (compile)
2024-09-20 13:50:59.761 [info] 
2024-09-20 13:51:06.823 [info] Running checks...
2024-09-20 13:51:06.824 [info] Starting linting the current package at /home/eduardoabc_edurdo9/Projects/implementacoes
2024-09-20 13:51:07.126 [info] /home/eduardoabc_edurdo9/Projects/implementacoes>Finished running tool: /google/gopath/bin/staticcheck
2024-09-20 13:51:07.126 [info] /home/eduardoabc_edurdo9/Projects/implementacoes/ArrayList.go:5:2 "modPlat/interfaces" imported and not used (compile)
2024-09-20 13:51:07.127 [info] 
2024-09-20 13:51:17.414 [info] Running checks...
2024-09-20 13:51:17.414 [info] Starting linting the current package at /home/eduardoabc_edurdo9/Projects/implementacoes
2024-09-20 13:51:17.741 [info] /home/eduardoabc_edurdo9/Projects/implementacoes>Finished running tool: /google/gopath/bin/staticcheck
2024-09-20 13:51:17.741 [info] /home/eduardoabc_edurdo9/Projects/implementacoes/ArrayList.go:5:2 "modPlat/interfaces" imported and not used (compile)
2024-09-20 13:51:17.741 [info] 
2024-09-20 13:51:27.686 [info] Running checks...
2024-09-20 13:51:27.687 [info] Starting linting the current package at /home/eduardoabc_edurdo9/Projects/implementacoes
2024-09-20 13:51:27.971 [info] /home/eduardoabc_edurdo9/Projects/implementacoes>Finished running tool: /google/gopath/bin/staticcheck
2024-09-20 13:51:27.971 [info] /home/eduardoabc_edurdo9/Projects/implementacoes/ArrayList.go:5:2 "modPlat/interfaces" imported and not used (compile)
2024-09-20 13:51:27.971 [info] 
2024-09-20 13:51:31.244 [info] Running checks...
2024-09-20 13:51:31.244 [info] Starting linting the current package at /home/eduardoabc_edurdo9/Projects/implementacoes
2024-09-20 13:51:31.576 [info] /home/eduardoabc_edurdo9/Projects/implementacoes>Finished running tool: /google/gopath/bin/staticcheck
2024-09-20 13:51:31.576 [info] /home/eduardoabc_edurdo9/Projects/implementacoes/ArrayList.go:5:2 "modPlat/interfaces" imported and not used (compile)
2024-09-20 13:51:31.576 [info] 
2024-09-20 13:51:42.578 [info] Running checks...
2024-09-20 13:51:42.579 [info] Starting linting the current package at /home/eduardoabc_edurdo9/Projects/implementacoes
2024-09-20 13:51:42.927 [info] /home/eduardoabc_edurdo9/Projects/implementacoes>Finished running tool: /google/gopath/bin/staticcheck
2024-09-20 13:51:42.927 [info] /home/eduardoabc_edurdo9/Projects/implementacoes/ArrayList.go:5:2 "modPlat/interfaces" imported and not used (compile)
2024-09-20 13:51:42.927 [info] 
2024-09-20 13:51:45.193 [info] Running checks...
2024-09-20 13:51:45.193 [info] Starting linting the current package at /home/eduardoabc_edurdo9/Projects/implementacoes
2024-09-20 13:51:45.535 [info] /home/eduardoabc_edurdo9/Projects/implementacoes>Finished running tool: /google/gopath/bin/staticcheck
2024-09-20 13:51:45.535 [info] /home/eduardoabc_edurdo9/Projects/implementacoes/ArrayList.go:5:2 "modPlat/interfaces" imported and not used (compile)
2024-09-20 13:51:45.535 [info] 
2024-09-20 13:51:49.479 [info] Running checks...
2024-09-20 13:51:49.480 [info] Starting linting the current package at /home/eduardoabc_edurdo9/Projects/implementacoes
2024-09-20 13:51:49.834 [info] /home/eduardoabc_edurdo9/Projects/implementacoes>Finished running tool: /google/gopath/bin/staticcheck
2024-09-20 13:51:49.834 [info] /home/eduardoabc_edurdo9/Projects/implementacoes/ArrayList.go:5:2 "modPlat/interfaces" imported and not used (compile)
2024-09-20 13:51:49.834 [info] 
2024-09-20 13:51:50.854 [info] Running checks...
2024-09-20 13:51:50.854 [info] Starting linting the current package at /home/eduardoabc_edurdo9/Projects/implementacoes
2024-09-20 13:51:51.162 [info] /home/eduardoabc_edurdo9/Projects/implementacoes>Finished running tool: /google/gopath/bin/staticcheck
2024-09-20 13:51:51.162 [info] /home/eduardoabc_edurdo9/Projects/implementacoes/ArrayList.go:5:2 "modPlat/interfaces" imported and not used (compile)
2024-09-20 13:51:51.162 [info] 
2024-09-20 13:52:02.709 [info] Running checks...
2024-09-20 13:52:02.709 [info] Starting linting the current package at /home/eduardoabc_edurdo9/Projects/implementacoes
2024-09-20 13:52:03.063 [info] /home/eduardoabc_edurdo9/Projects/implementacoes>Finished running tool: /google/gopath/bin/staticcheck
2024-09-20 13:52:03.063 [info] /home/eduardoabc_edurdo9/Projects/implementacoes/ArrayList.go:5:2 "modPlat/interfaces" imported and not used (compile)
2024-09-20 13:52:03.063 [info] 
2024-09-20 13:52:04.484 [info] Running checks...
2024-09-20 13:52:04.484 [info] Starting linting the current package at /home/eduardoabc_edurdo9/Projects/implementacoes
2024-09-20 13:52:04.773 [info] /home/eduardoabc_edurdo9/Projects/implementacoes>Finished running tool: /google/gopath/bin/staticcheck
2024-09-20 13:52:04.773 [info] /home/eduardoabc_edurdo9/Projects/implementacoes/ArrayList.go:5:2 "modPlat/interfaces" imported and not used (compile)
2024-09-20 13:52:04.773 [info] 
2024-09-20 13:52:11.806 [info] Running checks...
2024-09-20 13:52:11.806 [info] Starting linting the current package at /home/eduardoabc_edurdo9/Projects/implementacoes
2024-09-20 13:52:12.190 [info] /home/eduardoabc_edurdo9/Projects/implementacoes>Finished running tool: /google/gopath/bin/staticcheck
2024-09-20 13:52:12.190 [info] /home/eduardoabc_edurdo9/Projects/implementacoes/ArrayList.go:28:17 error strings should not be capitalized (ST1005)
2024-09-20 13:52:12.190 [info] 
2024-09-20 13:52:14.944 [info] Running checks...
2024-09-20 13:52:14.944 [info] Starting linting the current package at /home/eduardoabc_edurdo9/Projects/implementacoes
2024-09-20 13:52:15.287 [info] /home/eduardoabc_edurdo9/Projects/implementacoes>Finished running tool: /google/gopath/bin/staticcheck
2024-09-20 13:52:15.287 [info] /home/eduardoabc_edurdo9/Projects/implementacoes/ArrayList.go:28:17 error strings should not be capitalized (ST1005)
2024-09-20 13:52:15.287 [info] 
2024-09-20 13:52:19.054 [info] Running checks...
2024-09-20 13:52:19.054 [info] Starting linting the current package at /home/eduardoabc_edurdo9/Projects/implementacoes
2024-09-20 13:52:19.381 [info] /home/eduardoabc_edurdo9/Projects/implementacoes>Finished running tool: /google/gopath/bin/staticcheck
2024-09-20 13:52:19.381 [info] /home/eduardoabc_edurdo9/Projects/implementacoes/ArrayList.go:5:2 "modPlat/interfaces" imported and not used (compile)
2024-09-20 13:52:19.381 [info] 
