[Info  - 1:52:53 PM] 2024/09/20 13:52:53 Created View (#1)
	directory=/home/eduardoabc_edurdo9
	view_type="AdHoc"
	root_dir="file:///home/eduardoabc_edurdo9"
	go_version="go version go1.23.0 linux/amd64"
	build_flags=[]
	env={GOOS:linux GOARCH:amd64 GOCACHE:/home/eduardoabc_edurdo9/.cache/go-build GOMODCACHE:/home/eduardoabc_edurdo9/gopath/pkg/mod GOPATH:/home/eduardoabc_edurdo9/gopath:/google/gopath GOPRIVATE: GOFLAGS: GO111MODULE: GOTOOLCHAIN:auto GoVersion:23 GoVersionOutput:go version go1.23.0 linux/amd64
 ExplicitGOWORK: EffectiveGOPACKAGESDRIVER:}
	env_overlay=[]

[Info  - 1:52:53 PM] 2024/09/20 13:52:53 go/packages.Load #1
	view_id="1"
	snapshot=0
	directory=/home/eduardoabc_edurdo9
	query=[./ builtin]
	packages=2
	duration=27.011138ms

[Info  - 1:52:53 PM] 2024/09/20 13:52:53 Created View (#2)
	directory=/home/eduardoabc_edurdo9
	view_type="GoMod"
	root_dir="file:///home/eduardoabc_edurdo9/Projects"
	go_version="go version go1.23.0 linux/amd64"
	build_flags=[]
	env={GOOS:linux GOARCH:amd64 GOCACHE:/home/eduardoabc_edurdo9/.cache/go-build GOMODCACHE:/home/eduardoabc_edurdo9/gopath/pkg/mod GOPATH:/home/eduardoabc_edurdo9/gopath:/google/gopath GOPRIVATE: GOFLAGS: GO111MODULE: GOTOOLCHAIN:auto GoVersion:23 GoVersionOutput:go version go1.23.0 linux/amd64
 ExplicitGOWORK: EffectiveGOPACKAGESDRIVER:}
	env_overlay=[]

[Info  - 1:52:53 PM] 2024/09/20 13:52:53 go/packages.Load #2
	view_id="2"
	snapshot=0
	directory=/home/eduardoabc_edurdo9
	query=[/home/eduardoabc_edurdo9/Projects/... builtin]
	packages=4
	duration=160.906383ms

[Info  - 1:52:58 PM] 2024/09/20 13:52:58 Shutdown session
	shutdown_session=1

