2024-09-19 16:18:10.272 [info] Log level: Info
2024-09-19 16:18:10.272 [info] Validating found git in: "git"
2024-09-19 16:18:10.272 [info] Using git "2.34.1" from "git"
2024-09-19 16:18:10.272 [info] > git rev-parse --show-toplevel [5ms]
2024-09-19 16:18:10.272 [info] fatal: not a git repository (or any parent up to mount point /)
Stopping at filesystem boundary (GIT_DISCOVERY_ACROSS_FILESYSTEM not set).
2024-09-19 16:18:10.272 [info] > git rev-parse --show-toplevel [3ms]
2024-09-19 16:18:10.272 [info] fatal: not a git repository (or any parent up to mount point /)
Stopping at filesystem boundary (GIT_DISCOVERY_ACROSS_FILESYSTEM not set).
2024-09-19 16:18:10.272 [info] > git rev-parse --show-toplevel [2ms]
2024-09-19 16:18:10.273 [info] fatal: not a git repository (or any parent up to mount point /)
Stopping at filesystem boundary (GIT_DISCOVERY_ACROSS_FILESYSTEM not set).
2024-09-19 16:18:10.273 [info] > git rev-parse --show-toplevel [2ms]
2024-09-19 16:18:10.273 [info] fatal: not a git repository (or any parent up to mount point /)
Stopping at filesystem boundary (GIT_DISCOVERY_ACROSS_FILESYSTEM not set).
2024-09-19 16:18:10.273 [info] > git rev-parse --show-toplevel [2ms]
2024-09-19 16:18:10.273 [info] fatal: not a git repository (or any parent up to mount point /)
Stopping at filesystem boundary (GIT_DISCOVERY_ACROSS_FILESYSTEM not set).
2024-09-19 16:18:10.273 [info] > git rev-parse --show-toplevel [1ms]
2024-09-19 16:18:10.273 [info] fatal: not a git repository (or any parent up to mount point /)
Stopping at filesystem boundary (GIT_DISCOVERY_ACROSS_FILESYSTEM not set).
2024-09-19 16:18:13.970 [info] > git rev-parse --show-toplevel [5ms]
2024-09-19 16:18:13.970 [info] fatal: not a git repository (or any parent up to mount point /)
Stopping at filesystem boundary (GIT_DISCOVERY_ACROSS_FILESYSTEM not set).
2024-09-19 16:18:17.349 [info] > git rev-parse --show-toplevel [10ms]
2024-09-19 16:18:17.349 [info] fatal: not a git repository (or any parent up to mount point /)
Stopping at filesystem boundary (GIT_DISCOVERY_ACROSS_FILESYSTEM not set).
