Initializing document watcher...
Document watcher initialized
/User/settings.json: Using EditorConfig core...
eduardoabc_edurdo9/lista.go: {}
eduardoabc_edurdo9/ArrayList.go: {}
eduardoabc_edurdo9/ArrayList.go: Using EditorConfig core...
eduardoabc_edurdo9/lista.go: {}
eduardoabc_edurdo9/ArrayList.go: {}
eduardoabc_edurdo9/ArrayList.go: Using EditorConfig core...
eduardoabc_edurdo9/ArrayList.go: {}
eduardoabc_edurdo9/ArrayList.go: {}
eduardoabc_edurdo9/lista.go: {}
eduardoabc_edurdo9/lista.go: {}
eduardoabc_edurdo9/lista.go: Using EditorConfig core...
eduardoabc_edurdo9/lista.go: Using EditorConfig core...
eduardoabc_edurdo9/lista.go: Using EditorConfig core...
eduardoabc_edurdo9/lista.go: Using EditorConfig core...
eduardoabc_edurdo9/lista.go: Using EditorConfig core...
eduardoabc_edurdo9/ArrayList.go: {}
eduardoabc_edurdo9/ArrayList.go: Using EditorConfig core...
eduardoabc_edurdo9/ArrayList.go: Using EditorConfig core...
eduardoabc_edurdo9/ArrayList.go: Using EditorConfig core...
eduardoabc_edurdo9/ArrayList.go: Using EditorConfig core...
eduardoabc_edurdo9/lista.go: {}
eduardoabc_edurdo9/lista.go: Using EditorConfig core...
eduardoabc_edurdo9/lista.go: Using EditorConfig core...
eduardoabc_edurdo9/ArrayList.go: {}
eduardoabc_edurdo9/ArrayList.go: Using EditorConfig core...
eduardoabc_edurdo9/ArrayList.go: Using EditorConfig core...
eduardoabc_edurdo9/ArrayList.go: Using EditorConfig core...
eduardoabc_edurdo9/ArrayList.go: Using EditorConfig core...
eduardoabc_edurdo9/ArrayList.go: Using EditorConfig core...
eduardoabc_edurdo9/ArrayList.go: Using EditorConfig core...
eduardoabc_edurdo9/ArrayList.go: {}
eduardoabc_edurdo9/lista.go: {}
eduardoabc_edurdo9/lista.go: {}
eduardoabc_edurdo9/ArrayList.go: {}
eduardoabc_edurdo9/lista.go: {}
eduardoabc_edurdo9/ArrayList.go: {}
eduardoabc_edurdo9/lista.go: {}
eduardoabc_edurdo9/lista.go: {}
eduardoabc_edurdo9/ArrayList.go: {}
eduardoabc_edurdo9/ArrayList.go: Using EditorConfig core...
eduardoabc_edurdo9/ArrayList.go: Using EditorConfig core...
eduardoabc_edurdo9/ArrayList.go: Using EditorConfig core...
eduardoabc_edurdo9/ArrayList.go: Using EditorConfig core...
eduardoabc_edurdo9/lista.go: {}
eduardoabc_edurdo9/ArrayList.go: {}
eduardoabc_edurdo9/ArrayList.go: Using EditorConfig core...
eduardoabc_edurdo9/lista.go: {}
eduardoabc_edurdo9/lista.go: Using EditorConfig core...
eduardoabc_edurdo9/ArrayList.go: {}
eduardoabc_edurdo9/ArrayList.go: Using EditorConfig core...
eduardoabc_edurdo9/ArrayList.go: Using EditorConfig core...
eduardoabc_edurdo9/ArrayList.go: Using EditorConfig core...
eduardoabc_edurdo9/main.go: {}
eduardoabc_edurdo9/main.go: Using EditorConfig core...
eduardoabc_edurdo9/main.go: Using EditorConfig core...
eduardoabc_edurdo9/main.go: Using EditorConfig core...
eduardoabc_edurdo9/ArrayList.go: {}
eduardoabc_edurdo9/lista.go: {}
eduardoabc_edurdo9/lista.go: Using EditorConfig core...
eduardoabc_edurdo9/lista.go: Using EditorConfig core...
eduardoabc_edurdo9/ArrayList.go: {}
eduardoabc_edurdo9/lista.go: {}
eduardoabc_edurdo9/ArrayList.go: {}
eduardoabc_edurdo9/lista.go: {}
eduardoabc_edurdo9/lista.go: Using EditorConfig core...
eduardoabc_edurdo9/ArrayList.go: {}
eduardoabc_edurdo9/ArrayList.go: Using EditorConfig core...
eduardoabc_edurdo9/lista.go: {}
eduardoabc_edurdo9/main.go: {}
eduardoabc_edurdo9/main.go: Using EditorConfig core...
eduardoabc_edurdo9/main.go: Using EditorConfig core...
eduardoabc_edurdo9/main.go: Using EditorConfig core...
eduardoabc_edurdo9/main.go: Using EditorConfig core...
eduardoabc_edurdo9/main.go: Using EditorConfig core...
eduardoabc_edurdo9/ArrayList.go: {}
eduardoabc_edurdo9/ArrayList.go: Using EditorConfig core...
eduardoabc_edurdo9/lista.go: {}
eduardoabc_edurdo9/main.go: {}
eduardoabc_edurdo9/ArrayList.go: {}
eduardoabc_edurdo9/ArrayList.go: Using EditorConfig core...
eduardoabc_edurdo9/main.go: {}
eduardoabc_edurdo9/main.go: Using EditorConfig core...
eduardoabc_edurdo9/main.go: Using EditorConfig core...
eduardoabc_edurdo9/main.go: Using EditorConfig core...
eduardoabc_edurdo9/ArrayList.go: {}
eduardoabc_edurdo9/lista.go: {}
eduardoabc_edurdo9/main.go: {}
eduardoabc_edurdo9/main.go: Using EditorConfig core...
eduardoabc_edurdo9/main.go: {}
eduardoabc_edurdo9/lista.go: {}
eduardoabc_edurdo9/lista.go: {}
eduardoabc_edurdo9/ArrayList.go: {}
eduardoabc_edurdo9/ArrayList.go: {}
eduardoabc_edurdo9/main.go: {}
eduardoabc_edurdo9/main.go: {}
eduardoabc_edurdo9/main.go: {}
eduardoabc_edurdo9/main.go: {}
eduardoabc_edurdo9/main.go: {}
eduardoabc_edurdo9/ED/lista.go: {}
eduardoabc_edurdo9/ED/lista.go: {}
eduardoabc_edurdo9/ED/lista.go: Using EditorConfig core...
eduardoabc_edurdo9/ArrayList.go: {}
eduardoabc_edurdo9/ED/lista.go: {}
eduardoabc_edurdo9/implementacoes/ArrayList.go: {}
eduardoabc_edurdo9/implementacoes/ArrayList.go: Using EditorConfig core...
eduardoabc_edurdo9/implementacoes/ArrayList.go: Using EditorConfig core...
eduardoabc_edurdo9/main.go: {}
eduardoabc_edurdo9/implementacoes/ArrayList.go: {}
eduardoabc_edurdo9/implementacoes/ArrayList.go: Using EditorConfig core...
eduardoabc_edurdo9/main.go: {}
eduardoabc_edurdo9/main.go: {}
eduardoabc_edurdo9/implementacoes/ArrayList.go: {}
eduardoabc_edurdo9/implementacoes/ArrayList.go: {}
eduardoabc_edurdo9/implementacoes/ArrayList.go: Using EditorConfig core...
eduardoabc_edurdo9/implementacoes/ArrayList.go: {}
eduardoabc_edurdo9/main.go: {}
eduardoabc_edurdo9/main.go: {}
eduardoabc_edurdo9/implementacoes/ArrayList.go: {}
eduardoabc_edurdo9/main.go: {}
eduardoabc_edurdo9/main.go: Using EditorConfig core...
eduardoabc_edurdo9/main.go: {}
eduardoabc_edurdo9/main.go: Using EditorConfig core...
eduardoabc_edurdo9/main.go: Using EditorConfig core...
eduardoabc_edurdo9/main.go: Using EditorConfig core...
eduardoabc_edurdo9/main.go: Using EditorConfig core...
eduardoabc_edurdo9/main.go: Using EditorConfig core...
eduardoabc_edurdo9/main.go: Using EditorConfig core...
eduardoabc_edurdo9/main.go: Using EditorConfig core...
eduardoabc_edurdo9/main.go: Using EditorConfig core...
eduardoabc_edurdo9/implementacoes/ArrayList.go: {}
eduardoabc_edurdo9/implementacoes/ArrayList.go: Using EditorConfig core...
eduardoabc_edurdo9/implementacoes/ArrayList.go: Using EditorConfig core...
eduardoabc_edurdo9/main.go: {}
eduardoabc_edurdo9/main.go: Using EditorConfig core...
eduardoabc_edurdo9/main.go: Using EditorConfig core...
eduardoabc_edurdo9/main.go: Using EditorConfig core...
eduardoabc_edurdo9/main.go: Using EditorConfig core...
eduardoabc_edurdo9/main.go: Using EditorConfig core...
eduardoabc_edurdo9/main.go: Using EditorConfig core...
eduardoabc_edurdo9/main.go: Using EditorConfig core...
eduardoabc_edurdo9/main.go: Using EditorConfig core...
eduardoabc_edurdo9/main.go: Using EditorConfig core...
eduardoabc_edurdo9/main.go: {}
eduardoabc_edurdo9/main.go: Using EditorConfig core...
eduardoabc_edurdo9/main.go: Using EditorConfig core...
eduardoabc_edurdo9/main.go: Using EditorConfig core...
eduardoabc_edurdo9/main.go: Using EditorConfig core...
eduardoabc_edurdo9/main.go: Using EditorConfig core...
eduardoabc_edurdo9/main.go: Using EditorConfig core...
eduardoabc_edurdo9/main.go: {}
eduardoabc_edurdo9/main.go: Using EditorConfig core...
eduardoabc_edurdo9/main.go: Using EditorConfig core...
eduardoabc_edurdo9/main.go: {}
eduardoabc_edurdo9/main.go: {}
eduardoabc_edurdo9/main.go: {}
eduardoabc_edurdo9/main.go: {}
eduardoabc_edurdo9/implementacoes/ArrayList.go: {}
eduardoabc_edurdo9/implementacoes/ArrayList.go: {}
eduardoabc_edurdo9/lista.go: {}
eduardoabc_edurdo9/lista.go: Using EditorConfig core...
eduardoabc_edurdo9/main.go: {}
eduardoabc_edurdo9/lista.go: {}
eduardoabc_edurdo9/lista.go: {}
eduardoabc_edurdo9/lista.go: {}
eduardoabc_edurdo9/lista.go: {}
eduardoabc_edurdo9/lista.go: {}
eduardoabc_edurdo9/ArrayList.go: {}
eduardoabc_edurdo9/ArrayList.go: Using EditorConfig core...
eduardoabc_edurdo9/ArrayList.go: {}
eduardoabc_edurdo9/ArrayList.go: Using EditorConfig core...
eduardoabc_edurdo9/ArrayList.go: Using EditorConfig core...
eduardoabc_edurdo9/ArrayList.go: {}
eduardoabc_edurdo9/ArrayList.go: {}
eduardoabc_edurdo9/Projects/implementacoes/ArrayList.go: {}
eduardoabc_edurdo9/Projects/interfaces/lista.go: {}
eduardoabc_edurdo9/Projects/implementacoes/ArrayList.go: {}
eduardoabc_edurdo9/Projects/interfaces/lista.go: {}
eduardoabc_edurdo9/main.go: {}
eduardoabc_edurdo9/main.go: {}
eduardoabc_edurdo9/Projects/interfaces/lista.go: {}
eduardoabc_edurdo9/Projects/interfaces/lista.go: Using EditorConfig core...
eduardoabc_edurdo9/Projects/interfaces/lista.go: Using EditorConfig core...
eduardoabc_edurdo9/Projects/implementacoes/ArrayList.go: {}
eduardoabc_edurdo9/Projects/implementacoes/ArrayList.go: Using EditorConfig core...
eduardoabc_edurdo9/Projects/implementacoes/ArrayList.go: Using EditorConfig core...
eduardoabc_edurdo9/Projects/implementacoes/ArrayList.go: {}
eduardoabc_edurdo9/Projects/main.go: {}
eduardoabc_edurdo9/Projects/main.go: {}
eduardoabc_edurdo9/Projects/implementacoes/ArrayList.go: {}
eduardoabc_edurdo9/Projects/implementacoes/ArrayList.go: Using EditorConfig core...
eduardoabc_edurdo9/Projects/implementacoes/ArrayList.go: Using EditorConfig core...
eduardoabc_edurdo9/Projects/implementacoes/ArrayList.go: Using EditorConfig core...
eduardoabc_edurdo9/Projects/implementacoes/ArrayList.go: {}
eduardoabc_edurdo9/Projects/main.go: {}
eduardoabc_edurdo9/Projects/main.go: Using EditorConfig core...
eduardoabc_edurdo9/Projects/main.go: Using EditorConfig core...
eduardoabc_edurdo9/Projects/main.go: Using EditorConfig core...
eduardoabc_edurdo9/Projects/main.go: Using EditorConfig core...
eduardoabc_edurdo9/Projects/main.go: Using EditorConfig core...
eduardoabc_edurdo9/Projects/interfaces/lista.go: {}
eduardoabc_edurdo9/Projects/implementacoes/ArrayList.go: {}
eduardoabc_edurdo9/Projects/implementacoes/ArrayList.go: {}
eduardoabc_edurdo9/Projects/implementacoes/ArrayList.go: Using EditorConfig core...
eduardoabc_edurdo9/Projects/main.go: {}
eduardoabc_edurdo9/Projects/main.go: {}
eduardoabc_edurdo9/Projects/main.go: Using EditorConfig core...
eduardoabc_edurdo9/Projects/main.go: Using EditorConfig core...
eduardoabc_edurdo9/Projects/main.go: Using EditorConfig core...
eduardoabc_edurdo9/Projects/main.go: Using EditorConfig core...
eduardoabc_edurdo9/Projects/main.go: Using EditorConfig core...
eduardoabc_edurdo9/Projects/main.go: Using EditorConfig core...
eduardoabc_edurdo9/Projects/main.go: Using EditorConfig core...
eduardoabc_edurdo9/Projects/main.go: {}
eduardoabc_edurdo9/Projects/main.go: {}
eduardoabc_edurdo9/Projects/main.go: {}
eduardoabc_edurdo9/Projects/main.go: {}
eduardoabc_edurdo9/Projects/main.go: {}
eduardoabc_edurdo9/Projects/main.go: {}
eduardoabc_edurdo9/Projects/main.go: {}
eduardoabc_edurdo9/Projects/implementacoes/ArrayList.go: {}
eduardoabc_edurdo9/Projects/implementacoes/ArrayList.go: {}
eduardoabc_edurdo9/Projects/implementacoes/ArrayList.go: Using EditorConfig core...
eduardoabc_edurdo9/Projects/implementacoes/ArrayList.go: Using EditorConfig core...
eduardoabc_edurdo9/Projects/implementacoes/ArrayList.go: Using EditorConfig core...
eduardoabc_edurdo9/Projects/main.go: {}
eduardoabc_edurdo9/Projects/main.go: {}
eduardoabc_edurdo9/Projects/implementacoes/ArrayList.go: {}
eduardoabc_edurdo9/Projects/main.go: {}
eduardoabc_edurdo9/Projects/main.go: Using EditorConfig core...
eduardoabc_edurdo9/Projects/main.go: {}
eduardoabc_edurdo9/Projects/main.go: {}
eduardoabc_edurdo9/Projects/interfaces/lista.go: {}
eduardoabc_edurdo9/Projects/implementacoes/ArrayList.go: {}
eduardoabc_edurdo9/Projects/implementacoes/ArrayList.go: {}
eduardoabc_edurdo9/Projects/implementacoes/ArrayList.go: {}
eduardoabc_edurdo9/Projects/implementacoes/ArrayList.go: Using EditorConfig core...
eduardoabc_edurdo9/Projects/implementacoes/ArrayList.go: Using EditorConfig core...
eduardoabc_edurdo9/Projects/implementacoes/ArrayList.go: {}
eduardoabc_edurdo9/Projects/interfaces/lista.go: {}
eduardoabc_edurdo9/Projects/interfaces/lista.go: {}
eduardoabc_edurdo9/Projects/implementacoes/ArrayList.go: {}
eduardoabc_edurdo9/Projects/implementacoes/ArrayList.go: {}
eduardoabc_edurdo9/Projects/main.go: {}
eduardoabc_edurdo9/Projects/main.go: Using EditorConfig core...
eduardoabc_edurdo9/Projects/main.go: Using EditorConfig core...
eduardoabc_edurdo9/Projects/main.go: {}
eduardoabc_edurdo9/Projects/main.go: {}
eduardoabc_edurdo9/Projects/main.go: {}
eduardoabc_edurdo9/Projects/main.go: Using EditorConfig core...
eduardoabc_edurdo9/Projects/main.go: Using EditorConfig core...
eduardoabc_edurdo9/Projects/main.go: Using EditorConfig core...
eduardoabc_edurdo9/Projects/implementacoes/ArrayList.go: {}
eduardoabc_edurdo9/Projects/main.go: {}
eduardoabc_edurdo9/Projects/main.go: {}
eduardoabc_edurdo9/Projects/implementacoes/ArrayList.go: {}
eduardoabc_edurdo9/Projects/interfaces/lista.go: {}
eduardoabc_edurdo9/Projects/interfaces/lista.go: {}
eduardoabc_edurdo9/Projects/main.go: {}
eduardoabc_edurdo9/Projects/main.go: {}
eduardoabc_edurdo9/Projects/implementacoes/ArrayList.go: {}
eduardoabc_edurdo9/Projects/interfaces/lista.go: {}
eduardoabc_edurdo9/Projects/interfaces/lista.go: {}
eduardoabc_edurdo9/Projects/implementacoes/ArrayList.go: {}
eduardoabc_edurdo9/Projects/implementacoes/ArrayList.go: {}
eduardoabc_edurdo9/Projects/implementacoes/ArrayList.go: Using EditorConfig core...
eduardoabc_edurdo9/Projects/implementacoes/ArrayList.go: Using EditorConfig core...
eduardoabc_edurdo9/Projects/implementacoes/ArrayList.go: Using EditorConfig core...
eduardoabc_edurdo9/Projects/implementacoes/ArrayList.go: Using EditorConfig core...
eduardoabc_edurdo9/Projects/interfaces/lista.go: {}
eduardoabc_edurdo9/Projects/implementacoes/ArrayList.go: {}
eduardoabc_edurdo9/Projects/implementacoes/ArrayList.go: Using EditorConfig core...
eduardoabc_edurdo9/Projects/implementacoes/ArrayList.go: Using EditorConfig core...
eduardoabc_edurdo9/Projects/implementacoes/ArrayList.go: Using EditorConfig core...
eduardoabc_edurdo9/Projects/implementacoes/ArrayList.go: Using EditorConfig core...
eduardoabc_edurdo9/Projects/implementacoes/ArrayList.go: Using EditorConfig core...
eduardoabc_edurdo9/Projects/implementacoes/ArrayList.go: Using EditorConfig core...
eduardoabc_edurdo9/Projects/implementacoes/ArrayList.go: Using EditorConfig core...
eduardoabc_edurdo9/Projects/interfaces/lista.go: {}
eduardoabc_edurdo9/Projects/implementacoes/ArrayList.go: {}
eduardoabc_edurdo9/Projects/implementacoes/ArrayList.go: Using EditorConfig core...
eduardoabc_edurdo9/Projects/implementacoes/ArrayList.go: Using EditorConfig core...
eduardoabc_edurdo9/Projects/implementacoes/ArrayList.go: {}
eduardoabc_edurdo9/Projects/implementacoes/ArrayList.go: {}
eduardoabc_edurdo9/Projects/implementacoes/ArrayList.go: {}
eduardoabc_edurdo9/Projects/implementacoes/ArrayList.go: {}
eduardoabc_edurdo9/Projects/implementacoes/ArrayList.go: Using EditorConfig core...
eduardoabc_edurdo9/Projects/implementacoes/ArrayList.go: Using EditorConfig core...
eduardoabc_edurdo9/Projects/implementacoes/ArrayList.go: Using EditorConfig core...
eduardoabc_edurdo9/Projects/implementacoes/ArrayList.go: Using EditorConfig core...
eduardoabc_edurdo9/Projects/implementacoes/ArrayList.go: Using EditorConfig core...
eduardoabc_edurdo9/Projects/implementacoes/ArrayList.go: Using EditorConfig core...
eduardoabc_edurdo9/Projects/implementacoes/ArrayList.go: Using EditorConfig core...
eduardoabc_edurdo9/Projects/implementacoes/ArrayList.go: Using EditorConfig core...
eduardoabc_edurdo9/Projects/implementacoes/ArrayList.go: Using EditorConfig core...
eduardoabc_edurdo9/Projects/implementacoes/ArrayList.go: Using EditorConfig core...
eduardoabc_edurdo9/Projects/implementacoes/ArrayList.go: Using EditorConfig core...
eduardoabc_edurdo9/Projects/implementacoes/ArrayList.go: Using EditorConfig core...
eduardoabc_edurdo9/Projects/implementacoes/ArrayList.go: Using EditorConfig core...
eduardoabc_edurdo9/Projects/implementacoes/ArrayList.go: Using EditorConfig core...
eduardoabc_edurdo9/Projects/implementacoes/ArrayList.go: Using EditorConfig core...
eduardoabc_edurdo9/Projects/implementacoes/ArrayList.go: Using EditorConfig core...
eduardoabc_edurdo9/Projects/implementacoes/ArrayList.go: Using EditorConfig core...
eduardoabc_edurdo9/Projects/implementacoes/ArrayList.go: Using EditorConfig core...
eduardoabc_edurdo9/Projects/implementacoes/ArrayList.go: Using EditorConfig core...
eduardoabc_edurdo9/Projects/implementacoes/ArrayList.go: Using EditorConfig core...
eduardoabc_edurdo9/Projects/implementacoes/ArrayList.go: Using EditorConfig core...
eduardoabc_edurdo9/Projects/implementacoes/ArrayList.go: Using EditorConfig core...
eduardoabc_edurdo9/Projects/implementacoes/ArrayList.go: Using EditorConfig core...
eduardoabc_edurdo9/Projects/implementacoes/ArrayList.go: Using EditorConfig core...
eduardoabc_edurdo9/Projects/implementacoes/ArrayList.go: Using EditorConfig core...
eduardoabc_edurdo9/Projects/implementacoes/ArrayList.go: Using EditorConfig core...
eduardoabc_edurdo9/Projects/implementacoes/ArrayList.go: Using EditorConfig core...
eduardoabc_edurdo9/Projects/implementacoes/ArrayList.go: Using EditorConfig core...
eduardoabc_edurdo9/Projects/implementacoes/ArrayList.go: Using EditorConfig core...
eduardoabc_edurdo9/Projects/implementacoes/ArrayList.go: Using EditorConfig core...
eduardoabc_edurdo9/Projects/implementacoes/ArrayList.go: Using EditorConfig core...
eduardoabc_edurdo9/Projects/implementacoes/ArrayList.go: Using EditorConfig core...
eduardoabc_edurdo9/Projects/implementacoes/ArrayList.go: Using EditorConfig core...
eduardoabc_edurdo9/Projects/implementacoes/ArrayList.go: Using EditorConfig core...
eduardoabc_edurdo9/Projects/implementacoes/ArrayList.go: Using EditorConfig core...
eduardoabc_edurdo9/Projects/implementacoes/ArrayList.go: Using EditorConfig core...
eduardoabc_edurdo9/Projects/implementacoes/ArrayList.go: Using EditorConfig core...
eduardoabc_edurdo9/Projects/implementacoes/ArrayList.go: Using EditorConfig core...
eduardoabc_edurdo9/Projects/implementacoes/ArrayList.go: Using EditorConfig core...
eduardoabc_edurdo9/Projects/implementacoes/ArrayList.go: Using EditorConfig core...
eduardoabc_edurdo9/Projects/implementacoes/ArrayList.go: Using EditorConfig core...
eduardoabc_edurdo9/Projects/implementacoes/ArrayList.go: Using EditorConfig core...
eduardoabc_edurdo9/Projects/implementacoes/ArrayList.go: Using EditorConfig core...
eduardoabc_edurdo9/Projects/implementacoes/ArrayList.go: Using EditorConfig core...
eduardoabc_edurdo9/Projects/implementacoes/ArrayList.go: Using EditorConfig core...
eduardoabc_edurdo9/Projects/implementacoes/ArrayList.go: Using EditorConfig core...
