Initializing document watcher...
Document watcher initialized
eduardoabc_edurdo9/teste.go: {}
eduardoabc_edurdo9/teste.go: {}
eduardoabc_edurdo9/teste.go: Using EditorConfig core...
eduardoabc_edurdo9/teste.go: Using EditorConfig core...
eduardoabc_edurdo9/teste.go: Using EditorConfig core...
eduardoabc_edurdo9/teste.go: Using EditorConfig core...
eduardoabc_edurdo9/teste.go: Using EditorConfig core...
eduardoabc_edurdo9/teste.go: Using EditorConfig core...
eduardoabc_edurdo9/teste.go: Using EditorConfig core...
eduardoabc_edurdo9/teste.go: Using EditorConfig core...
eduardoabc_edurdo9/teste.go: Using EditorConfig core...
eduardoabc_edurdo9/teste.go: Using EditorConfig core...
eduardoabc_edurdo9/teste.go: Using EditorConfig core...
eduardoabc_edurdo9/teste.go: Using EditorConfig core...
eduardoabc_edurdo9/teste.go: Using EditorConfig core...
eduardoabc_edurdo9/teste.go: {}
eduardoabc_edurdo9/teste.go: Using EditorConfig core...
eduardoabc_edurdo9/teste.go: Using EditorConfig core...
eduardoabc_edurdo9/teste.go: Using EditorConfig core...
eduardoabc_edurdo9/teste.go: Using EditorConfig core...
eduardoabc_edurdo9/teste.go: Using EditorConfig core...
eduardoabc_edurdo9/teste.go: Using EditorConfig core...
eduardoabc_edurdo9/teste.go: Using EditorConfig core...
eduardoabc_edurdo9/teste.go: Using EditorConfig core...
eduardoabc_edurdo9/teste.go: Using EditorConfig core...
eduardoabc_edurdo9/teste.go: {}
eduardoabc_edurdo9/teste.go: Using EditorConfig core...
eduardoabc_edurdo9/teste.go: {}
eduardoabc_edurdo9/teste.go: Using EditorConfig core...
eduardoabc_edurdo9/teste.go: Using EditorConfig core...
eduardoabc_edurdo9/teste.go: Using EditorConfig core...
eduardoabc_edurdo9/teste.go: Using EditorConfig core...
eduardoabc_edurdo9/teste.go: Using EditorConfig core...
eduardoabc_edurdo9/teste.go: {}
eduardoabc_edurdo9/teste.go: Using EditorConfig core...
eduardoabc_edurdo9/teste.go: Using EditorConfig core...
eduardoabc_edurdo9/teste.go: Using EditorConfig core...
eduardoabc_edurdo9/teste.go: Using EditorConfig core...
eduardoabc_edurdo9/teste.go: Using EditorConfig core...
eduardoabc_edurdo9/listaInterface.go: {}
eduardoabc_edurdo9/listaInterface.go: {}
eduardoabc_edurdo9/lista.go: {}
eduardoabc_edurdo9/lista.go: Using EditorConfig core...
eduardoabc_edurdo9/lista.go: Using EditorConfig core...
eduardoabc_edurdo9/lista.go: Using EditorConfig core...
eduardoabc_edurdo9/lista.go: Using EditorConfig core...
eduardoabc_edurdo9/lista.go: Using EditorConfig core...
eduardoabc_edurdo9/lista.go: Using EditorConfig core...
eduardoabc_edurdo9/lista.go: Using EditorConfig core...
eduardoabc_edurdo9/lista.go: Using EditorConfig core...
eduardoabc_edurdo9/lista.go: Using EditorConfig core...
eduardoabc_edurdo9/lista.go: {}
eduardoabc_edurdo9/lista.go: {}
eduardoabc_edurdo9/ArrayList.go: {}
eduardoabc_edurdo9/lista.go: {}
eduardoabc_edurdo9/lista.go: {}
eduardoabc_edurdo9/lista.go: {}
eduardoabc_edurdo9/lista.go: Using EditorConfig core...
eduardoabc_edurdo9/lista.go: Using EditorConfig core...
eduardoabc_edurdo9/lista.go: Using EditorConfig core...
eduardoabc_edurdo9/lista.go: Using EditorConfig core...
eduardoabc_edurdo9/lista.go: {}
eduardoabc_edurdo9/lista.go: {}
eduardoabc_edurdo9/lista.go: Using EditorConfig core...
eduardoabc_edurdo9/ArrayList.go: {}
eduardoabc_edurdo9/lista.go: {}
eduardoabc_edurdo9/ArrayList.go: {}
eduardoabc_edurdo9/lista.go: {}
eduardoabc_edurdo9/ArrayList.go: {}
eduardoabc_edurdo9/lista.go: {}
eduardoabc_edurdo9/lista.go: Using EditorConfig core...
eduardoabc_edurdo9/lista.go: Using EditorConfig core...
eduardoabc_edurdo9/lista.go: {}
eduardoabc_edurdo9/lista.go: {}
eduardoabc_edurdo9/lista.go: Using EditorConfig core...
eduardoabc_edurdo9/lista.go: Using EditorConfig core...
eduardoabc_edurdo9/lista.go: Using EditorConfig core...
eduardoabc_edurdo9/lista.go: Using EditorConfig core...
eduardoabc_edurdo9/lista.go: {}
eduardoabc_edurdo9/lista.go: {}
eduardoabc_edurdo9/lista.go: {}
eduardoabc_edurdo9/lista.go: {}
eduardoabc_edurdo9/gopath/ArrayList: {}
eduardoabc_edurdo9/gopath/ArrayList.go: {}
eduardoabc_edurdo9/gopath/ArrayList.go: Using EditorConfig core...
eduardoabc_edurdo9/lista.go: {}
eduardoabc_edurdo9/lista.go: Using EditorConfig core...
eduardoabc_edurdo9/lista.go: Using EditorConfig core...
eduardoabc_edurdo9/lista.go: Using EditorConfig core...
eduardoabc_edurdo9/lista.go: Using EditorConfig core...
eduardoabc_edurdo9/lista.go: Using EditorConfig core...
eduardoabc_edurdo9/lista.go: Using EditorConfig core...
eduardoabc_edurdo9/lista.go: Using EditorConfig core...
eduardoabc_edurdo9/lista.go: Using EditorConfig core...
eduardoabc_edurdo9/gopath/ArrayList.go: {}
eduardoabc_edurdo9/gopath/ArrayList.go: {}
eduardoabc_edurdo9/gopath/ArrayList.go: Using EditorConfig core...
eduardoabc_edurdo9/gopath/ArrayList.go: Using EditorConfig core...
eduardoabc_edurdo9/gopath/ArrayList.go: Using EditorConfig core...
eduardoabc_edurdo9/gopath/ArrayList.go: Using EditorConfig core...
eduardoabc_edurdo9/gopath/ArrayList.go: Using EditorConfig core...
eduardoabc_edurdo9/gopath/ArrayList.go: Using EditorConfig core...
eduardoabc_edurdo9/gopath/ArrayList.go: Using EditorConfig core...
eduardoabc_edurdo9/gopath/ArrayList.go: Using EditorConfig core...
eduardoabc_edurdo9/gopath/ArrayList.go: Using EditorConfig core...
eduardoabc_edurdo9/gopath/ArrayList.go: {}
eduardoabc_edurdo9/gopath/ArrayList.go: Using EditorConfig core...
eduardoabc_edurdo9/gopath/ArrayList.go: {}
eduardoabc_edurdo9/lista.go: {}
eduardoabc_edurdo9/lista.go: Using EditorConfig core...
eduardoabc_edurdo9/gopath/ArrayList.go: {}
eduardoabc_edurdo9/lista.go: Using EditorConfig core...
eduardoabc_edurdo9/gopath/ArrayList.go: Using EditorConfig core...
eduardoabc_edurdo9/gopath/ArrayList.go: {}
eduardoabc_edurdo9/gopath/ArrayList.go: Using EditorConfig core...
eduardoabc_edurdo9/gopath/ArrayList.go: Using EditorConfig core...
eduardoabc_edurdo9/gopath/ArrayList.go: Using EditorConfig core...
eduardoabc_edurdo9/gopath/ArrayList.go: Using EditorConfig core...
eduardoabc_edurdo9/gopath/ArrayList.go: Using EditorConfig core...
eduardoabc_edurdo9/gopath/ArrayList.go: Using EditorConfig core...
eduardoabc_edurdo9/lista.go: {}
eduardoabc_edurdo9/gopath/ArrayList.go: {}
eduardoabc_edurdo9/lista.go: {}
eduardoabc_edurdo9/ArrayList.go: {}
eduardoabc_edurdo9/lista.go: {}
eduardoabc_edurdo9/ArrayList.go: {}
eduardoabc_edurdo9/ArrayList.go: Using EditorConfig core...
eduardoabc_edurdo9/ArrayList.go: Using EditorConfig core...
eduardoabc_edurdo9/ArrayList.go: Using EditorConfig core...
eduardoabc_edurdo9/ArrayList.go: Using EditorConfig core...
eduardoabc_edurdo9/ArrayList.go: Using EditorConfig core...
eduardoabc_edurdo9/ArrayList.go: Using EditorConfig core...
eduardoabc_edurdo9/ArrayList.go: Using EditorConfig core...
eduardoabc_edurdo9/ArrayList.go: Using EditorConfig core...
eduardoabc_edurdo9/ArrayList.go: Using EditorConfig core...
eduardoabc_edurdo9/ArrayList.go: Using EditorConfig core...
eduardoabc_edurdo9/ArrayList.go: Using EditorConfig core...
eduardoabc_edurdo9/lista.go: {}
eduardoabc_edurdo9/lista.go: Using EditorConfig core...
eduardoabc_edurdo9/ArrayList.go: {}
eduardoabc_edurdo9/lista.go: {}
eduardoabc_edurdo9/ArrayList.go: {}
eduardoabc_edurdo9/lista.go: {}
eduardoabc_edurdo9/ArrayList.go: Using EditorConfig core...
eduardoabc_edurdo9/ArrayList.go: {}
eduardoabc_edurdo9/lista.go: {}
eduardoabc_edurdo9/lista.go: Using EditorConfig core...
eduardoabc_edurdo9/lista.go: Using EditorConfig core...
eduardoabc_edurdo9/lista.go: Using EditorConfig core...
eduardoabc_edurdo9/lista.go: Using EditorConfig core...
eduardoabc_edurdo9/lista.go: Using EditorConfig core...
eduardoabc_edurdo9/lista.go: Using EditorConfig core...
eduardoabc_edurdo9/lista.go: Using EditorConfig core...
eduardoabc_edurdo9/lista.go: Using EditorConfig core...
eduardoabc_edurdo9/lista.go: Using EditorConfig core...
eduardoabc_edurdo9/lista.go: Using EditorConfig core...
eduardoabc_edurdo9/lista.go: Using EditorConfig core...
eduardoabc_edurdo9/lista.go: Using EditorConfig core...
eduardoabc_edurdo9/lista.go: Using EditorConfig core...
eduardoabc_edurdo9/lista.go: Using EditorConfig core...
eduardoabc_edurdo9/lista.go: Using EditorConfig core...
eduardoabc_edurdo9/lista.go: Using EditorConfig core...
eduardoabc_edurdo9/lista.go: Using EditorConfig core...
eduardoabc_edurdo9/lista.go: Using EditorConfig core...
eduardoabc_edurdo9/lista.go: Using EditorConfig core...
eduardoabc_edurdo9/lista.go: Using EditorConfig core...
eduardoabc_edurdo9/lista.go: Using EditorConfig core...
eduardoabc_edurdo9/lista.go: Using EditorConfig core...
eduardoabc_edurdo9/lista.go: Using EditorConfig core...
eduardoabc_edurdo9/lista.go: Using EditorConfig core...
eduardoabc_edurdo9/lista.go: Using EditorConfig core...
eduardoabc_edurdo9/lista.go: Using EditorConfig core...
eduardoabc_edurdo9/lista.go: Using EditorConfig core...
eduardoabc_edurdo9/lista.go: Using EditorConfig core...
eduardoabc_edurdo9/lista.go: Using EditorConfig core...
eduardoabc_edurdo9/lista.go: Using EditorConfig core...
eduardoabc_edurdo9/lista.go: Using EditorConfig core...
eduardoabc_edurdo9/lista.go: Using EditorConfig core...
eduardoabc_edurdo9/lista.go: Using EditorConfig core...
eduardoabc_edurdo9/lista.go: Using EditorConfig core...
eduardoabc_edurdo9/lista.go: Using EditorConfig core...
eduardoabc_edurdo9/lista.go: Using EditorConfig core...
eduardoabc_edurdo9/lista.go: Using EditorConfig core...
eduardoabc_edurdo9/lista.go: Using EditorConfig core...
eduardoabc_edurdo9/lista.go: Using EditorConfig core...
eduardoabc_edurdo9/lista.go: Using EditorConfig core...
eduardoabc_edurdo9/lista.go: Using EditorConfig core...
eduardoabc_edurdo9/lista.go: Using EditorConfig core...
eduardoabc_edurdo9/lista.go: Using EditorConfig core...
eduardoabc_edurdo9/lista.go: Using EditorConfig core...
eduardoabc_edurdo9/lista.go: Using EditorConfig core...
eduardoabc_edurdo9/lista.go: Using EditorConfig core...
eduardoabc_edurdo9/lista.go: Using EditorConfig core...
eduardoabc_edurdo9/lista.go: Using EditorConfig core...
eduardoabc_edurdo9/lista.go: Using EditorConfig core...
eduardoabc_edurdo9/lista.go: Using EditorConfig core...
eduardoabc_edurdo9/lista.go: Using EditorConfig core...
eduardoabc_edurdo9/lista.go: Using EditorConfig core...
eduardoabc_edurdo9/lista.go: Using EditorConfig core...
eduardoabc_edurdo9/lista.go: Using EditorConfig core...
eduardoabc_edurdo9/lista.go: Using EditorConfig core...
eduardoabc_edurdo9/lista.go: Using EditorConfig core...
eduardoabc_edurdo9/lista.go: Using EditorConfig core...
eduardoabc_edurdo9/lista.go: Using EditorConfig core...
eduardoabc_edurdo9/lista.go: Using EditorConfig core...
eduardoabc_edurdo9/lista.go: Using EditorConfig core...
eduardoabc_edurdo9/lista.go: Using EditorConfig core...
eduardoabc_edurdo9/lista.go: Using EditorConfig core...
eduardoabc_edurdo9/lista.go: Using EditorConfig core...
eduardoabc_edurdo9/lista.go: Using EditorConfig core...
eduardoabc_edurdo9/lista.go: Using EditorConfig core...
eduardoabc_edurdo9/lista.go: Using EditorConfig core...
eduardoabc_edurdo9/lista.go: Using EditorConfig core...
eduardoabc_edurdo9/lista.go: Using EditorConfig core...
eduardoabc_edurdo9/lista.go: Using EditorConfig core...
eduardoabc_edurdo9/lista.go: Using EditorConfig core...
eduardoabc_edurdo9/lista.go: Using EditorConfig core...
eduardoabc_edurdo9/lista.go: {}
eduardoabc_edurdo9/lista.go: {}
eduardoabc_edurdo9/lista.go: Using EditorConfig core...
eduardoabc_edurdo9/lista.go: Using EditorConfig core...
eduardoabc_edurdo9/lista.go: Using EditorConfig core...
eduardoabc_edurdo9/lista.go: Using EditorConfig core...
eduardoabc_edurdo9/lista.go: Using EditorConfig core...
eduardoabc_edurdo9/lista.go: Using EditorConfig core...
eduardoabc_edurdo9/lista.go: Using EditorConfig core...
eduardoabc_edurdo9/lista.go: Using EditorConfig core...
eduardoabc_edurdo9/lista.go: Using EditorConfig core...
eduardoabc_edurdo9/lista.go: Using EditorConfig core...
eduardoabc_edurdo9/lista.go: Using EditorConfig core...
eduardoabc_edurdo9/lista.go: Using EditorConfig core...
eduardoabc_edurdo9/lista.go: Using EditorConfig core...
eduardoabc_edurdo9/lista.go: Using EditorConfig core...
eduardoabc_edurdo9/lista.go: Using EditorConfig core...
eduardoabc_edurdo9/lista.go: Using EditorConfig core...
eduardoabc_edurdo9/lista.go: Using EditorConfig core...
eduardoabc_edurdo9/lista.go: Using EditorConfig core...
eduardoabc_edurdo9/lista.go: Using EditorConfig core...
eduardoabc_edurdo9/lista.go: Using EditorConfig core...
eduardoabc_edurdo9/lista.go: Using EditorConfig core...
eduardoabc_edurdo9/lista.go: Using EditorConfig core...
eduardoabc_edurdo9/lista.go: Using EditorConfig core...
eduardoabc_edurdo9/lista.go: Using EditorConfig core...
eduardoabc_edurdo9/lista.go: Using EditorConfig core...
eduardoabc_edurdo9/lista.go: Using EditorConfig core...
eduardoabc_edurdo9/lista.go: Using EditorConfig core...
eduardoabc_edurdo9/lista.go: Using EditorConfig core...
eduardoabc_edurdo9/lista.go: Using EditorConfig core...
eduardoabc_edurdo9/lista.go: Using EditorConfig core...
eduardoabc_edurdo9/lista.go: Using EditorConfig core...
eduardoabc_edurdo9/lista.go: {}
eduardoabc_edurdo9/lista.go: {}
eduardoabc_edurdo9/lista.go: {}
eduardoabc_edurdo9/lista.go: {}
eduardoabc_edurdo9/lista.go: Using EditorConfig core...
eduardoabc_edurdo9/lista.go: Using EditorConfig core...
eduardoabc_edurdo9/lista.go: Using EditorConfig core...
eduardoabc_edurdo9/lista.go: Using EditorConfig core...
eduardoabc_edurdo9/lista.go: Using EditorConfig core...
eduardoabc_edurdo9/lista.go: Using EditorConfig core...
eduardoabc_edurdo9/lista.go: Using EditorConfig core...
eduardoabc_edurdo9/lista.go: Using EditorConfig core...
eduardoabc_edurdo9/lista.go: Using EditorConfig core...
eduardoabc_edurdo9/lista.go: Using EditorConfig core...
eduardoabc_edurdo9/lista.go: Using EditorConfig core...
eduardoabc_edurdo9/lista.go: Using EditorConfig core...
eduardoabc_edurdo9/lista.go: Using EditorConfig core...
eduardoabc_edurdo9/lista.go: Using EditorConfig core...
eduardoabc_edurdo9/lista.go: Using EditorConfig core...
eduardoabc_edurdo9/lista.go: Using EditorConfig core...
eduardoabc_edurdo9/lista.go: Using EditorConfig core...
eduardoabc_edurdo9/lista.go: Using EditorConfig core...
eduardoabc_edurdo9/lista.go: Using EditorConfig core...
eduardoabc_edurdo9/lista.go: Using EditorConfig core...
eduardoabc_edurdo9/lista.go: Using EditorConfig core...
eduardoabc_edurdo9/lista.go: Using EditorConfig core...
eduardoabc_edurdo9/lista.go: Using EditorConfig core...
eduardoabc_edurdo9/lista.go: Using EditorConfig core...
eduardoabc_edurdo9/lista.go: Using EditorConfig core...
eduardoabc_edurdo9/lista.go: Using EditorConfig core...
eduardoabc_edurdo9/lista.go: Using EditorConfig core...
eduardoabc_edurdo9/lista.go: Using EditorConfig core...
eduardoabc_edurdo9/lista.go: Using EditorConfig core...
eduardoabc_edurdo9/lista.go: Using EditorConfig core...
eduardoabc_edurdo9/lista.go: Using EditorConfig core...
eduardoabc_edurdo9/lista.go: Using EditorConfig core...
eduardoabc_edurdo9/lista.go: Using EditorConfig core...
eduardoabc_edurdo9/lista.go: Using EditorConfig core...
eduardoabc_edurdo9/lista.go: Using EditorConfig core...
eduardoabc_edurdo9/lista.go: Using EditorConfig core...
eduardoabc_edurdo9/lista.go: Using EditorConfig core...
eduardoabc_edurdo9/lista.go: Using EditorConfig core...
eduardoabc_edurdo9/lista.go: Using EditorConfig core...
eduardoabc_edurdo9/lista.go: Using EditorConfig core...
eduardoabc_edurdo9/lista.go: {}
eduardoabc_edurdo9/lista.go: Using EditorConfig core...
eduardoabc_edurdo9/lista.go: Using EditorConfig core...
eduardoabc_edurdo9/lista.go: Using EditorConfig core...
eduardoabc_edurdo9/lista.go: Using EditorConfig core...
eduardoabc_edurdo9/lista.go: Using EditorConfig core...
eduardoabc_edurdo9/lista.go: Using EditorConfig core...
eduardoabc_edurdo9/lista.go: Using EditorConfig core...
eduardoabc_edurdo9/lista.go: Using EditorConfig core...
eduardoabc_edurdo9/lista.go: {}
eduardoabc_edurdo9/lista.go: Using EditorConfig core...
eduardoabc_edurdo9/lista.go: Using EditorConfig core...
eduardoabc_edurdo9/lista.go: Using EditorConfig core...
eduardoabc_edurdo9/lista.go: {}
eduardoabc_edurdo9/lista.go: {}
eduardoabc_edurdo9/lista.go: Using EditorConfig core...
eduardoabc_edurdo9/lista.go: Using EditorConfig core...
eduardoabc_edurdo9/lista.go: Using EditorConfig core...
eduardoabc_edurdo9/lista.go: Using EditorConfig core...
eduardoabc_edurdo9/lista.go: Using EditorConfig core...
eduardoabc_edurdo9/lista.go: Using EditorConfig core...
eduardoabc_edurdo9/lista.go: Using EditorConfig core...
eduardoabc_edurdo9/lista.go: Using EditorConfig core...
eduardoabc_edurdo9/lista.go: Using EditorConfig core...
eduardoabc_edurdo9/lista.go: Using EditorConfig core...
eduardoabc_edurdo9/lista.go: Using EditorConfig core...
eduardoabc_edurdo9/lista.go: {}
eduardoabc_edurdo9/lista.go: {}
eduardoabc_edurdo9/lista.go: Using EditorConfig core...
eduardoabc_edurdo9/lista.go: Using EditorConfig core...
eduardoabc_edurdo9/lista.go: Using EditorConfig core...
eduardoabc_edurdo9/lista.go: Using EditorConfig core...
eduardoabc_edurdo9/lista.go: Using EditorConfig core...
eduardoabc_edurdo9/lista.go: Using EditorConfig core...
eduardoabc_edurdo9/lista.go: Using EditorConfig core...
eduardoabc_edurdo9/lista.go: Using EditorConfig core...
eduardoabc_edurdo9/lista.go: Using EditorConfig core...
eduardoabc_edurdo9/lista.go: Using EditorConfig core...
eduardoabc_edurdo9/lista.go: Using EditorConfig core...
eduardoabc_edurdo9/lista.go: Using EditorConfig core...
eduardoabc_edurdo9/lista.go: Using EditorConfig core...
eduardoabc_edurdo9/lista.go: Using EditorConfig core...
eduardoabc_edurdo9/lista.go: Using EditorConfig core...
eduardoabc_edurdo9/lista.go: Using EditorConfig core...
eduardoabc_edurdo9/lista.go: Using EditorConfig core...
eduardoabc_edurdo9/lista.go: Using EditorConfig core...
eduardoabc_edurdo9/lista.go: Using EditorConfig core...
eduardoabc_edurdo9/lista.go: Using EditorConfig core...
eduardoabc_edurdo9/lista.go: Using EditorConfig core...
eduardoabc_edurdo9/lista.go: Using EditorConfig core...
eduardoabc_edurdo9/lista.go: Using EditorConfig core...
eduardoabc_edurdo9/lista.go: Using EditorConfig core...
eduardoabc_edurdo9/lista.go: Using EditorConfig core...
eduardoabc_edurdo9/lista.go: Using EditorConfig core...
eduardoabc_edurdo9/lista.go: Using EditorConfig core...
eduardoabc_edurdo9/lista.go: Using EditorConfig core...
eduardoabc_edurdo9/lista.go: Using EditorConfig core...
eduardoabc_edurdo9/lista.go: Using EditorConfig core...
eduardoabc_edurdo9/lista.go: Using EditorConfig core...
eduardoabc_edurdo9/lista.go: Using EditorConfig core...
eduardoabc_edurdo9/lista.go: Using EditorConfig core...
eduardoabc_edurdo9/lista.go: Using EditorConfig core...
eduardoabc_edurdo9/lista.go: Using EditorConfig core...
eduardoabc_edurdo9/lista.go: Using EditorConfig core...
eduardoabc_edurdo9/lista.go: Using EditorConfig core...
eduardoabc_edurdo9/lista.go: Using EditorConfig core...
eduardoabc_edurdo9/lista.go: Using EditorConfig core...
eduardoabc_edurdo9/lista.go: Using EditorConfig core...
eduardoabc_edurdo9/lista.go: Using EditorConfig core...
eduardoabc_edurdo9/lista.go: Using EditorConfig core...
eduardoabc_edurdo9/lista.go: Using EditorConfig core...
eduardoabc_edurdo9/lista.go: Using EditorConfig core...
eduardoabc_edurdo9/lista.go: Using EditorConfig core...
eduardoabc_edurdo9/lista.go: Using EditorConfig core...
eduardoabc_edurdo9/lista.go: Using EditorConfig core...
eduardoabc_edurdo9/lista.go: Using EditorConfig core...
eduardoabc_edurdo9/lista.go: Using EditorConfig core...
eduardoabc_edurdo9/lista.go: Using EditorConfig core...
eduardoabc_edurdo9/lista.go: {}
eduardoabc_edurdo9/lista.go: {}
eduardoabc_edurdo9/lista.go: {}
eduardoabc_edurdo9/lista.go: {}
eduardoabc_edurdo9/lista.go: Using EditorConfig core...
eduardoabc_edurdo9/lista.go: Using EditorConfig core...
eduardoabc_edurdo9/lista.go: Using EditorConfig core...
eduardoabc_edurdo9/lista.go: Using EditorConfig core...
eduardoabc_edurdo9/lista.go: {}
eduardoabc_edurdo9/lista.go: {}
eduardoabc_edurdo9/lista.go: {}
eduardoabc_edurdo9/lista.go: Using EditorConfig core...
eduardoabc_edurdo9/lista.go: Using EditorConfig core...
eduardoabc_edurdo9/lista.go: {}
eduardoabc_edurdo9/lista.go: Using EditorConfig core...
eduardoabc_edurdo9/lista.go: {}
eduardoabc_edurdo9/lista.go: Using EditorConfig core...
eduardoabc_edurdo9/lista.go: Using EditorConfig core...
eduardoabc_edurdo9/lista.go: {}
eduardoabc_edurdo9/lista.go: Using EditorConfig core...
