Initializing document watcher...
Document watcher initialized
eduardoabc_edurdo9/Projects/implementacoes/ArrayList.go: {}
eduardoabc_edurdo9/Projects/implementacoes/ArrayList.go: {}
eduardoabc_edurdo9/Projects/implementacoes/ArrayList.go: {}
eduardoabc_edurdo9/Projects/implementacoes/ArrayList.go: {}
eduardoabc_edurdo9/Projects/implementacoes/ArrayList.go: {}
eduardoabc_edurdo9/Projects/implementacoes/ArrayList.go: {}
eduardoabc_edurdo9/Projects/implementacoes/ArrayList.go: {}
eduardoabc_edurdo9/Projects/implementacoes/ArrayList.go: {}
eduardoabc_edurdo9/Projects/implementacoes/ArrayList.go: {}
eduardoabc_edurdo9/Projects/implementacoes/ArrayList.go: {}
eduardoabc_edurdo9/Projects/implementacoes/ArrayList.go: Using EditorConfig core...
eduardoabc_edurdo9/Projects/implementacoes/ArrayList.go: Using EditorConfig core...
eduardoabc_edurdo9/Projects/implementacoes/ArrayList.go: Using EditorConfig core...
eduardoabc_edurdo9/Projects/implementacoes/ArrayList.go: {}
eduardoabc_edurdo9/Projects/implementacoes/ArrayList.go: {}
eduardoabc_edurdo9/Projects/implementacoes/ArrayList.go: {}
eduardoabc_edurdo9/Projects/main.go: {}
eduardoabc_edurdo9/Projects/implementacoes/ArrayList.go: {}
eduardoabc_edurdo9/Projects/main.go: {}
eduardoabc_edurdo9/Projects/implementacoes/ArrayList.go: {}
eduardoabc_edurdo9/README-cloudshell.txt: {}
eduardoabc_edurdo9/Projects/main.go: {}
eduardoabc_edurdo9/Projects/main.go: Using EditorConfig core...
eduardoabc_edurdo9/Projects/main.go: Using EditorConfig core...
eduardoabc_edurdo9/Projects/main.go: Using EditorConfig core...
eduardoabc_edurdo9/Projects/main.go: Using EditorConfig core...
eduardoabc_edurdo9/Projects/main.go: Using EditorConfig core...
eduardoabc_edurdo9/Projects/implementacoes/ArrayList.go: {}
eduardoabc_edurdo9/Projects/implementacoes/ArrayList.go: Using EditorConfig core...
eduardoabc_edurdo9/Projects/implementacoes/ArrayList.go: Using EditorConfig core...
eduardoabc_edurdo9/Projects/implementacoes/ArrayList.go: Using EditorConfig core...
eduardoabc_edurdo9/Projects/main.go: {}
eduardoabc_edurdo9/Projects/main.go: Using EditorConfig core...
eduardoabc_edurdo9/Projects/main.go: {}
eduardoabc_edurdo9/Projects/implementacoes/ArrayList.go: {}
eduardoabc_edurdo9/Projects/implementacoes/ArrayList.go: {}
eduardoabc_edurdo9/Projects/implementacoes/ArrayList.go: Using EditorConfig core...
eduardoabc_edurdo9/Projects/implementacoes/ArrayList.go: {}
eduardoabc_edurdo9/Projects/implementacoes/ArrayList.go: {}
eduardoabc_edurdo9/Projects/implementacoes/ArrayList.go: {}
eduardoabc_edurdo9/Projects/implementacoes/ArrayList.go: Using EditorConfig core...
eduardoabc_edurdo9/Projects/implementacoes/ArrayList.go: Using EditorConfig core...
eduardoabc_edurdo9/Projects/implementacoes/ArrayList.go: Using EditorConfig core...
eduardoabc_edurdo9/Projects/implementacoes/ArrayList.go: Using EditorConfig core...
eduardoabc_edurdo9/Projects/implementacoes/ArrayList.go: Using EditorConfig core...
eduardoabc_edurdo9/Projects/main.go: {}
eduardoabc_edurdo9/Projects/implementacoes/ArrayList.go: {}
eduardoabc_edurdo9/Projects/implementacoes/ArrayList.go: Using EditorConfig core...
eduardoabc_edurdo9/Projects/implementacoes/ArrayList.go: Using EditorConfig core...
eduardoabc_edurdo9/Projects/implementacoes/ArrayList.go: Using EditorConfig core...
eduardoabc_edurdo9/Projects/implementacoes/ArrayList.go: {}
eduardoabc_edurdo9/Projects/main.go: {}
eduardoabc_edurdo9/Projects/implementacoes/ArrayList.go: {}
eduardoabc_edurdo9/Projects/main.go: {}
eduardoabc_edurdo9/Projects/main.go: Using EditorConfig core...
eduardoabc_edurdo9/Projects/main.go: {}
eduardoabc_edurdo9/Projects/implementacoes/ArrayList.go: {}
eduardoabc_edurdo9/Projects/main.go: {}
eduardoabc_edurdo9/Projects/implementacoes/ArrayList.go: {}
eduardoabc_edurdo9/Projects/implementacoes/ArrayList.go: {}
eduardoabc_edurdo9/Projects/implementacoes/ArrayList.go: {}
eduardoabc_edurdo9/Projects/implementacoes/ArrayList.go: {}
eduardoabc_edurdo9/Projects/implementacoes/ArrayList.go: {}
eduardoabc_edurdo9/Projects/implementacoes/ArrayList.go: Using EditorConfig core...
eduardoabc_edurdo9/Projects/implementacoes/ArrayList.go: Using EditorConfig core...
eduardoabc_edurdo9/Projects/implementacoes/ArrayList.go: Using EditorConfig core...
eduardoabc_edurdo9/Projects/implementacoes/ArrayList.go: Using EditorConfig core...
eduardoabc_edurdo9/Projects/implementacoes/ArrayList.go: Using EditorConfig core...
eduardoabc_edurdo9/Projects/implementacoes/ArrayList.go: Using EditorConfig core...
eduardoabc_edurdo9/Projects/implementacoes/ArrayList.go: {}
eduardoabc_edurdo9/Projects/implementacoes/ArrayList.go: Using EditorConfig core...
eduardoabc_edurdo9/Projects/implementacoes/ArrayList.go: Using EditorConfig core...
eduardoabc_edurdo9/Projects/implementacoes/ArrayList.go: Using EditorConfig core...
eduardoabc_edurdo9/Projects/implementacoes/ArrayList.go: Using EditorConfig core...
eduardoabc_edurdo9/Projects/implementacoes/ArrayList.go: Using EditorConfig core...
eduardoabc_edurdo9/Projects/implementacoes/ArrayList.go: Using EditorConfig core...
eduardoabc_edurdo9/Projects/implementacoes/ArrayList.go: Using EditorConfig core...
eduardoabc_edurdo9/Projects/implementacoes/ArrayList.go: Using EditorConfig core...
eduardoabc_edurdo9/Projects/implementacoes/ArrayList.go: Using EditorConfig core...
eduardoabc_edurdo9/Projects/implementacoes/ArrayList.go: {}
eduardoabc_edurdo9/Projects/implementacoes/ArrayList.go: Using EditorConfig core...
eduardoabc_edurdo9/Projects/implementacoes/ArrayList.go: Using EditorConfig core...
eduardoabc_edurdo9/Projects/implementacoes/ArrayList.go: Using EditorConfig core...
eduardoabc_edurdo9/Projects/implementacoes/ArrayList.go: Using EditorConfig core...
eduardoabc_edurdo9/Projects/implementacoes/ArrayList.go: Using EditorConfig core...
eduardoabc_edurdo9/Projects/implementacoes/ArrayList.go: Using EditorConfig core...
eduardoabc_edurdo9/Projects/implementacoes/ArrayList.go: Using EditorConfig core...
eduardoabc_edurdo9/Projects/implementacoes/ArrayList.go: Using EditorConfig core...
eduardoabc_edurdo9/Projects/implementacoes/ArrayList.go: {}
eduardoabc_edurdo9/Projects/implementacoes/ArrayList.go: Using EditorConfig core...
eduardoabc_edurdo9/Projects/implementacoes/ArrayList.go: Using EditorConfig core...
eduardoabc_edurdo9/Projects/implementacoes/ArrayList.go: Using EditorConfig core...
eduardoabc_edurdo9/Projects/implementacoes/ArrayList.go: Using EditorConfig core...
eduardoabc_edurdo9/Projects/implementacoes/ArrayList.go: Using EditorConfig core...
eduardoabc_edurdo9/Projects/implementacoes/ArrayList.go: Using EditorConfig core...
eduardoabc_edurdo9/Projects/implementacoes/ArrayList.go: Using EditorConfig core...
eduardoabc_edurdo9/Projects/implementacoes/ArrayList.go: Using EditorConfig core...
eduardoabc_edurdo9/Projects/implementacoes/ArrayList.go: Using EditorConfig core...
eduardoabc_edurdo9/Projects/implementacoes/ArrayList.go: Using EditorConfig core...
eduardoabc_edurdo9/Projects/implementacoes/ArrayList.go: Using EditorConfig core...
eduardoabc_edurdo9/Projects/implementacoes/ArrayList.go: Using EditorConfig core...
eduardoabc_edurdo9/Projects/implementacoes/ArrayList.go: Using EditorConfig core...
eduardoabc_edurdo9/Projects/implementacoes/ArrayList.go: Using EditorConfig core...
eduardoabc_edurdo9/Projects/implementacoes/ArrayList.go: Using EditorConfig core...
eduardoabc_edurdo9/Projects/implementacoes/ArrayList.go: Using EditorConfig core...
eduardoabc_edurdo9/Projects/implementacoes/ArrayList.go: Using EditorConfig core...
eduardoabc_edurdo9/Projects/implementacoes/ArrayList.go: Using EditorConfig core...
eduardoabc_edurdo9/Projects/implementacoes/ArrayList.go: Using EditorConfig core...
eduardoabc_edurdo9/Projects/implementacoes/ArrayList.go: Using EditorConfig core...
eduardoabc_edurdo9/Projects/implementacoes/ArrayList.go: Using EditorConfig core...
eduardoabc_edurdo9/Projects/implementacoes/ArrayList.go: Using EditorConfig core...
eduardoabc_edurdo9/Projects/implementacoes/ArrayList.go: Using EditorConfig core...
eduardoabc_edurdo9/Projects/implementacoes/ArrayList.go: Using EditorConfig core...
eduardoabc_edurdo9/Projects/implementacoes/ArrayList.go: Using EditorConfig core...
eduardoabc_edurdo9/Projects/implementacoes/ArrayList.go: Using EditorConfig core...
eduardoabc_edurdo9/Projects/implementacoes/ArrayList.go: Using EditorConfig core...
eduardoabc_edurdo9/Projects/implementacoes/ArrayList.go: Using EditorConfig core...
eduardoabc_edurdo9/Projects/implementacoes/ArrayList.go: Using EditorConfig core...
eduardoabc_edurdo9/Projects/implementacoes/ArrayList.go: Using EditorConfig core...
eduardoabc_edurdo9/Projects/implementacoes/ArrayList.go: Using EditorConfig core...
eduardoabc_edurdo9/Projects/implementacoes/ArrayList.go: Using EditorConfig core...
eduardoabc_edurdo9/Projects/implementacoes/ArrayList.go: Using EditorConfig core...
eduardoabc_edurdo9/Projects/implementacoes/ArrayList.go: Using EditorConfig core...
eduardoabc_edurdo9/Projects/implementacoes/ArrayList.go: Using EditorConfig core...
eduardoabc_edurdo9/Projects/implementacoes/ArrayList.go: Using EditorConfig core...
eduardoabc_edurdo9/Projects/implementacoes/ArrayList.go: Using EditorConfig core...
eduardoabc_edurdo9/Projects/implementacoes/ArrayList.go: Using EditorConfig core...
eduardoabc_edurdo9/Projects/implementacoes/ArrayList.go: {}
eduardoabc_edurdo9/Projects/implementacoes/ArrayList.go: Using EditorConfig core...
eduardoabc_edurdo9/Projects/implementacoes/ArrayList.go: Using EditorConfig core...
eduardoabc_edurdo9/Projects/implementacoes/ArrayList.go: Using EditorConfig core...
eduardoabc_edurdo9/Projects/implementacoes/ArrayList.go: Using EditorConfig core...
eduardoabc_edurdo9/Projects/implementacoes/ArrayList.go: Using EditorConfig core...
eduardoabc_edurdo9/Projects/implementacoes/ArrayList.go: Using EditorConfig core...
eduardoabc_edurdo9/Projects/implementacoes/ArrayList.go: Using EditorConfig core...
eduardoabc_edurdo9/Projects/implementacoes/ArrayList.go: Using EditorConfig core...
eduardoabc_edurdo9/Projects/implementacoes/ArrayList.go: Using EditorConfig core...
eduardoabc_edurdo9/Projects/implementacoes/ArrayList.go: Using EditorConfig core...
eduardoabc_edurdo9/Projects/implementacoes/ArrayList.go: Using EditorConfig core...
eduardoabc_edurdo9/Projects/implementacoes/ArrayList.go: {}
eduardoabc_edurdo9/Projects/implementacoes/ArrayList.go: Using EditorConfig core...
eduardoabc_edurdo9/Projects/implementacoes/ArrayList.go: Using EditorConfig core...
eduardoabc_edurdo9/Projects/implementacoes/ArrayList.go: Using EditorConfig core...
eduardoabc_edurdo9/Projects/implementacoes/ArrayList.go: Using EditorConfig core...
eduardoabc_edurdo9/Projects/implementacoes/ArrayList.go: Using EditorConfig core...
eduardoabc_edurdo9/Projects/implementacoes/ArrayList.go: Using EditorConfig core...
eduardoabc_edurdo9/Projects/main.go: {}
eduardoabc_edurdo9/Projects/main.go: Using EditorConfig core...
eduardoabc_edurdo9/Projects/main.go: Using EditorConfig core...
eduardoabc_edurdo9/Projects/main.go: Using EditorConfig core...
eduardoabc_edurdo9/Projects/implementacoes/ArrayList.go: {}
eduardoabc_edurdo9/Projects/implementacoes/ArrayList.go: Using EditorConfig core...
eduardoabc_edurdo9/Projects/implementacoes/ArrayList.go: Using EditorConfig core...
eduardoabc_edurdo9/Projects/implementacoes/ArrayList.go: Using EditorConfig core...
eduardoabc_edurdo9/Projects/implementacoes/ArrayList.go: Using EditorConfig core...
eduardoabc_edurdo9/Projects/implementacoes/ArrayList.go: Using EditorConfig core...
eduardoabc_edurdo9/Projects/implementacoes/ArrayList.go: Using EditorConfig core...
eduardoabc_edurdo9/Projects/implementacoes/ArrayList.go: {}
eduardoabc_edurdo9/Projects/implementacoes/ArrayList.go: {}
eduardoabc_edurdo9/Projects/implementacoes/ArrayList.go: Using EditorConfig core...
eduardoabc_edurdo9/Projects/implementacoes/ArrayList.go: Using EditorConfig core...
eduardoabc_edurdo9/Projects/implementacoes/ArrayList.go: Using EditorConfig core...
eduardoabc_edurdo9/Projects/interfaces/lista.go: {}
eduardoabc_edurdo9/Projects/interfaces/lista.go: Using EditorConfig core...
eduardoabc_edurdo9/Projects/interfaces/lista.go: Using EditorConfig core...
eduardoabc_edurdo9/Projects/implementacoes/ArrayList.go: {}
eduardoabc_edurdo9/Projects/implementacoes/ArrayList.go: Using EditorConfig core...
eduardoabc_edurdo9/Projects/implementacoes/ArrayList.go: Using EditorConfig core...
eduardoabc_edurdo9/Projects/implementacoes/ArrayList.go: Using EditorConfig core...
eduardoabc_edurdo9/Projects/implementacoes/ArrayList.go: Using EditorConfig core...
eduardoabc_edurdo9/Projects/implementacoes/ArrayList.go: Using EditorConfig core...
eduardoabc_edurdo9/Projects/implementacoes/ArrayList.go: Using EditorConfig core...
eduardoabc_edurdo9/Projects/implementacoes/ArrayList.go: Using EditorConfig core...
eduardoabc_edurdo9/Projects/implementacoes/ArrayList.go: Using EditorConfig core...
eduardoabc_edurdo9/Projects/implementacoes/ArrayList.go: {}
eduardoabc_edurdo9/Projects/implementacoes/ArrayList.go: Using EditorConfig core...
eduardoabc_edurdo9/Projects/implementacoes/ArrayList.go: Using EditorConfig core...
eduardoabc_edurdo9/Projects/implementacoes/ArrayList.go: Using EditorConfig core...
eduardoabc_edurdo9/Projects/main.go: {}
eduardoabc_edurdo9/Projects/main.go: Using EditorConfig core...
eduardoabc_edurdo9/Projects/main.go: Using EditorConfig core...
eduardoabc_edurdo9/Projects/main.go: Using EditorConfig core...
eduardoabc_edurdo9/Projects/main.go: Using EditorConfig core...
eduardoabc_edurdo9/Projects/main.go: Using EditorConfig core...
eduardoabc_edurdo9/Projects/implementacoes/ArrayList.go: {}
eduardoabc_edurdo9/Projects/implementacoes/ArrayList.go: {}
eduardoabc_edurdo9/Projects/implementacoes/ArrayList.go: Using EditorConfig core...
eduardoabc_edurdo9/Projects/interfaces/lista.go: {}
eduardoabc_edurdo9/Projects/interfaces/lista.go: Using EditorConfig core...
eduardoabc_edurdo9/Projects/implementacoes/ArrayList.go: {}
eduardoabc_edurdo9/Projects/main.go: {}
eduardoabc_edurdo9/Projects/main.go: Using EditorConfig core...
eduardoabc_edurdo9/Projects/main.go: Using EditorConfig core...
eduardoabc_edurdo9/Projects/main.go: {}
eduardoabc_edurdo9/Projects/implementacoes/ArrayList.go: {}
eduardoabc_edurdo9/Projects/implementacoes/ArrayList.go: Using EditorConfig core...
eduardoabc_edurdo9/Projects/implementacoes/ArrayList.go: Using EditorConfig core...
eduardoabc_edurdo9/Projects/implementacoes/ArrayList.go: Using EditorConfig core...
eduardoabc_edurdo9/Projects/implementacoes/ArrayList.go: {}
eduardoabc_edurdo9/Projects/implementacoes/ArrayList.go: Using EditorConfig core...
eduardoabc_edurdo9/Projects/implementacoes/ArrayList.go: Using EditorConfig core...
eduardoabc_edurdo9/Projects/implementacoes/ArrayList.go: Using EditorConfig core...
eduardoabc_edurdo9/Projects/implementacoes/ArrayList.go: Using EditorConfig core...
eduardoabc_edurdo9/Projects/implementacoes/ArrayList.go: Using EditorConfig core...
eduardoabc_edurdo9/Projects/implementacoes/ArrayList.go: {}
eduardoabc_edurdo9/Projects/implementacoes/ArrayList.go: Using EditorConfig core...
eduardoabc_edurdo9/Projects/implementacoes/ArrayList.go: Using EditorConfig core...
eduardoabc_edurdo9/Projects/implementacoes/ArrayList.go: Using EditorConfig core...
eduardoabc_edurdo9/Projects/implementacoes/ArrayList.go: Using EditorConfig core...
eduardoabc_edurdo9/Projects/implementacoes/ArrayList.go: Using EditorConfig core...
eduardoabc_edurdo9/Projects/implementacoes/ArrayList.go: Using EditorConfig core...
eduardoabc_edurdo9/Projects/implementacoes/ArrayList.go: {}
eduardoabc_edurdo9/Projects/implementacoes/ArrayList.go: Using EditorConfig core...
eduardoabc_edurdo9/Projects/implementacoes/ArrayList.go: Using EditorConfig core...
eduardoabc_edurdo9/Projects/implementacoes/ArrayList.go: Using EditorConfig core...
eduardoabc_edurdo9/Projects/implementacoes/ArrayList.go: Using EditorConfig core...
eduardoabc_edurdo9/Projects/implementacoes/ArrayList.go: Using EditorConfig core...
eduardoabc_edurdo9/Projects/implementacoes/ArrayList.go: Using EditorConfig core...
eduardoabc_edurdo9/Projects/implementacoes/ArrayList.go: Using EditorConfig core...
eduardoabc_edurdo9/Projects/implementacoes/ArrayList.go: Using EditorConfig core...
eduardoabc_edurdo9/Projects/implementacoes/ArrayList.go: Using EditorConfig core...
eduardoabc_edurdo9/Projects/implementacoes/ArrayList.go: {}
eduardoabc_edurdo9/Projects/main.go: {}
eduardoabc_edurdo9/Projects/main.go: {}
eduardoabc_edurdo9/Projects/implementacoes/ArrayList.go: {}
eduardoabc_edurdo9/Projects/main.go: {}
eduardoabc_edurdo9/Projects/main.go: Using EditorConfig core...
eduardoabc_edurdo9/Projects/main.go: {}
eduardoabc_edurdo9/Projects/implementacoes/ArrayList.go: {}
eduardoabc_edurdo9/Projects/implementacoes/ArrayList.go: Using EditorConfig core...
eduardoabc_edurdo9/Projects/implementacoes/ArrayList.go: Using EditorConfig core...
eduardoabc_edurdo9/Projects/implementacoes/ArrayList.go: Using EditorConfig core...
eduardoabc_edurdo9/Projects/implementacoes/ArrayList.go: Using EditorConfig core...
eduardoabc_edurdo9/Projects/implementacoes/ArrayList.go: Using EditorConfig core...
eduardoabc_edurdo9/Projects/implementacoes/ArrayList.go: Using EditorConfig core...
eduardoabc_edurdo9/Projects/main.go: {}
eduardoabc_edurdo9/Projects/main.go: Using EditorConfig core...
eduardoabc_edurdo9/Projects/main.go: {}
eduardoabc_edurdo9/Projects/main.go: Using EditorConfig core...
eduardoabc_edurdo9/Projects/main.go: Using EditorConfig core...
eduardoabc_edurdo9/Projects/main.go: Using EditorConfig core...
eduardoabc_edurdo9/Projects/main.go: Using EditorConfig core...
eduardoabc_edurdo9/Projects/main.go: Using EditorConfig core...
eduardoabc_edurdo9/Projects/main.go: Using EditorConfig core...
eduardoabc_edurdo9/Projects/main.go: {}
eduardoabc_edurdo9/Projects/implementacoes/ArrayList.go: {}
eduardoabc_edurdo9/Projects/implementacoes/ArrayList.go: Using EditorConfig core...
eduardoabc_edurdo9/Projects/implementacoes/ArrayList.go: Using EditorConfig core...
eduardoabc_edurdo9/Projects/implementacoes/ArrayList.go: Using EditorConfig core...
eduardoabc_edurdo9/Projects/implementacoes/ArrayList.go: Using EditorConfig core...
eduardoabc_edurdo9/Projects/implementacoes/ArrayList.go: Using EditorConfig core...
eduardoabc_edurdo9/Projects/implementacoes/ArrayList.go: Using EditorConfig core...
eduardoabc_edurdo9/Projects/implementacoes/ArrayList.go: {}
eduardoabc_edurdo9/Projects/implementacoes/ArrayList.go: Using EditorConfig core...
eduardoabc_edurdo9/Projects/implementacoes/ArrayList.go: Using EditorConfig core...
eduardoabc_edurdo9/Projects/implementacoes/ArrayList.go: {}
eduardoabc_edurdo9/Projects/implementacoes/ArrayList.go: Using EditorConfig core...
eduardoabc_edurdo9/Projects/implementacoes/ArrayList.go: {}
eduardoabc_edurdo9/Projects/implementacoes/ArrayList.go: Using EditorConfig core...
eduardoabc_edurdo9/Projects/implementacoes/ArrayList.go: {}
eduardoabc_edurdo9/Projects/main.go: {}
eduardoabc_edurdo9/Projects/main.go: {}
eduardoabc_edurdo9/Projects/implementacoes/ArrayList.go: {}
eduardoabc_edurdo9/Projects/implementacoes/ArrayList.go: {}
eduardoabc_edurdo9/Projects/implementacoes/ArrayList.go: Using EditorConfig core...
eduardoabc_edurdo9/Projects/implementacoes/ArrayList.go: Using EditorConfig core...
eduardoabc_edurdo9/Projects/implementacoes/ArrayList.go: {}
eduardoabc_edurdo9/Projects/implementacoes/ArrayList.go: {}
eduardoabc_edurdo9/Projects/implementacoes/ArrayList.go: {}
eduardoabc_edurdo9/Projects/implementacoes/ArrayList.go: Using EditorConfig core...
eduardoabc_edurdo9/Projects/implementacoes/ArrayList.go: Using EditorConfig core...
eduardoabc_edurdo9/Projects/implementacoes/ArrayList.go: Using EditorConfig core...
eduardoabc_edurdo9/Projects/implementacoes/ArrayList.go: Using EditorConfig core...
eduardoabc_edurdo9/Projects/implementacoes/ArrayList.go: Using EditorConfig core...
eduardoabc_edurdo9/Projects/implementacoes/ArrayList.go: Using EditorConfig core...
eduardoabc_edurdo9/Projects/main.go: {}
eduardoabc_edurdo9/Projects/main.go: Using EditorConfig core...
eduardoabc_edurdo9/Projects/main.go: {}
eduardoabc_edurdo9/Projects/implementacoes/ArrayList.go: {}
eduardoabc_edurdo9/Projects/implementacoes/ArrayList.go: {}
eduardoabc_edurdo9/Projects/main.go: {}
eduardoabc_edurdo9/Projects/main.go: Using EditorConfig core...
eduardoabc_edurdo9/Projects/main.go: Using EditorConfig core...
eduardoabc_edurdo9/Projects/main.go: Using EditorConfig core...
eduardoabc_edurdo9/Projects/main.go: {}
eduardoabc_edurdo9/Projects/main.go: Using EditorConfig core...
eduardoabc_edurdo9/Projects/main.go: Using EditorConfig core...
eduardoabc_edurdo9/Projects/main.go: {}
eduardoabc_edurdo9/Projects/implementacoes/ArrayList.go: {}
eduardoabc_edurdo9/Projects/implementacoes/ArrayList.go: Using EditorConfig core...
eduardoabc_edurdo9/Projects/implementacoes/ArrayList.go: Using EditorConfig core...
eduardoabc_edurdo9/Projects/implementacoes/ArrayList.go: Using EditorConfig core...
eduardoabc_edurdo9/Projects/implementacoes/ArrayList.go: {}
eduardoabc_edurdo9/Projects/implementacoes/ArrayList.go: Using EditorConfig core...
eduardoabc_edurdo9/Projects/implementacoes/ArrayList.go: {}
eduardoabc_edurdo9/Projects/implementacoes/ArrayList.go: Using EditorConfig core...
eduardoabc_edurdo9/Projects/implementacoes/ArrayList.go: Using EditorConfig core...
eduardoabc_edurdo9/Projects/main.go: {}
eduardoabc_edurdo9/Projects/main.go: Using EditorConfig core...
eduardoabc_edurdo9/Projects/main.go: Using EditorConfig core...
eduardoabc_edurdo9/Projects/main.go: Using EditorConfig core...
eduardoabc_edurdo9/Projects/main.go: {}
eduardoabc_edurdo9/Projects/implementacoes/ArrayList.go: {}
eduardoabc_edurdo9/Projects/implementacoes/ArrayList.go: Using EditorConfig core...
eduardoabc_edurdo9/Projects/implementacoes/ArrayList.go: {}
eduardoabc_edurdo9/Projects/implementacoes/ArrayList.go: Using EditorConfig core...
eduardoabc_edurdo9/Projects/implementacoes/ArrayList.go: Using EditorConfig core...
eduardoabc_edurdo9/Projects/implementacoes/ArrayList.go: {}
eduardoabc_edurdo9/Projects/main.go: {}
eduardoabc_edurdo9/Projects/main.go: Using EditorConfig core...
eduardoabc_edurdo9/Projects/main.go: Using EditorConfig core...
eduardoabc_edurdo9/Projects/main.go: {}
eduardoabc_edurdo9/Projects/implementacoes/ArrayList.go: {}
eduardoabc_edurdo9/Projects/implementacoes/ArrayList.go: Using EditorConfig core...
eduardoabc_edurdo9/Projects/implementacoes/ArrayList.go: Using EditorConfig core...
eduardoabc_edurdo9/Projects/implementacoes/ArrayList.go: Using EditorConfig core...
eduardoabc_edurdo9/Projects/implementacoes/ArrayList.go: Using EditorConfig core...
eduardoabc_edurdo9/Projects/implementacoes/ArrayList.go: Using EditorConfig core...
eduardoabc_edurdo9/Projects/implementacoes/ArrayList.go: Using EditorConfig core...
eduardoabc_edurdo9/Projects/main.go: {}
eduardoabc_edurdo9/Projects/main.go: Using EditorConfig core...
eduardoabc_edurdo9/Projects/main.go: Using EditorConfig core...
eduardoabc_edurdo9/Projects/main.go: Using EditorConfig core...
eduardoabc_edurdo9/Projects/main.go: Using EditorConfig core...
eduardoabc_edurdo9/Projects/main.go: Using EditorConfig core...
eduardoabc_edurdo9/Projects/main.go: {}
eduardoabc_edurdo9/Projects/implementacoes/ArrayList.go: {}
eduardoabc_edurdo9/Projects/implementacoes/ArrayList.go: Using EditorConfig core...
eduardoabc_edurdo9/Projects/implementacoes/ArrayList.go: Using EditorConfig core...
eduardoabc_edurdo9/Projects/implementacoes/ArrayList.go: {}
eduardoabc_edurdo9/Projects/implementacoes/ArrayList.go: {}
eduardoabc_edurdo9/Projects/implementacoes/ArrayList.go: {}
eduardoabc_edurdo9/Projects/implementacoes/ArrayList.go: Using EditorConfig core...
eduardoabc_edurdo9/Projects/implementacoes/ArrayList.go: Using EditorConfig core...
eduardoabc_edurdo9/Projects/implementacoes/ArrayList.go: Using EditorConfig core...
eduardoabc_edurdo9/Projects/implementacoes/ArrayList.go: Using EditorConfig core...
eduardoabc_edurdo9/Projects/implementacoes/ArrayList.go: Using EditorConfig core...
eduardoabc_edurdo9/Projects/implementacoes/ArrayList.go: Using EditorConfig core...
eduardoabc_edurdo9/Projects/implementacoes/ArrayList.go: Using EditorConfig core...
eduardoabc_edurdo9/Projects/implementacoes/ArrayList.go: Using EditorConfig core...
eduardoabc_edurdo9/Projects/implementacoes/ArrayList.go: Using EditorConfig core...
eduardoabc_edurdo9/Projects/implementacoes/ArrayList.go: Using EditorConfig core...
eduardoabc_edurdo9/Projects/implementacoes/ArrayList.go: Using EditorConfig core...
eduardoabc_edurdo9/Projects/implementacoes/ArrayList.go: Using EditorConfig core...
eduardoabc_edurdo9/Projects/implementacoes/ArrayList.go: Using EditorConfig core...
eduardoabc_edurdo9/Projects/implementacoes/ArrayList.go: Using EditorConfig core...
eduardoabc_edurdo9/Projects/implementacoes/ArrayList.go: Using EditorConfig core...
eduardoabc_edurdo9/Projects/implementacoes/ArrayList.go: Using EditorConfig core...
eduardoabc_edurdo9/Projects/implementacoes/ArrayList.go: Using EditorConfig core...
eduardoabc_edurdo9/Projects/implementacoes/ArrayList.go: Using EditorConfig core...
eduardoabc_edurdo9/Projects/implementacoes/ArrayList.go: Using EditorConfig core...
eduardoabc_edurdo9/Projects/implementacoes/ArrayList.go: Using EditorConfig core...
eduardoabc_edurdo9/Projects/implementacoes/ArrayList.go: Using EditorConfig core...
eduardoabc_edurdo9/Projects/implementacoes/ArrayList.go: Using EditorConfig core...
eduardoabc_edurdo9/Projects/implementacoes/ArrayList.go: Using EditorConfig core...
eduardoabc_edurdo9/Projects/implementacoes/ArrayList.go: Using EditorConfig core...
eduardoabc_edurdo9/Projects/implementacoes/ArrayList.go: Using EditorConfig core...
eduardoabc_edurdo9/Projects/implementacoes/ArrayList.go: Using EditorConfig core...
eduardoabc_edurdo9/Projects/implementacoes/ArrayList.go: Using EditorConfig core...
eduardoabc_edurdo9/Projects/implementacoes/ArrayList.go: Using EditorConfig core...
eduardoabc_edurdo9/Projects/implementacoes/ArrayList.go: Using EditorConfig core...
eduardoabc_edurdo9/Projects/main.go: {}
eduardoabc_edurdo9/Projects/main.go: Using EditorConfig core...
eduardoabc_edurdo9/Projects/main.go: Using EditorConfig core...
eduardoabc_edurdo9/Projects/main.go: Using EditorConfig core...
eduardoabc_edurdo9/Projects/main.go: Using EditorConfig core...
eduardoabc_edurdo9/Projects/main.go: {}
eduardoabc_edurdo9/Projects/main.go: {}
eduardoabc_edurdo9/Projects/main.go: {}
eduardoabc_edurdo9/Projects/main.go: {}
eduardoabc_edurdo9/Projects/main.go: {}
eduardoabc_edurdo9/Projects/main.go: {}
eduardoabc_edurdo9/Projects/main.go: {}
eduardoabc_edurdo9/Projects/implementacoes/ArrayList.go: {}
eduardoabc_edurdo9/Projects/interfaces/lista.go: {}
eduardoabc_edurdo9/Projects/main.go: {}
eduardoabc_edurdo9/Projects/implementacoes/ArrayList.go: {}
eduardoabc_edurdo9/Projects/implementacoes/ArrayList.go: {}
eduardoabc_edurdo9/Projects/interfaces/lista.go: {}
eduardoabc_edurdo9/Projects/main.go: {}
eduardoabc_edurdo9/Projects/implementacoes/ArrayList.go: {}
eduardoabc_edurdo9/Projects/interfaces/lista.go: {}
eduardoabc_edurdo9/Projects/main.go: {}
eduardoabc_edurdo9/README-cloudshell.txt: {}
eduardoabc_edurdo9/Projects/implementacoes/ArrayList.go: {}
eduardoabc_edurdo9/Projects/implementacoes/ArrayList.go: {}
eduardoabc_edurdo9/Projects/go.mod: {}
eduardoabc_edurdo9/gopath/pkg/mod/github.com/golang/vscode-go@v0.41.4/README.md: {"insertSpaces":false,"tabSize":4}
